2019-12-15 18:05:34,702 run line54 [INFO][run] ******************** start pipeline ********************
2019-12-15 18:05:34,702 runner line75 [INFO][run_train_cv] 20191215_180534_ModelXGB - start training cv
2019-12-15 18:05:34,702 runner line84 [INFO][run_train_cv] 20191215_180534_ModelXGB fold 0 - start training
2019-12-15 18:05:34,755 runner line86 [INFO][run_train_cv] 20191215_180534_ModelXGB fold 0 - end training - score 0.6432
2019-12-15 18:05:34,755 runner line91 [DEBUG][run_train_cv] save model 0
2019-12-15 18:05:34,755 runner line84 [INFO][run_train_cv] 20191215_180534_ModelXGB fold 1 - start training
2019-12-15 18:05:34,797 runner line86 [INFO][run_train_cv] 20191215_180534_ModelXGB fold 1 - end training - score 0.6595
2019-12-15 18:05:34,797 runner line91 [DEBUG][run_train_cv] save model 1
2019-12-15 18:05:34,797 runner line84 [INFO][run_train_cv] 20191215_180534_ModelXGB fold 2 - start training
2019-12-15 18:05:34,831 runner line86 [INFO][run_train_cv] 20191215_180534_ModelXGB fold 2 - end training - score 0.6167
2019-12-15 18:05:34,831 runner line91 [DEBUG][run_train_cv] save model 2
2019-12-15 18:05:34,832 runner line84 [INFO][run_train_cv] 20191215_180534_ModelXGB fold 3 - start training
2019-12-15 18:05:34,864 runner line86 [INFO][run_train_cv] 20191215_180534_ModelXGB fold 3 - end training - score 0.6443
2019-12-15 18:05:34,865 runner line91 [DEBUG][run_train_cv] save model 3
2019-12-15 18:05:34,865 runner line104 [INFO][run_train_cv] 20191215_180534_ModelXGB - end training cv - score mean:0.6409, std:0.0154
2019-12-15 18:05:34,875 runner line118 [INFO][run_predict_cv] 20191215_180534_ModelXGB - start prediction cv
2019-12-15 18:05:34,878 runner line131 [INFO][run_predict_cv] 20191215_180534_ModelXGB- end prediction fold:0/3
2019-12-15 18:05:34,880 runner line131 [INFO][run_predict_cv] 20191215_180534_ModelXGB- end prediction fold:1/3
2019-12-15 18:05:34,882 runner line131 [INFO][run_predict_cv] 20191215_180534_ModelXGB- end prediction fold:2/3
2019-12-15 18:05:34,885 runner line131 [INFO][run_predict_cv] 20191215_180534_ModelXGB- end prediction fold:3/3
2019-12-15 18:05:34,889 runner line140 [INFO][run_predict_cv] 20191215_180534_ModelXGB - end prediction cv
2019-12-15 18:05:34,889 run line58 [INFO][run] ******************** end pipeline ********************
