2019-12-20 10:04:10,188 run line56 [INFO][run] ********************************************************
2019-12-20 10:04:10,188 run line57 [INFO][run] ******************** start pipeline ********************
2019-12-20 10:04:10,188 run line58 [INFO][run] ********************************************************
2019-12-20 10:04:10,188 runner line75 [INFO][run_train_cv] 20191220_100410_ModelXGB - start training cv
2019-12-20 10:04:10,188 runner line84 [INFO][run_train_cv] 20191220_100410_ModelXGB fold 0 - start training
2019-12-20 10:04:10,203 runner line86 [INFO][run_train_cv] 20191220_100410_ModelXGB fold 0 - end training - score 0.6847
2019-12-20 10:04:10,203 runner line91 [DEBUG][run_train_cv] save model 0
2019-12-20 10:04:10,203 runner line84 [INFO][run_train_cv] 20191220_100410_ModelXGB fold 1 - start training
2019-12-20 10:04:10,227 runner line86 [INFO][run_train_cv] 20191220_100410_ModelXGB fold 1 - end training - score 0.6843
2019-12-20 10:04:10,228 runner line91 [DEBUG][run_train_cv] save model 1
2019-12-20 10:04:10,228 runner line104 [INFO][run_train_cv] 20191220_100410_ModelXGB - end training cv - oof score mean:0.6845, std:0.0002
2019-12-20 10:04:10,234 runner line118 [INFO][run_predict_cv] 20191220_100410_ModelXGB - start prediction cv
2019-12-20 10:04:10,236 runner line131 [INFO][run_predict_cv] 20191220_100410_ModelXGB- end prediction fold:0/1
2019-12-20 10:04:10,237 runner line131 [INFO][run_predict_cv] 20191220_100410_ModelXGB- end prediction fold:1/1
2019-12-20 10:04:10,239 runner line140 [INFO][run_predict_cv] 20191220_100410_ModelXGB - end prediction cv
2019-12-20 10:04:10,239 run line62 [INFO][run] ********************************************************
2019-12-20 10:04:10,239 run line63 [INFO][run] ********************* end pipeline *********************
2019-12-20 10:04:10,239 run line64 [INFO][run] ********************************************************
2019-12-20 10:04:10,240 run line56 [INFO][run] ********************************************************
2019-12-20 10:04:10,240 run line56 [INFO][run] ********************************************************
2019-12-20 10:04:10,240 run line57 [INFO][run] ******************** start pipeline ********************
2019-12-20 10:04:10,240 run line57 [INFO][run] ******************** start pipeline ********************
2019-12-20 10:04:10,241 run line58 [INFO][run] ********************************************************
2019-12-20 10:04:10,241 run line58 [INFO][run] ********************************************************
2019-12-20 10:04:10,241 runner line75 [INFO][run_train_cv] 20191220_100410_ModelXGB - start training cv
2019-12-20 10:04:10,241 runner line75 [INFO][run_train_cv] 20191220_100410_ModelXGB - start training cv
2019-12-20 10:04:10,241 runner line84 [INFO][run_train_cv] 20191220_100410_ModelXGB fold 0 - start training
2019-12-20 10:04:10,241 runner line84 [INFO][run_train_cv] 20191220_100410_ModelXGB fold 0 - start training
2019-12-20 10:04:10,265 runner line86 [INFO][run_train_cv] 20191220_100410_ModelXGB fold 0 - end training - score 0.6847
2019-12-20 10:04:10,265 runner line86 [INFO][run_train_cv] 20191220_100410_ModelXGB fold 0 - end training - score 0.6847
2019-12-20 10:04:10,265 runner line91 [DEBUG][run_train_cv] save model 0
2019-12-20 10:04:10,265 runner line91 [DEBUG][run_train_cv] save model 0
2019-12-20 10:04:10,265 runner line84 [INFO][run_train_cv] 20191220_100410_ModelXGB fold 1 - start training
2019-12-20 10:04:10,265 runner line84 [INFO][run_train_cv] 20191220_100410_ModelXGB fold 1 - start training
2019-12-20 10:04:10,281 runner line86 [INFO][run_train_cv] 20191220_100410_ModelXGB fold 1 - end training - score 0.6843
2019-12-20 10:04:10,281 runner line86 [INFO][run_train_cv] 20191220_100410_ModelXGB fold 1 - end training - score 0.6843
2019-12-20 10:04:10,281 runner line91 [DEBUG][run_train_cv] save model 1
2019-12-20 10:04:10,281 runner line91 [DEBUG][run_train_cv] save model 1
2019-12-20 10:04:10,281 runner line104 [INFO][run_train_cv] 20191220_100410_ModelXGB - end training cv - oof score mean:0.6845, std:0.0002
2019-12-20 10:04:10,281 runner line104 [INFO][run_train_cv] 20191220_100410_ModelXGB - end training cv - oof score mean:0.6845, std:0.0002
2019-12-20 10:04:10,288 runner line118 [INFO][run_predict_cv] 20191220_100410_ModelXGB - start prediction cv
2019-12-20 10:04:10,288 runner line118 [INFO][run_predict_cv] 20191220_100410_ModelXGB - start prediction cv
2019-12-20 10:04:10,290 runner line131 [INFO][run_predict_cv] 20191220_100410_ModelXGB- end prediction fold:0/1
2019-12-20 10:04:10,290 runner line131 [INFO][run_predict_cv] 20191220_100410_ModelXGB- end prediction fold:0/1
2019-12-20 10:04:10,291 runner line131 [INFO][run_predict_cv] 20191220_100410_ModelXGB- end prediction fold:1/1
2019-12-20 10:04:10,291 runner line131 [INFO][run_predict_cv] 20191220_100410_ModelXGB- end prediction fold:1/1
2019-12-20 10:04:10,293 runner line140 [INFO][run_predict_cv] 20191220_100410_ModelXGB - end prediction cv
2019-12-20 10:04:10,293 runner line140 [INFO][run_predict_cv] 20191220_100410_ModelXGB - end prediction cv
2019-12-20 10:04:10,293 run line62 [INFO][run] ********************************************************
2019-12-20 10:04:10,293 run line62 [INFO][run] ********************************************************
2019-12-20 10:04:10,293 run line63 [INFO][run] ********************* end pipeline *********************
2019-12-20 10:04:10,293 run line63 [INFO][run] ********************* end pipeline *********************
2019-12-20 10:04:10,294 run line64 [INFO][run] ********************************************************
2019-12-20 10:04:10,294 run line64 [INFO][run] ********************************************************
