2019-12-20 09:01:25,351 run line55 [INFO][run] ********************************************************
2019-12-20 09:01:25,351 run line56 [INFO][run] ******************** start pipeline ********************
2019-12-20 09:01:25,351 run line57 [INFO][run] ********************************************************
2019-12-20 09:01:25,351 runner line75 [INFO][run_train_cv] 20191220_090125_ModelXGB - start training cv
2019-12-20 09:01:25,351 runner line84 [INFO][run_train_cv] 20191220_090125_ModelXGB fold 0 - start training
2019-12-20 09:01:26,023 runner line86 [INFO][run_train_cv] 20191220_090125_ModelXGB fold 0 - end training - score 0.6387
2019-12-20 09:01:26,024 runner line91 [DEBUG][run_train_cv] save model 0
2019-12-20 09:01:26,025 runner line84 [INFO][run_train_cv] 20191220_090125_ModelXGB fold 1 - start training
2019-12-20 09:01:26,386 runner line86 [INFO][run_train_cv] 20191220_090125_ModelXGB fold 1 - end training - score 0.6611
2019-12-20 09:01:26,386 runner line91 [DEBUG][run_train_cv] save model 1
2019-12-20 09:01:26,386 runner line84 [INFO][run_train_cv] 20191220_090125_ModelXGB fold 2 - start training
2019-12-20 09:01:27,832 runner line86 [INFO][run_train_cv] 20191220_090125_ModelXGB fold 2 - end training - score 0.5988
2019-12-20 09:01:27,833 runner line91 [DEBUG][run_train_cv] save model 2
2019-12-20 09:01:27,833 runner line84 [INFO][run_train_cv] 20191220_090125_ModelXGB fold 3 - start training
2019-12-20 09:01:28,761 runner line86 [INFO][run_train_cv] 20191220_090125_ModelXGB fold 3 - end training - score 0.6369
2019-12-20 09:01:28,762 runner line91 [DEBUG][run_train_cv] save model 3
2019-12-20 09:01:28,762 runner line104 [INFO][run_train_cv] 20191220_090125_ModelXGB - end training cv - oof score mean:0.6339, std:0.0224
2019-12-20 09:01:28,771 runner line118 [INFO][run_predict_cv] 20191220_090125_ModelXGB - start prediction cv
2019-12-20 09:01:28,774 runner line131 [INFO][run_predict_cv] 20191220_090125_ModelXGB- end prediction fold:0/3
2019-12-20 09:01:28,777 runner line131 [INFO][run_predict_cv] 20191220_090125_ModelXGB- end prediction fold:1/3
2019-12-20 09:01:28,781 runner line131 [INFO][run_predict_cv] 20191220_090125_ModelXGB- end prediction fold:2/3
2019-12-20 09:01:28,785 runner line131 [INFO][run_predict_cv] 20191220_090125_ModelXGB- end prediction fold:3/3
2019-12-20 09:01:28,789 runner line140 [INFO][run_predict_cv] 20191220_090125_ModelXGB - end prediction cv
2019-12-20 09:01:28,790 run line61 [INFO][run] ********************************************************
2019-12-20 09:01:28,790 run line62 [INFO][run] ********************* end pipeline *********************
2019-12-20 09:01:28,790 run line63 [INFO][run] ********************************************************
