2019-12-14 17:46:07,928 run line75 [INFO][<module>] ******************** start pipeline ********************
2019-12-14 17:46:07,928 runner line70 [INFO][run_train_cv] 20191214_174607_ModelXGB - start training cv
2019-12-14 17:46:07,928 runner line79 [INFO][run_train_cv] 20191214_174607_ModelXGB fold 0 - start training
2019-12-14 17:46:07,967 runner line81 [INFO][run_train_cv] 20191214_174607_ModelXGB fold 0 - end training - score 0.6587497357811246
2019-12-14 17:46:07,967 runner line79 [INFO][run_train_cv] 20191214_174607_ModelXGB fold 1 - start training
2019-12-14 17:46:08,002 runner line81 [INFO][run_train_cv] 20191214_174607_ModelXGB fold 1 - end training - score 0.6664849961442607
2019-12-14 17:46:08,003 runner line79 [INFO][run_train_cv] 20191214_174607_ModelXGB fold 2 - start training
2019-12-14 17:46:08,038 runner line81 [INFO][run_train_cv] 20191214_174607_ModelXGB fold 2 - end training - score 0.6521935257044705
2019-12-14 17:46:08,039 runner line79 [INFO][run_train_cv] 20191214_174607_ModelXGB fold 3 - start training
2019-12-14 17:46:08,071 runner line81 [INFO][run_train_cv] 20191214_174607_ModelXGB fold 3 - end training - score 0.6572732567787171
2019-12-14 17:46:08,072 runner line97 [INFO][run_train_cv] 20191214_174607_ModelXGB - end training cv - score 0.6586753786021432
2019-12-14 17:46:08,072 runner line109 [INFO][run_predict_cv] 20191214_174607_ModelXGB - start prediction cv
2019-12-14 17:46:08,073 runner line117 [INFO][run_predict_cv] 20191214_174607_ModelXGB - start prediction fold:0
2019-12-14 17:46:08,076 runner line122 [INFO][run_predict_cv] 20191214_174607_ModelXGB - end prediction fold:0
2019-12-14 17:46:08,076 runner line117 [INFO][run_predict_cv] 20191214_174607_ModelXGB - start prediction fold:1
2019-12-14 17:46:08,079 runner line122 [INFO][run_predict_cv] 20191214_174607_ModelXGB - end prediction fold:1
2019-12-14 17:46:08,079 runner line117 [INFO][run_predict_cv] 20191214_174607_ModelXGB - start prediction fold:2
2019-12-14 17:46:08,081 runner line122 [INFO][run_predict_cv] 20191214_174607_ModelXGB - end prediction fold:2
2019-12-14 17:46:08,082 runner line117 [INFO][run_predict_cv] 20191214_174607_ModelXGB - start prediction fold:3
2019-12-14 17:46:08,084 runner line122 [INFO][run_predict_cv] 20191214_174607_ModelXGB - end prediction fold:3
2019-12-14 17:46:08,084 runner line130 [INFO][run_predict_cv] 20191214_174607_ModelXGB - end prediction cv
2019-12-14 17:46:08,084 run line79 [INFO][<module>] ******************** end pipeline ********************
2019-12-14 17:46:08,084 run line80 [DEBUG][<module>] this is debug
