2019-12-16 17:33:50,752 run line54 [INFO][run] ******************** start pipeline ********************
2019-12-16 17:33:50,753 runner line75 [INFO][run_train_cv] 20191216_173350_ModelXGB - start training cv
2019-12-16 17:33:50,753 runner line84 [INFO][run_train_cv] 20191216_173350_ModelXGB fold 0 - start training
2019-12-16 17:33:50,790 runner line86 [INFO][run_train_cv] 20191216_173350_ModelXGB fold 0 - end training - score 0.6432
2019-12-16 17:33:50,790 runner line91 [DEBUG][run_train_cv] save model 0
2019-12-16 17:33:50,790 runner line84 [INFO][run_train_cv] 20191216_173350_ModelXGB fold 1 - start training
2019-12-16 17:33:50,824 runner line86 [INFO][run_train_cv] 20191216_173350_ModelXGB fold 1 - end training - score 0.6595
2019-12-16 17:33:50,825 runner line91 [DEBUG][run_train_cv] save model 1
2019-12-16 17:33:50,825 runner line84 [INFO][run_train_cv] 20191216_173350_ModelXGB fold 2 - start training
2019-12-16 17:33:50,861 runner line86 [INFO][run_train_cv] 20191216_173350_ModelXGB fold 2 - end training - score 0.6167
2019-12-16 17:33:50,861 runner line91 [DEBUG][run_train_cv] save model 2
2019-12-16 17:33:50,861 runner line84 [INFO][run_train_cv] 20191216_173350_ModelXGB fold 3 - start training
2019-12-16 17:33:50,895 runner line86 [INFO][run_train_cv] 20191216_173350_ModelXGB fold 3 - end training - score 0.6443
2019-12-16 17:33:50,895 runner line91 [DEBUG][run_train_cv] save model 3
2019-12-16 17:33:50,896 runner line104 [INFO][run_train_cv] 20191216_173350_ModelXGB - end training cv - oof score mean:0.6409, std:0.0154
2019-12-16 17:33:50,904 runner line118 [INFO][run_predict_cv] 20191216_173350_ModelXGB - start prediction cv
2019-12-16 17:33:50,907 runner line131 [INFO][run_predict_cv] 20191216_173350_ModelXGB- end prediction fold:0/3
2019-12-16 17:33:50,909 runner line131 [INFO][run_predict_cv] 20191216_173350_ModelXGB- end prediction fold:1/3
2019-12-16 17:33:50,912 runner line131 [INFO][run_predict_cv] 20191216_173350_ModelXGB- end prediction fold:2/3
2019-12-16 17:33:50,914 runner line131 [INFO][run_predict_cv] 20191216_173350_ModelXGB- end prediction fold:3/3
2019-12-16 17:33:50,918 runner line140 [INFO][run_predict_cv] 20191216_173350_ModelXGB - end prediction cv
2019-12-16 17:33:50,918 run line58 [INFO][run] ******************** end pipeline ********************
