2019-12-27 09:05:59,493 run line58 [INFO][run] ********************************************************
2019-12-27 09:05:59,493 run line59 [INFO][run] ******************** start pipeline ********************
2019-12-27 09:05:59,493 run line60 [INFO][run] ********************************************************
2019-12-27 09:05:59,493 runner line90 [INFO][run_train_cv] 20191227_090559_ModelLGBM - start training cv
2019-12-27 09:05:59,494 runner line99 [INFO][run_train_cv] 20191227_090559_ModelLGBM fold 0 - start training
2019-12-27 09:05:59,574 runner line76 [INFO][train_fold] 
               precision    recall  f1-score   support

           0       0.82      0.89      0.85       275
           1       0.79      0.69      0.74       171

   micro avg       0.81      0.81      0.81       446
   macro avg       0.81      0.79      0.80       446
weighted avg       0.81      0.81      0.81       446

2019-12-27 09:05:59,613 runner line101 [INFO][run_train_cv] 20191227_090559_ModelLGBM fold 0 - end training - valid-score 0.7375
2019-12-27 09:05:59,617 runner line106 [DEBUG][run_train_cv] save model 0
2019-12-27 09:05:59,617 runner line99 [INFO][run_train_cv] 20191227_090559_ModelLGBM fold 1 - start training
2019-12-27 09:05:59,691 runner line76 [INFO][train_fold] 
               precision    recall  f1-score   support

           0       0.82      0.87      0.84       274
           1       0.77      0.68      0.72       171

   micro avg       0.80      0.80      0.80       445
   macro avg       0.79      0.78      0.78       445
weighted avg       0.80      0.80      0.80       445

2019-12-27 09:05:59,731 runner line101 [INFO][run_train_cv] 20191227_090559_ModelLGBM fold 1 - end training - valid-score 0.7245
2019-12-27 09:05:59,735 runner line106 [DEBUG][run_train_cv] save model 1
2019-12-27 09:06:00,125 runner line129 [INFO][run_train_cv] 20191227_090559_ModelLGBM - end training cv - oof score mean:0.7310, std:0.0065
2019-12-27 09:06:00,132 runner line143 [INFO][run_predict_cv] 20191227_090559_ModelLGBM - start prediction cv
2019-12-27 09:06:00,140 runner line156 [INFO][run_predict_cv] 20191227_090559_ModelLGBM - end prediction fold:0/1
2019-12-27 09:06:00,145 runner line156 [INFO][run_predict_cv] 20191227_090559_ModelLGBM - end prediction fold:1/1
2019-12-27 09:06:00,149 runner line165 [INFO][run_predict_cv] 20191227_090559_ModelLGBM - end prediction cv
2019-12-27 09:06:00,149 run line64 [INFO][run] ********************************************************
2019-12-27 09:06:00,149 run line65 [INFO][run] ********************* end pipeline *********************
2019-12-27 09:06:00,149 run line66 [INFO][run] ********************************************************
