2019-12-26 09:12:20,459 run line55 [INFO][run] ********************************************************
2019-12-26 09:12:20,459 run line56 [INFO][run] ******************** start pipeline ********************
2019-12-26 09:12:20,459 run line57 [INFO][run] ********************************************************
2019-12-26 09:12:20,459 runner line86 [INFO][run_train_cv] 20191226_091220_ModelXGB - start training cv
2019-12-26 09:12:20,459 runner line95 [INFO][run_train_cv] 20191226_091220_ModelXGB fold 0 - start training
2019-12-26 09:12:20,675 runner line97 [INFO][run_train_cv] 20191226_091220_ModelXGB fold 0 - end training - score 0.5125
2019-12-26 09:12:20,676 runner line102 [DEBUG][run_train_cv] save model 0
2019-12-26 09:12:20,676 runner line95 [INFO][run_train_cv] 20191226_091220_ModelXGB fold 1 - start training
2019-12-26 09:12:20,889 runner line97 [INFO][run_train_cv] 20191226_091220_ModelXGB fold 1 - end training - score 0.5422
2019-12-26 09:12:20,890 runner line102 [DEBUG][run_train_cv] save model 1
2019-12-26 09:12:20,890 runner line95 [INFO][run_train_cv] 20191226_091220_ModelXGB fold 2 - start training
2019-12-26 09:12:21,188 runner line97 [INFO][run_train_cv] 20191226_091220_ModelXGB fold 2 - end training - score 0.5218
2019-12-26 09:12:21,189 runner line102 [DEBUG][run_train_cv] save model 2
2019-12-26 09:12:21,189 runner line95 [INFO][run_train_cv] 20191226_091220_ModelXGB fold 3 - start training
2019-12-26 09:12:21,393 runner line97 [INFO][run_train_cv] 20191226_091220_ModelXGB fold 3 - end training - score 0.5325
2019-12-26 09:12:21,393 runner line102 [DEBUG][run_train_cv] save model 3
2019-12-26 09:12:21,766 runner line123 [INFO][run_train_cv] 20191226_091220_ModelXGB - end training cv - oof score mean:0.5273, std:0.0112
2019-12-26 09:12:21,782 runner line137 [INFO][run_predict_cv] 20191226_091220_ModelXGB - start prediction cv
2019-12-26 09:12:21,792 runner line150 [INFO][run_predict_cv] 20191226_091220_ModelXGB - end prediction fold:0/3
2019-12-26 09:12:21,795 runner line150 [INFO][run_predict_cv] 20191226_091220_ModelXGB - end prediction fold:1/3
2019-12-26 09:12:21,797 runner line150 [INFO][run_predict_cv] 20191226_091220_ModelXGB - end prediction fold:2/3
2019-12-26 09:12:21,802 runner line150 [INFO][run_predict_cv] 20191226_091220_ModelXGB - end prediction fold:3/3
2019-12-26 09:12:21,807 runner line159 [INFO][run_predict_cv] 20191226_091220_ModelXGB - end prediction cv
2019-12-26 09:12:21,807 run line61 [INFO][run] ********************************************************
2019-12-26 09:12:21,808 run line62 [INFO][run] ********************* end pipeline *********************
2019-12-26 09:12:21,808 run line63 [INFO][run] ********************************************************
