2019-12-20 10:03:36,303 run line56 [INFO][run] ********************************************************
2019-12-20 10:03:36,303 run line57 [INFO][run] ******************** start pipeline ********************
2019-12-20 10:03:36,303 run line58 [INFO][run] ********************************************************
2019-12-20 10:03:36,303 runner line75 [INFO][run_train_cv] 20191220_100336_ModelXGB - start training cv
2019-12-20 10:03:36,303 runner line84 [INFO][run_train_cv] 20191220_100336_ModelXGB fold 0 - start training
2019-12-20 10:03:36,483 runner line86 [INFO][run_train_cv] 20191220_100336_ModelXGB fold 0 - end training - score 0.6847
2019-12-20 10:03:36,484 runner line91 [DEBUG][run_train_cv] save model 0
2019-12-20 10:03:36,484 runner line84 [INFO][run_train_cv] 20191220_100336_ModelXGB fold 1 - start training
2019-12-20 10:03:36,508 runner line86 [INFO][run_train_cv] 20191220_100336_ModelXGB fold 1 - end training - score 0.6843
2019-12-20 10:03:36,509 runner line91 [DEBUG][run_train_cv] save model 1
2019-12-20 10:03:36,509 runner line104 [INFO][run_train_cv] 20191220_100336_ModelXGB - end training cv - oof score mean:0.6845, std:0.0002
2019-12-20 10:03:36,516 runner line118 [INFO][run_predict_cv] 20191220_100336_ModelXGB - start prediction cv
2019-12-20 10:03:36,517 runner line131 [INFO][run_predict_cv] 20191220_100336_ModelXGB- end prediction fold:0/1
2019-12-20 10:03:36,518 runner line131 [INFO][run_predict_cv] 20191220_100336_ModelXGB- end prediction fold:1/1
2019-12-20 10:03:36,521 runner line140 [INFO][run_predict_cv] 20191220_100336_ModelXGB - end prediction cv
2019-12-20 10:03:36,521 run line62 [INFO][run] ********************************************************
2019-12-20 10:03:36,521 run line63 [INFO][run] ********************* end pipeline *********************
2019-12-20 10:03:36,521 run line64 [INFO][run] ********************************************************
2019-12-20 10:03:36,522 run line56 [INFO][run] ********************************************************
2019-12-20 10:03:36,522 run line56 [INFO][run] ********************************************************
2019-12-20 10:03:36,522 run line57 [INFO][run] ******************** start pipeline ********************
2019-12-20 10:03:36,522 run line57 [INFO][run] ******************** start pipeline ********************
2019-12-20 10:03:36,522 run line58 [INFO][run] ********************************************************
2019-12-20 10:03:36,522 run line58 [INFO][run] ********************************************************
2019-12-20 10:03:36,522 runner line75 [INFO][run_train_cv] 20191220_100336_ModelXGB - start training cv
2019-12-20 10:03:36,522 runner line75 [INFO][run_train_cv] 20191220_100336_ModelXGB - start training cv
2019-12-20 10:03:36,522 runner line84 [INFO][run_train_cv] 20191220_100336_ModelXGB fold 0 - start training
2019-12-20 10:03:36,522 runner line84 [INFO][run_train_cv] 20191220_100336_ModelXGB fold 0 - start training
2019-12-20 10:03:36,548 runner line86 [INFO][run_train_cv] 20191220_100336_ModelXGB fold 0 - end training - score 0.6847
2019-12-20 10:03:36,548 runner line86 [INFO][run_train_cv] 20191220_100336_ModelXGB fold 0 - end training - score 0.6847
2019-12-20 10:03:36,548 runner line91 [DEBUG][run_train_cv] save model 0
2019-12-20 10:03:36,548 runner line91 [DEBUG][run_train_cv] save model 0
2019-12-20 10:03:36,548 runner line84 [INFO][run_train_cv] 20191220_100336_ModelXGB fold 1 - start training
2019-12-20 10:03:36,548 runner line84 [INFO][run_train_cv] 20191220_100336_ModelXGB fold 1 - start training
2019-12-20 10:03:36,566 runner line86 [INFO][run_train_cv] 20191220_100336_ModelXGB fold 1 - end training - score 0.6843
2019-12-20 10:03:36,566 runner line86 [INFO][run_train_cv] 20191220_100336_ModelXGB fold 1 - end training - score 0.6843
2019-12-20 10:03:36,566 runner line91 [DEBUG][run_train_cv] save model 1
2019-12-20 10:03:36,566 runner line91 [DEBUG][run_train_cv] save model 1
2019-12-20 10:03:36,567 runner line104 [INFO][run_train_cv] 20191220_100336_ModelXGB - end training cv - oof score mean:0.6845, std:0.0002
2019-12-20 10:03:36,567 runner line104 [INFO][run_train_cv] 20191220_100336_ModelXGB - end training cv - oof score mean:0.6845, std:0.0002
2019-12-20 10:03:36,573 runner line118 [INFO][run_predict_cv] 20191220_100336_ModelXGB - start prediction cv
2019-12-20 10:03:36,573 runner line118 [INFO][run_predict_cv] 20191220_100336_ModelXGB - start prediction cv
2019-12-20 10:03:36,575 runner line131 [INFO][run_predict_cv] 20191220_100336_ModelXGB- end prediction fold:0/1
2019-12-20 10:03:36,575 runner line131 [INFO][run_predict_cv] 20191220_100336_ModelXGB- end prediction fold:0/1
2019-12-20 10:03:36,576 runner line131 [INFO][run_predict_cv] 20191220_100336_ModelXGB- end prediction fold:1/1
2019-12-20 10:03:36,576 runner line131 [INFO][run_predict_cv] 20191220_100336_ModelXGB- end prediction fold:1/1
2019-12-20 10:03:36,578 runner line140 [INFO][run_predict_cv] 20191220_100336_ModelXGB - end prediction cv
2019-12-20 10:03:36,578 runner line140 [INFO][run_predict_cv] 20191220_100336_ModelXGB - end prediction cv
2019-12-20 10:03:36,579 run line62 [INFO][run] ********************************************************
2019-12-20 10:03:36,579 run line62 [INFO][run] ********************************************************
2019-12-20 10:03:36,579 run line63 [INFO][run] ********************* end pipeline *********************
2019-12-20 10:03:36,579 run line63 [INFO][run] ********************* end pipeline *********************
2019-12-20 10:03:36,579 run line64 [INFO][run] ********************************************************
2019-12-20 10:03:36,579 run line64 [INFO][run] ********************************************************
