2019-12-27 08:55:01,662 run line58 [INFO][run] ********************************************************
2019-12-27 08:55:01,662 run line59 [INFO][run] ******************** start pipeline ********************
2019-12-27 08:55:01,662 run line60 [INFO][run] ********************************************************
2019-12-27 08:55:01,662 runner line89 [INFO][run_train_cv] 20191227_085501_ModelLGBM - start training cv
2019-12-27 08:55:01,662 runner line98 [INFO][run_train_cv] 20191227_085501_ModelLGBM fold 0 - start training
2019-12-27 08:55:01,741 runner line75 [INFO][train_fold] 
               precision    recall  f1-score   support

           0       0.82      0.89      0.85       275
           1       0.79      0.69      0.74       171

   micro avg       0.81      0.81      0.81       446
   macro avg       0.81      0.79      0.80       446
weighted avg       0.81      0.81      0.81       446

2019-12-27 08:55:01,781 runner line100 [INFO][run_train_cv] 20191227_085501_ModelLGBM fold 0 - end training - valid-score 6.5051
2019-12-27 08:55:01,785 runner line105 [DEBUG][run_train_cv] save model 0
2019-12-27 08:55:01,785 runner line98 [INFO][run_train_cv] 20191227_085501_ModelLGBM fold 1 - start training
2019-12-27 08:55:01,856 runner line75 [INFO][train_fold] 
               precision    recall  f1-score   support

           0       0.82      0.87      0.84       274
           1       0.77      0.68      0.72       171

   micro avg       0.80      0.80      0.80       445
   macro avg       0.79      0.78      0.78       445
weighted avg       0.80      0.80      0.80       445

2019-12-27 08:55:01,895 runner line100 [INFO][run_train_cv] 20191227_085501_ModelLGBM fold 1 - end training - valid-score 6.9078
2019-12-27 08:55:01,899 runner line105 [DEBUG][run_train_cv] save model 1
2019-12-27 08:55:02,283 runner line128 [INFO][run_train_cv] 20191227_085501_ModelLGBM - end training cv - oof score mean:6.7065, std:0.2014
2019-12-27 08:55:02,291 runner line142 [INFO][run_predict_cv] 20191227_085501_ModelLGBM - start prediction cv
2019-12-27 08:55:02,297 runner line155 [INFO][run_predict_cv] 20191227_085501_ModelLGBM - end prediction fold:0/1
2019-12-27 08:55:02,302 runner line155 [INFO][run_predict_cv] 20191227_085501_ModelLGBM - end prediction fold:1/1
2019-12-27 08:55:02,306 runner line164 [INFO][run_predict_cv] 20191227_085501_ModelLGBM - end prediction cv
2019-12-27 08:55:02,306 run line64 [INFO][run] ********************************************************
2019-12-27 08:55:02,306 run line65 [INFO][run] ********************* end pipeline *********************
2019-12-27 08:55:02,306 run line66 [INFO][run] ********************************************************
