2019-12-26 08:26:58,895 run line55 [INFO][run] ********************************************************
2019-12-26 08:26:58,896 run line56 [INFO][run] ******************** start pipeline ********************
2019-12-26 08:26:58,896 run line57 [INFO][run] ********************************************************
2019-12-26 08:26:58,899 runner line80 [INFO][run_train_cv] 20191226_082658_ModelXGB - start training cv
2019-12-26 08:26:58,899 runner line89 [INFO][run_train_cv] 20191226_082658_ModelXGB fold 0 - start training
2019-12-26 08:26:59,592 runner line91 [INFO][run_train_cv] 20191226_082658_ModelXGB fold 0 - end training - score 0.6387
2019-12-26 08:26:59,593 runner line96 [DEBUG][run_train_cv] save model 0
2019-12-26 08:26:59,593 runner line89 [INFO][run_train_cv] 20191226_082658_ModelXGB fold 1 - start training
2019-12-26 08:26:59,961 runner line91 [INFO][run_train_cv] 20191226_082658_ModelXGB fold 1 - end training - score 0.6611
2019-12-26 08:26:59,961 runner line96 [DEBUG][run_train_cv] save model 1
2019-12-26 08:26:59,961 runner line89 [INFO][run_train_cv] 20191226_082658_ModelXGB fold 2 - start training
2019-12-26 08:27:01,429 runner line91 [INFO][run_train_cv] 20191226_082658_ModelXGB fold 2 - end training - score 0.5988
2019-12-26 08:27:01,430 runner line96 [DEBUG][run_train_cv] save model 2
2019-12-26 08:27:01,430 runner line89 [INFO][run_train_cv] 20191226_082658_ModelXGB fold 3 - start training
2019-12-26 08:27:02,307 runner line91 [INFO][run_train_cv] 20191226_082658_ModelXGB fold 3 - end training - score 0.6369
2019-12-26 08:27:02,308 runner line96 [DEBUG][run_train_cv] save model 3
2019-12-26 08:27:02,308 runner line109 [INFO][run_train_cv] 20191226_082658_ModelXGB - end training cv - oof score mean:0.6339, std:0.0224
2019-12-26 08:27:02,321 runner line123 [INFO][run_predict_cv] 20191226_082658_ModelXGB - start prediction cv
2019-12-26 08:27:02,324 runner line136 [INFO][run_predict_cv] 20191226_082658_ModelXGB- end prediction fold:0/3
2019-12-26 08:27:02,326 runner line136 [INFO][run_predict_cv] 20191226_082658_ModelXGB- end prediction fold:1/3
2019-12-26 08:27:02,331 runner line136 [INFO][run_predict_cv] 20191226_082658_ModelXGB- end prediction fold:2/3
2019-12-26 08:27:02,334 runner line136 [INFO][run_predict_cv] 20191226_082658_ModelXGB- end prediction fold:3/3
2019-12-26 08:27:02,338 runner line145 [INFO][run_predict_cv] 20191226_082658_ModelXGB - end prediction cv
2019-12-26 08:27:02,338 run line61 [INFO][run] ********************************************************
2019-12-26 08:27:02,338 run line62 [INFO][run] ********************* end pipeline *********************
2019-12-26 08:27:02,339 run line63 [INFO][run] ********************************************************
2019-12-26 08:27:02,340 run line55 [INFO][run] ********************************************************
2019-12-26 08:27:02,340 run line56 [INFO][run] ******************** start pipeline ********************
2019-12-26 08:27:02,340 run line57 [INFO][run] ********************************************************
2019-12-26 08:27:02,341 runner line80 [INFO][run_train_cv] 20191226_082702_ModelXGB - start training cv
2019-12-26 08:27:02,341 runner line89 [INFO][run_train_cv] 20191226_082702_ModelXGB fold 0 - start training
2019-12-26 08:27:03,008 runner line91 [INFO][run_train_cv] 20191226_082702_ModelXGB fold 0 - end training - score 0.6387
2019-12-26 08:27:03,009 runner line96 [DEBUG][run_train_cv] save model 0
2019-12-26 08:27:03,009 runner line89 [INFO][run_train_cv] 20191226_082702_ModelXGB fold 1 - start training
2019-12-26 08:27:03,341 runner line91 [INFO][run_train_cv] 20191226_082702_ModelXGB fold 1 - end training - score 0.6611
2019-12-26 08:27:03,342 runner line96 [DEBUG][run_train_cv] save model 1
2019-12-26 08:27:03,342 runner line89 [INFO][run_train_cv] 20191226_082702_ModelXGB fold 2 - start training
2019-12-26 08:27:04,760 runner line91 [INFO][run_train_cv] 20191226_082702_ModelXGB fold 2 - end training - score 0.5988
2019-12-26 08:27:04,762 runner line96 [DEBUG][run_train_cv] save model 2
2019-12-26 08:27:04,762 runner line89 [INFO][run_train_cv] 20191226_082702_ModelXGB fold 3 - start training
2019-12-26 08:27:05,680 runner line91 [INFO][run_train_cv] 20191226_082702_ModelXGB fold 3 - end training - score 0.6369
2019-12-26 08:27:05,684 runner line96 [DEBUG][run_train_cv] save model 3
2019-12-26 08:27:05,685 runner line109 [INFO][run_train_cv] 20191226_082702_ModelXGB - end training cv - oof score mean:0.6339, std:0.0224
2019-12-26 08:27:05,696 runner line123 [INFO][run_predict_cv] 20191226_082702_ModelXGB - start prediction cv
2019-12-26 08:27:05,722 runner line136 [INFO][run_predict_cv] 20191226_082702_ModelXGB- end prediction fold:0/3
2019-12-26 08:27:05,725 runner line136 [INFO][run_predict_cv] 20191226_082702_ModelXGB- end prediction fold:1/3
2019-12-26 08:27:05,729 runner line136 [INFO][run_predict_cv] 20191226_082702_ModelXGB- end prediction fold:2/3
2019-12-26 08:27:05,733 runner line136 [INFO][run_predict_cv] 20191226_082702_ModelXGB- end prediction fold:3/3
2019-12-26 08:27:05,737 runner line145 [INFO][run_predict_cv] 20191226_082702_ModelXGB - end prediction cv
2019-12-26 08:27:05,738 run line61 [INFO][run] ********************************************************
2019-12-26 08:27:05,738 run line62 [INFO][run] ********************* end pipeline *********************
2019-12-26 08:27:05,738 run line63 [INFO][run] ********************************************************
2019-12-26 08:27:05,739 run line55 [INFO][run] ********************************************************
2019-12-26 08:27:05,739 run line56 [INFO][run] ******************** start pipeline ********************
2019-12-26 08:27:05,739 run line57 [INFO][run] ********************************************************
2019-12-26 08:27:05,740 runner line80 [INFO][run_train_cv] 20191226_082705_ModelXGB - start training cv
2019-12-26 08:27:05,740 runner line89 [INFO][run_train_cv] 20191226_082705_ModelXGB fold 0 - start training
2019-12-26 08:27:06,275 runner line91 [INFO][run_train_cv] 20191226_082705_ModelXGB fold 0 - end training - score 0.6387
2019-12-26 08:27:06,276 runner line96 [DEBUG][run_train_cv] save model 0
2019-12-26 08:27:06,276 runner line89 [INFO][run_train_cv] 20191226_082705_ModelXGB fold 1 - start training
2019-12-26 08:27:06,600 runner line91 [INFO][run_train_cv] 20191226_082705_ModelXGB fold 1 - end training - score 0.6611
2019-12-26 08:27:06,601 runner line96 [DEBUG][run_train_cv] save model 1
2019-12-26 08:27:06,601 runner line89 [INFO][run_train_cv] 20191226_082705_ModelXGB fold 2 - start training
2019-12-26 08:27:07,996 runner line91 [INFO][run_train_cv] 20191226_082705_ModelXGB fold 2 - end training - score 0.5988
2019-12-26 08:27:07,997 runner line96 [DEBUG][run_train_cv] save model 2
2019-12-26 08:27:07,997 runner line89 [INFO][run_train_cv] 20191226_082705_ModelXGB fold 3 - start training
2019-12-26 08:27:08,960 runner line91 [INFO][run_train_cv] 20191226_082705_ModelXGB fold 3 - end training - score 0.6369
2019-12-26 08:27:08,961 runner line96 [DEBUG][run_train_cv] save model 3
2019-12-26 08:27:08,961 runner line109 [INFO][run_train_cv] 20191226_082705_ModelXGB - end training cv - oof score mean:0.6339, std:0.0224
2019-12-26 08:27:08,970 runner line123 [INFO][run_predict_cv] 20191226_082705_ModelXGB - start prediction cv
2019-12-26 08:27:08,975 runner line136 [INFO][run_predict_cv] 20191226_082705_ModelXGB- end prediction fold:0/3
2019-12-26 08:27:08,978 runner line136 [INFO][run_predict_cv] 20191226_082705_ModelXGB- end prediction fold:1/3
2019-12-26 08:27:08,982 runner line136 [INFO][run_predict_cv] 20191226_082705_ModelXGB- end prediction fold:2/3
2019-12-26 08:27:08,986 runner line136 [INFO][run_predict_cv] 20191226_082705_ModelXGB- end prediction fold:3/3
2019-12-26 08:27:08,991 runner line145 [INFO][run_predict_cv] 20191226_082705_ModelXGB - end prediction cv
2019-12-26 08:27:08,991 run line61 [INFO][run] ********************************************************
2019-12-26 08:27:08,991 run line62 [INFO][run] ********************* end pipeline *********************
2019-12-26 08:27:08,991 run line63 [INFO][run] ********************************************************
