2019-12-15 18:06:51,254 run line54 [INFO][run] ******************** start pipeline ********************
2019-12-15 18:06:51,255 runner line75 [INFO][run_train_cv] 20191215_180651_ModelXGB - start training cv
2019-12-15 18:06:51,255 runner line84 [INFO][run_train_cv] 20191215_180651_ModelXGB fold 0 - start training
2019-12-15 18:06:51,291 runner line86 [INFO][run_train_cv] 20191215_180651_ModelXGB fold 0 - end training - score 0.6432
2019-12-15 18:06:51,291 runner line91 [DEBUG][run_train_cv] save model 0
2019-12-15 18:06:51,291 runner line84 [INFO][run_train_cv] 20191215_180651_ModelXGB fold 1 - start training
2019-12-15 18:06:51,328 runner line86 [INFO][run_train_cv] 20191215_180651_ModelXGB fold 1 - end training - score 0.6595
2019-12-15 18:06:51,329 runner line91 [DEBUG][run_train_cv] save model 1
2019-12-15 18:06:51,329 runner line84 [INFO][run_train_cv] 20191215_180651_ModelXGB fold 2 - start training
2019-12-15 18:06:51,363 runner line86 [INFO][run_train_cv] 20191215_180651_ModelXGB fold 2 - end training - score 0.6167
2019-12-15 18:06:51,363 runner line91 [DEBUG][run_train_cv] save model 2
2019-12-15 18:06:51,363 runner line84 [INFO][run_train_cv] 20191215_180651_ModelXGB fold 3 - start training
2019-12-15 18:06:51,397 runner line86 [INFO][run_train_cv] 20191215_180651_ModelXGB fold 3 - end training - score 0.6443
2019-12-15 18:06:51,398 runner line91 [DEBUG][run_train_cv] save model 3
2019-12-15 18:06:51,398 runner line104 [INFO][run_train_cv] 20191215_180651_ModelXGB - end training cv - oof score mean:0.6409, std:0.0154
2019-12-15 18:06:51,407 runner line118 [INFO][run_predict_cv] 20191215_180651_ModelXGB - start prediction cv
2019-12-15 18:06:51,411 runner line131 [INFO][run_predict_cv] 20191215_180651_ModelXGB- end prediction fold:0/3
2019-12-15 18:06:51,412 runner line131 [INFO][run_predict_cv] 20191215_180651_ModelXGB- end prediction fold:1/3
2019-12-15 18:06:51,414 runner line131 [INFO][run_predict_cv] 20191215_180651_ModelXGB- end prediction fold:2/3
2019-12-15 18:06:51,416 runner line131 [INFO][run_predict_cv] 20191215_180651_ModelXGB- end prediction fold:3/3
2019-12-15 18:06:51,419 runner line140 [INFO][run_predict_cv] 20191215_180651_ModelXGB - end prediction cv
2019-12-15 18:06:51,419 run line58 [INFO][run] ******************** end pipeline ********************
