2019-12-20 09:08:45,720 run line55 [INFO][run] ********************************************************
2019-12-20 09:08:45,721 run line56 [INFO][run] ******************** start pipeline ********************
2019-12-20 09:08:45,721 run line57 [INFO][run] ********************************************************
2019-12-20 09:08:45,721 runner line75 [INFO][run_train_cv] 20191220_090845_ModelXGB - start training cv
2019-12-20 09:08:45,721 runner line84 [INFO][run_train_cv] 20191220_090845_ModelXGB fold 0 - start training
2019-12-20 09:08:46,323 runner line86 [INFO][run_train_cv] 20191220_090845_ModelXGB fold 0 - end training - score 0.6387
2019-12-20 09:08:46,324 runner line91 [DEBUG][run_train_cv] save model 0
2019-12-20 09:08:46,324 runner line84 [INFO][run_train_cv] 20191220_090845_ModelXGB fold 1 - start training
2019-12-20 09:08:46,650 runner line86 [INFO][run_train_cv] 20191220_090845_ModelXGB fold 1 - end training - score 0.6611
2019-12-20 09:08:46,651 runner line91 [DEBUG][run_train_cv] save model 1
2019-12-20 09:08:46,651 runner line84 [INFO][run_train_cv] 20191220_090845_ModelXGB fold 2 - start training
2019-12-20 09:08:48,277 runner line86 [INFO][run_train_cv] 20191220_090845_ModelXGB fold 2 - end training - score 0.5988
2019-12-20 09:08:48,278 runner line91 [DEBUG][run_train_cv] save model 2
2019-12-20 09:08:48,278 runner line84 [INFO][run_train_cv] 20191220_090845_ModelXGB fold 3 - start training
2019-12-20 09:08:49,267 runner line86 [INFO][run_train_cv] 20191220_090845_ModelXGB fold 3 - end training - score 0.6369
2019-12-20 09:08:49,268 runner line91 [DEBUG][run_train_cv] save model 3
2019-12-20 09:08:49,268 runner line104 [INFO][run_train_cv] 20191220_090845_ModelXGB - end training cv - oof score mean:0.6339, std:0.0224
2019-12-20 09:08:49,277 runner line118 [INFO][run_predict_cv] 20191220_090845_ModelXGB - start prediction cv
2019-12-20 09:08:49,281 runner line131 [INFO][run_predict_cv] 20191220_090845_ModelXGB- end prediction fold:0/3
2019-12-20 09:08:49,285 runner line131 [INFO][run_predict_cv] 20191220_090845_ModelXGB- end prediction fold:1/3
2019-12-20 09:08:49,290 runner line131 [INFO][run_predict_cv] 20191220_090845_ModelXGB- end prediction fold:2/3
2019-12-20 09:08:49,294 runner line131 [INFO][run_predict_cv] 20191220_090845_ModelXGB- end prediction fold:3/3
2019-12-20 09:08:49,298 runner line140 [INFO][run_predict_cv] 20191220_090845_ModelXGB - end prediction cv
2019-12-20 09:08:49,298 run line61 [INFO][run] ********************************************************
2019-12-20 09:08:49,298 run line62 [INFO][run] ********************* end pipeline *********************
2019-12-20 09:08:49,298 run line63 [INFO][run] ********************************************************
