2019-12-20 09:05:09,401 run line55 [INFO][run] ********************************************************
2019-12-20 09:05:09,401 run line56 [INFO][run] ******************** start pipeline ********************
2019-12-20 09:05:09,402 run line57 [INFO][run] ********************************************************
2019-12-20 09:05:09,402 runner line75 [INFO][run_train_cv] 20191220_090509_ModelXGB - start training cv
2019-12-20 09:05:09,402 runner line84 [INFO][run_train_cv] 20191220_090509_ModelXGB fold 0 - start training
2019-12-20 09:05:09,615 runner line86 [INFO][run_train_cv] 20191220_090509_ModelXGB fold 0 - end training - score 0.6435
2019-12-20 09:05:09,615 runner line91 [DEBUG][run_train_cv] save model 0
2019-12-20 09:05:09,615 runner line84 [INFO][run_train_cv] 20191220_090509_ModelXGB fold 1 - start training
2019-12-20 09:05:09,875 runner line86 [INFO][run_train_cv] 20191220_090509_ModelXGB fold 1 - end training - score 0.6611
2019-12-20 09:05:09,876 runner line91 [DEBUG][run_train_cv] save model 1
2019-12-20 09:05:09,876 runner line84 [INFO][run_train_cv] 20191220_090509_ModelXGB fold 2 - start training
2019-12-20 09:05:10,041 runner line86 [INFO][run_train_cv] 20191220_090509_ModelXGB fold 2 - end training - score 0.6192
2019-12-20 09:05:10,042 runner line91 [DEBUG][run_train_cv] save model 2
2019-12-20 09:05:10,042 runner line84 [INFO][run_train_cv] 20191220_090509_ModelXGB fold 3 - start training
2019-12-20 09:05:10,217 runner line86 [INFO][run_train_cv] 20191220_090509_ModelXGB fold 3 - end training - score 0.6450
2019-12-20 09:05:10,218 runner line91 [DEBUG][run_train_cv] save model 3
2019-12-20 09:05:10,218 runner line104 [INFO][run_train_cv] 20191220_090509_ModelXGB - end training cv - oof score mean:0.6422, std:0.0150
2019-12-20 09:05:10,227 runner line118 [INFO][run_predict_cv] 20191220_090509_ModelXGB - start prediction cv
2019-12-20 09:05:10,231 runner line131 [INFO][run_predict_cv] 20191220_090509_ModelXGB- end prediction fold:0/3
2019-12-20 09:05:10,234 runner line131 [INFO][run_predict_cv] 20191220_090509_ModelXGB- end prediction fold:1/3
2019-12-20 09:05:10,236 runner line131 [INFO][run_predict_cv] 20191220_090509_ModelXGB- end prediction fold:2/3
2019-12-20 09:05:10,238 runner line131 [INFO][run_predict_cv] 20191220_090509_ModelXGB- end prediction fold:3/3
2019-12-20 09:05:10,243 runner line140 [INFO][run_predict_cv] 20191220_090509_ModelXGB - end prediction cv
2019-12-20 09:05:10,244 run line61 [INFO][run] ********************************************************
2019-12-20 09:05:10,244 run line62 [INFO][run] ********************* end pipeline *********************
2019-12-20 09:05:10,244 run line63 [INFO][run] ********************************************************
