2019-12-20 09:03:01,792 run line55 [INFO][run] ********************************************************
2019-12-20 09:03:01,792 run line56 [INFO][run] ******************** start pipeline ********************
2019-12-20 09:03:01,792 run line57 [INFO][run] ********************************************************
2019-12-20 09:03:01,792 runner line75 [INFO][run_train_cv] 20191220_090301_ModelXGB - start training cv
2019-12-20 09:03:01,792 runner line84 [INFO][run_train_cv] 20191220_090301_ModelXGB fold 0 - start training
2019-12-20 09:03:01,998 runner line86 [INFO][run_train_cv] 20191220_090301_ModelXGB fold 0 - end training - score 0.6435
2019-12-20 09:03:01,999 runner line91 [DEBUG][run_train_cv] save model 0
2019-12-20 09:03:01,999 runner line84 [INFO][run_train_cv] 20191220_090301_ModelXGB fold 1 - start training
2019-12-20 09:03:02,278 runner line86 [INFO][run_train_cv] 20191220_090301_ModelXGB fold 1 - end training - score 0.6611
2019-12-20 09:03:02,278 runner line91 [DEBUG][run_train_cv] save model 1
2019-12-20 09:03:02,278 runner line84 [INFO][run_train_cv] 20191220_090301_ModelXGB fold 2 - start training
2019-12-20 09:03:02,450 runner line86 [INFO][run_train_cv] 20191220_090301_ModelXGB fold 2 - end training - score 0.6192
2019-12-20 09:03:02,450 runner line91 [DEBUG][run_train_cv] save model 2
2019-12-20 09:03:02,450 runner line84 [INFO][run_train_cv] 20191220_090301_ModelXGB fold 3 - start training
2019-12-20 09:03:02,622 runner line86 [INFO][run_train_cv] 20191220_090301_ModelXGB fold 3 - end training - score 0.6450
2019-12-20 09:03:02,623 runner line91 [DEBUG][run_train_cv] save model 3
2019-12-20 09:03:02,623 runner line104 [INFO][run_train_cv] 20191220_090301_ModelXGB - end training cv - oof score mean:0.6422, std:0.0150
2019-12-20 09:03:02,633 runner line118 [INFO][run_predict_cv] 20191220_090301_ModelXGB - start prediction cv
2019-12-20 09:03:02,635 runner line131 [INFO][run_predict_cv] 20191220_090301_ModelXGB- end prediction fold:0/3
2019-12-20 09:03:02,637 runner line131 [INFO][run_predict_cv] 20191220_090301_ModelXGB- end prediction fold:1/3
2019-12-20 09:03:02,642 runner line131 [INFO][run_predict_cv] 20191220_090301_ModelXGB- end prediction fold:2/3
2019-12-20 09:03:02,644 runner line131 [INFO][run_predict_cv] 20191220_090301_ModelXGB- end prediction fold:3/3
2019-12-20 09:03:02,649 runner line140 [INFO][run_predict_cv] 20191220_090301_ModelXGB - end prediction cv
2019-12-20 09:03:02,649 run line61 [INFO][run] ********************************************************
2019-12-20 09:03:02,649 run line62 [INFO][run] ********************* end pipeline *********************
2019-12-20 09:03:02,650 run line63 [INFO][run] ********************************************************
