2019-12-26 08:59:23,672 run line55 [INFO][run] ********************************************************
2019-12-26 08:59:23,672 run line56 [INFO][run] ******************** start pipeline ********************
2019-12-26 08:59:23,672 run line57 [INFO][run] ********************************************************
2019-12-26 08:59:23,672 runner line84 [INFO][run_train_cv] 20191226_085923_ModelXGB - start training cv
2019-12-26 08:59:23,673 runner line93 [INFO][run_train_cv] 20191226_085923_ModelXGB fold 0 - start training
2019-12-26 08:59:24,035 runner line95 [INFO][run_train_cv] 20191226_085923_ModelXGB fold 0 - end training - score 0.6047
2019-12-26 08:59:24,036 runner line100 [DEBUG][run_train_cv] save model 0
2019-12-26 08:59:24,036 runner line93 [INFO][run_train_cv] 20191226_085923_ModelXGB fold 1 - start training
2019-12-26 08:59:24,245 runner line95 [INFO][run_train_cv] 20191226_085923_ModelXGB fold 1 - end training - score 0.6309
2019-12-26 08:59:24,245 runner line100 [DEBUG][run_train_cv] save model 1
2019-12-26 08:59:24,245 runner line93 [INFO][run_train_cv] 20191226_085923_ModelXGB fold 2 - start training
2019-12-26 08:59:24,444 runner line95 [INFO][run_train_cv] 20191226_085923_ModelXGB fold 2 - end training - score 0.6003
2019-12-26 08:59:24,445 runner line100 [DEBUG][run_train_cv] save model 2
2019-12-26 08:59:24,445 runner line93 [INFO][run_train_cv] 20191226_085923_ModelXGB fold 3 - start training
2019-12-26 08:59:24,641 runner line95 [INFO][run_train_cv] 20191226_085923_ModelXGB fold 3 - end training - score 0.6123
2019-12-26 08:59:24,641 runner line100 [DEBUG][run_train_cv] save model 3
2019-12-26 08:59:25,001 runner line121 [INFO][run_train_cv] 20191226_085923_ModelXGB - end training cv - oof score mean:0.6121, std:0.0117
2019-12-26 08:59:25,021 runner line135 [INFO][run_predict_cv] 20191226_085923_ModelXGB - start prediction cv
2019-12-26 08:59:25,028 runner line148 [INFO][run_predict_cv] 20191226_085923_ModelXGB- end prediction fold:0/3
2019-12-26 08:59:25,031 runner line148 [INFO][run_predict_cv] 20191226_085923_ModelXGB- end prediction fold:1/3
2019-12-26 08:59:25,034 runner line148 [INFO][run_predict_cv] 20191226_085923_ModelXGB- end prediction fold:2/3
2019-12-26 08:59:25,037 runner line148 [INFO][run_predict_cv] 20191226_085923_ModelXGB- end prediction fold:3/3
2019-12-26 08:59:25,041 runner line157 [INFO][run_predict_cv] 20191226_085923_ModelXGB - end prediction cv
2019-12-26 08:59:25,041 run line61 [INFO][run] ********************************************************
2019-12-26 08:59:25,041 run line62 [INFO][run] ********************* end pipeline *********************
2019-12-26 08:59:25,041 run line63 [INFO][run] ********************************************************
