2019-12-20 08:59:15,185 run line55 [INFO][run] ********************************************************
2019-12-20 08:59:15,185 run line56 [INFO][run] ******************** start pipeline ********************
2019-12-20 08:59:15,185 run line57 [INFO][run] ********************************************************
2019-12-20 08:59:15,185 runner line75 [INFO][run_train_cv] 20191220_085915_ModelXGB - start training cv
2019-12-20 08:59:15,186 runner line84 [INFO][run_train_cv] 20191220_085915_ModelXGB fold 0 - start training
2019-12-20 08:59:15,828 runner line86 [INFO][run_train_cv] 20191220_085915_ModelXGB fold 0 - end training - score 0.6387
2019-12-20 08:59:15,829 runner line91 [DEBUG][run_train_cv] save model 0
2019-12-20 08:59:15,829 runner line84 [INFO][run_train_cv] 20191220_085915_ModelXGB fold 1 - start training
2019-12-20 08:59:16,138 runner line86 [INFO][run_train_cv] 20191220_085915_ModelXGB fold 1 - end training - score 0.6611
2019-12-20 08:59:16,139 runner line91 [DEBUG][run_train_cv] save model 1
2019-12-20 08:59:16,139 runner line84 [INFO][run_train_cv] 20191220_085915_ModelXGB fold 2 - start training
2019-12-20 08:59:17,467 runner line86 [INFO][run_train_cv] 20191220_085915_ModelXGB fold 2 - end training - score 0.5988
2019-12-20 08:59:17,468 runner line91 [DEBUG][run_train_cv] save model 2
2019-12-20 08:59:17,468 runner line84 [INFO][run_train_cv] 20191220_085915_ModelXGB fold 3 - start training
2019-12-20 08:59:18,216 runner line86 [INFO][run_train_cv] 20191220_085915_ModelXGB fold 3 - end training - score 0.6369
2019-12-20 08:59:18,217 runner line91 [DEBUG][run_train_cv] save model 3
2019-12-20 08:59:18,217 runner line104 [INFO][run_train_cv] 20191220_085915_ModelXGB - end training cv - oof score mean:0.6339, std:0.0224
2019-12-20 08:59:18,226 runner line118 [INFO][run_predict_cv] 20191220_085915_ModelXGB - start prediction cv
2019-12-20 08:59:18,229 runner line131 [INFO][run_predict_cv] 20191220_085915_ModelXGB- end prediction fold:0/3
2019-12-20 08:59:18,233 runner line131 [INFO][run_predict_cv] 20191220_085915_ModelXGB- end prediction fold:1/3
2019-12-20 08:59:18,237 runner line131 [INFO][run_predict_cv] 20191220_085915_ModelXGB- end prediction fold:2/3
2019-12-20 08:59:18,240 runner line131 [INFO][run_predict_cv] 20191220_085915_ModelXGB- end prediction fold:3/3
2019-12-20 08:59:18,244 runner line140 [INFO][run_predict_cv] 20191220_085915_ModelXGB - end prediction cv
2019-12-20 08:59:18,245 run line61 [INFO][run] ********************************************************
2019-12-20 08:59:18,245 run line62 [INFO][run] ********************* end pipeline *********************
2019-12-20 08:59:18,245 run line63 [INFO][run] ********************************************************
