2019-12-20 08:55:59,417 run line55 [INFO][run] ********************************************************
2019-12-20 08:55:59,417 run line56 [INFO][run] ******************** start pipeline ********************
2019-12-20 08:55:59,418 run line57 [INFO][run] ********************************************************
2019-12-20 08:55:59,418 runner line75 [INFO][run_train_cv] 20191220_085559_ModelXGB - start training cv
2019-12-20 08:55:59,418 runner line84 [INFO][run_train_cv] 20191220_085559_ModelXGB fold 0 - start training
2019-12-20 08:55:59,977 runner line86 [INFO][run_train_cv] 20191220_085559_ModelXGB fold 0 - end training - score 0.6387
2019-12-20 08:55:59,978 runner line91 [DEBUG][run_train_cv] save model 0
2019-12-20 08:55:59,978 runner line84 [INFO][run_train_cv] 20191220_085559_ModelXGB fold 1 - start training
2019-12-20 08:56:00,405 runner line86 [INFO][run_train_cv] 20191220_085559_ModelXGB fold 1 - end training - score 0.6611
2019-12-20 08:56:00,405 runner line91 [DEBUG][run_train_cv] save model 1
2019-12-20 08:56:00,405 runner line84 [INFO][run_train_cv] 20191220_085559_ModelXGB fold 2 - start training
2019-12-20 08:56:01,606 runner line86 [INFO][run_train_cv] 20191220_085559_ModelXGB fold 2 - end training - score 0.5988
2019-12-20 08:56:01,607 runner line91 [DEBUG][run_train_cv] save model 2
2019-12-20 08:56:01,607 runner line84 [INFO][run_train_cv] 20191220_085559_ModelXGB fold 3 - start training
2019-12-20 08:56:02,558 runner line86 [INFO][run_train_cv] 20191220_085559_ModelXGB fold 3 - end training - score 0.6369
2019-12-20 08:56:02,558 runner line91 [DEBUG][run_train_cv] save model 3
2019-12-20 08:56:02,559 runner line104 [INFO][run_train_cv] 20191220_085559_ModelXGB - end training cv - oof score mean:0.6339, std:0.0224
2019-12-20 08:56:02,569 runner line118 [INFO][run_predict_cv] 20191220_085559_ModelXGB - start prediction cv
2019-12-20 08:56:02,573 runner line131 [INFO][run_predict_cv] 20191220_085559_ModelXGB- end prediction fold:0/3
2019-12-20 08:56:02,575 runner line131 [INFO][run_predict_cv] 20191220_085559_ModelXGB- end prediction fold:1/3
2019-12-20 08:56:02,579 runner line131 [INFO][run_predict_cv] 20191220_085559_ModelXGB- end prediction fold:2/3
2019-12-20 08:56:02,582 runner line131 [INFO][run_predict_cv] 20191220_085559_ModelXGB- end prediction fold:3/3
2019-12-20 08:56:02,586 runner line140 [INFO][run_predict_cv] 20191220_085559_ModelXGB - end prediction cv
2019-12-20 08:56:02,586 run line61 [INFO][run] ********************************************************
2019-12-20 08:56:02,586 run line62 [INFO][run] ********************* end pipeline *********************
2019-12-20 08:56:02,587 run line63 [INFO][run] ********************************************************
