2019-12-20 10:02:41,425 run line56 [INFO][run] ********************************************************
2019-12-20 10:02:41,425 run line57 [INFO][run] ******************** start pipeline ********************
2019-12-20 10:02:41,425 run line58 [INFO][run] ********************************************************
2019-12-20 10:02:41,425 runner line75 [INFO][run_train_cv] 20191220_100241_ModelXGB - start training cv
2019-12-20 10:02:41,425 runner line84 [INFO][run_train_cv] 20191220_100241_ModelXGB fold 0 - start training
2019-12-20 10:02:41,596 runner line86 [INFO][run_train_cv] 20191220_100241_ModelXGB fold 0 - end training - score 0.6826
2019-12-20 10:02:41,597 runner line91 [DEBUG][run_train_cv] save model 0
2019-12-20 10:02:41,597 runner line84 [INFO][run_train_cv] 20191220_100241_ModelXGB fold 1 - start training
2019-12-20 10:02:41,615 runner line86 [INFO][run_train_cv] 20191220_100241_ModelXGB fold 1 - end training - score 0.6845
2019-12-20 10:02:41,615 runner line91 [DEBUG][run_train_cv] save model 1
2019-12-20 10:02:41,615 runner line84 [INFO][run_train_cv] 20191220_100241_ModelXGB fold 2 - start training
2019-12-20 10:02:41,638 runner line86 [INFO][run_train_cv] 20191220_100241_ModelXGB fold 2 - end training - score 0.6799
2019-12-20 10:02:41,638 runner line91 [DEBUG][run_train_cv] save model 2
2019-12-20 10:02:41,638 runner line84 [INFO][run_train_cv] 20191220_100241_ModelXGB fold 3 - start training
2019-12-20 10:02:41,655 runner line86 [INFO][run_train_cv] 20191220_100241_ModelXGB fold 3 - end training - score 0.6830
2019-12-20 10:02:41,655 runner line91 [DEBUG][run_train_cv] save model 3
2019-12-20 10:02:41,655 runner line104 [INFO][run_train_cv] 20191220_100241_ModelXGB - end training cv - oof score mean:0.6825, std:0.0017
2019-12-20 10:02:41,664 runner line118 [INFO][run_predict_cv] 20191220_100241_ModelXGB - start prediction cv
2019-12-20 10:02:41,665 runner line131 [INFO][run_predict_cv] 20191220_100241_ModelXGB- end prediction fold:0/3
2019-12-20 10:02:41,673 runner line131 [INFO][run_predict_cv] 20191220_100241_ModelXGB- end prediction fold:1/3
2019-12-20 10:02:41,674 runner line131 [INFO][run_predict_cv] 20191220_100241_ModelXGB- end prediction fold:2/3
2019-12-20 10:02:41,675 runner line131 [INFO][run_predict_cv] 20191220_100241_ModelXGB- end prediction fold:3/3
2019-12-20 10:02:41,678 runner line140 [INFO][run_predict_cv] 20191220_100241_ModelXGB - end prediction cv
2019-12-20 10:02:41,678 run line62 [INFO][run] ********************************************************
2019-12-20 10:02:41,678 run line63 [INFO][run] ********************* end pipeline *********************
2019-12-20 10:02:41,678 run line64 [INFO][run] ********************************************************
