2019-12-20 08:54:43,856 run line55 [INFO][run] ********************************************************
2019-12-20 08:54:43,856 run line56 [INFO][run] ******************** start pipeline ********************
2019-12-20 08:54:43,856 run line57 [INFO][run] ********************************************************
2019-12-20 08:54:43,857 runner line75 [INFO][run_train_cv] 20191220_085443_ModelXGB - start training cv
2019-12-20 08:54:43,857 runner line84 [INFO][run_train_cv] 20191220_085443_ModelXGB fold 0 - start training
2019-12-20 08:54:43,944 runner line86 [INFO][run_train_cv] 20191220_085443_ModelXGB fold 0 - end training - score 0.6384
2019-12-20 08:54:43,945 runner line91 [DEBUG][run_train_cv] save model 0
2019-12-20 08:54:43,945 runner line84 [INFO][run_train_cv] 20191220_085443_ModelXGB fold 1 - start training
2019-12-20 08:54:44,001 runner line86 [INFO][run_train_cv] 20191220_085443_ModelXGB fold 1 - end training - score 0.6594
2019-12-20 08:54:44,002 runner line91 [DEBUG][run_train_cv] save model 1
2019-12-20 08:54:44,002 runner line84 [INFO][run_train_cv] 20191220_085443_ModelXGB fold 2 - start training
2019-12-20 08:54:44,120 runner line86 [INFO][run_train_cv] 20191220_085443_ModelXGB fold 2 - end training - score 0.5959
2019-12-20 08:54:44,121 runner line91 [DEBUG][run_train_cv] save model 2
2019-12-20 08:54:44,121 runner line84 [INFO][run_train_cv] 20191220_085443_ModelXGB fold 3 - start training
2019-12-20 08:54:44,208 runner line86 [INFO][run_train_cv] 20191220_085443_ModelXGB fold 3 - end training - score 0.6377
2019-12-20 08:54:44,208 runner line91 [DEBUG][run_train_cv] save model 3
2019-12-20 08:54:44,208 runner line104 [INFO][run_train_cv] 20191220_085443_ModelXGB - end training cv - oof score mean:0.6328, std:0.0230
2019-12-20 08:54:44,219 runner line118 [INFO][run_predict_cv] 20191220_085443_ModelXGB - start prediction cv
2019-12-20 08:54:44,222 runner line131 [INFO][run_predict_cv] 20191220_085443_ModelXGB- end prediction fold:0/3
2019-12-20 08:54:44,224 runner line131 [INFO][run_predict_cv] 20191220_085443_ModelXGB- end prediction fold:1/3
2019-12-20 08:54:44,227 runner line131 [INFO][run_predict_cv] 20191220_085443_ModelXGB- end prediction fold:2/3
2019-12-20 08:54:44,229 runner line131 [INFO][run_predict_cv] 20191220_085443_ModelXGB- end prediction fold:3/3
2019-12-20 08:54:44,234 runner line140 [INFO][run_predict_cv] 20191220_085443_ModelXGB - end prediction cv
2019-12-20 08:54:44,234 run line61 [INFO][run] ********************************************************
2019-12-20 08:54:44,234 run line62 [INFO][run] ********************* end pipeline *********************
2019-12-20 08:54:44,234 run line63 [INFO][run] ********************************************************
2019-12-20 08:54:44,235 run line55 [INFO][run] ********************************************************
2019-12-20 08:54:44,235 run line56 [INFO][run] ******************** start pipeline ********************
2019-12-20 08:54:44,235 run line57 [INFO][run] ********************************************************
2019-12-20 08:54:44,236 runner line75 [INFO][run_train_cv] 20191220_085444_ModelXGB - start training cv
2019-12-20 08:54:44,236 runner line84 [INFO][run_train_cv] 20191220_085444_ModelXGB fold 0 - start training
2019-12-20 08:54:44,296 runner line86 [INFO][run_train_cv] 20191220_085444_ModelXGB fold 0 - end training - score 0.6384
2019-12-20 08:54:44,297 runner line91 [DEBUG][run_train_cv] save model 0
2019-12-20 08:54:44,297 runner line84 [INFO][run_train_cv] 20191220_085444_ModelXGB fold 1 - start training
2019-12-20 08:54:44,347 runner line86 [INFO][run_train_cv] 20191220_085444_ModelXGB fold 1 - end training - score 0.6594
2019-12-20 08:54:44,347 runner line91 [DEBUG][run_train_cv] save model 1
2019-12-20 08:54:44,348 runner line84 [INFO][run_train_cv] 20191220_085444_ModelXGB fold 2 - start training
2019-12-20 08:54:44,464 runner line86 [INFO][run_train_cv] 20191220_085444_ModelXGB fold 2 - end training - score 0.5959
2019-12-20 08:54:44,465 runner line91 [DEBUG][run_train_cv] save model 2
2019-12-20 08:54:44,465 runner line84 [INFO][run_train_cv] 20191220_085444_ModelXGB fold 3 - start training
2019-12-20 08:54:44,619 runner line86 [INFO][run_train_cv] 20191220_085444_ModelXGB fold 3 - end training - score 0.6377
2019-12-20 08:54:44,620 runner line91 [DEBUG][run_train_cv] save model 3
2019-12-20 08:54:44,620 runner line104 [INFO][run_train_cv] 20191220_085444_ModelXGB - end training cv - oof score mean:0.6328, std:0.0230
2019-12-20 08:54:44,630 runner line118 [INFO][run_predict_cv] 20191220_085444_ModelXGB - start prediction cv
2019-12-20 08:54:44,634 runner line131 [INFO][run_predict_cv] 20191220_085444_ModelXGB- end prediction fold:0/3
2019-12-20 08:54:44,636 runner line131 [INFO][run_predict_cv] 20191220_085444_ModelXGB- end prediction fold:1/3
2019-12-20 08:54:44,638 runner line131 [INFO][run_predict_cv] 20191220_085444_ModelXGB- end prediction fold:2/3
2019-12-20 08:54:44,640 runner line131 [INFO][run_predict_cv] 20191220_085444_ModelXGB- end prediction fold:3/3
2019-12-20 08:54:44,644 runner line140 [INFO][run_predict_cv] 20191220_085444_ModelXGB - end prediction cv
2019-12-20 08:54:44,645 run line61 [INFO][run] ********************************************************
2019-12-20 08:54:44,645 run line62 [INFO][run] ********************* end pipeline *********************
2019-12-20 08:54:44,645 run line63 [INFO][run] ********************************************************
2019-12-20 08:54:44,647 run line55 [INFO][run] ********************************************************
2019-12-20 08:54:44,647 run line56 [INFO][run] ******************** start pipeline ********************
2019-12-20 08:54:44,647 run line57 [INFO][run] ********************************************************
2019-12-20 08:54:44,648 runner line75 [INFO][run_train_cv] 20191220_085444_ModelXGB - start training cv
2019-12-20 08:54:44,648 runner line84 [INFO][run_train_cv] 20191220_085444_ModelXGB fold 0 - start training
2019-12-20 08:54:44,716 runner line86 [INFO][run_train_cv] 20191220_085444_ModelXGB fold 0 - end training - score 0.6384
2019-12-20 08:54:44,717 runner line91 [DEBUG][run_train_cv] save model 0
2019-12-20 08:54:44,717 runner line84 [INFO][run_train_cv] 20191220_085444_ModelXGB fold 1 - start training
2019-12-20 08:54:44,770 runner line86 [INFO][run_train_cv] 20191220_085444_ModelXGB fold 1 - end training - score 0.6594
2019-12-20 08:54:44,771 runner line91 [DEBUG][run_train_cv] save model 1
2019-12-20 08:54:44,771 runner line84 [INFO][run_train_cv] 20191220_085444_ModelXGB fold 2 - start training
2019-12-20 08:54:44,880 runner line86 [INFO][run_train_cv] 20191220_085444_ModelXGB fold 2 - end training - score 0.5959
2019-12-20 08:54:44,880 runner line91 [DEBUG][run_train_cv] save model 2
2019-12-20 08:54:44,880 runner line84 [INFO][run_train_cv] 20191220_085444_ModelXGB fold 3 - start training
2019-12-20 08:54:44,966 runner line86 [INFO][run_train_cv] 20191220_085444_ModelXGB fold 3 - end training - score 0.6377
2019-12-20 08:54:44,967 runner line91 [DEBUG][run_train_cv] save model 3
2019-12-20 08:54:44,967 runner line104 [INFO][run_train_cv] 20191220_085444_ModelXGB - end training cv - oof score mean:0.6328, std:0.0230
2019-12-20 08:54:44,975 runner line118 [INFO][run_predict_cv] 20191220_085444_ModelXGB - start prediction cv
2019-12-20 08:54:44,979 runner line131 [INFO][run_predict_cv] 20191220_085444_ModelXGB- end prediction fold:0/3
2019-12-20 08:54:44,982 runner line131 [INFO][run_predict_cv] 20191220_085444_ModelXGB- end prediction fold:1/3
2019-12-20 08:54:44,984 runner line131 [INFO][run_predict_cv] 20191220_085444_ModelXGB- end prediction fold:2/3
2019-12-20 08:54:44,986 runner line131 [INFO][run_predict_cv] 20191220_085444_ModelXGB- end prediction fold:3/3
2019-12-20 08:54:44,989 runner line140 [INFO][run_predict_cv] 20191220_085444_ModelXGB - end prediction cv
2019-12-20 08:54:44,989 run line61 [INFO][run] ********************************************************
2019-12-20 08:54:44,989 run line62 [INFO][run] ********************* end pipeline *********************
2019-12-20 08:54:44,989 run line63 [INFO][run] ********************************************************
