2019-12-14 17:53:18,429 run line76 [INFO][<module>] ******************** start pipeline ********************
2019-12-14 17:53:18,429 runner line70 [INFO][run_train_cv] 20191214_175318_ModelXGB - start training cv
2019-12-14 17:53:18,429 runner line79 [INFO][run_train_cv] 20191214_175318_ModelXGB fold 0 - start training
2019-12-14 17:53:18,470 runner line81 [INFO][run_train_cv] 20191214_175318_ModelXGB fold 0 - end training - score 0.6587497357811246
2019-12-14 17:53:18,471 runner line79 [INFO][run_train_cv] 20191214_175318_ModelXGB fold 1 - start training
2019-12-14 17:53:18,505 runner line81 [INFO][run_train_cv] 20191214_175318_ModelXGB fold 1 - end training - score 0.6664849961442607
2019-12-14 17:53:18,505 runner line79 [INFO][run_train_cv] 20191214_175318_ModelXGB fold 2 - start training
2019-12-14 17:53:18,538 runner line81 [INFO][run_train_cv] 20191214_175318_ModelXGB fold 2 - end training - score 0.6521935257044705
2019-12-14 17:53:18,539 runner line79 [INFO][run_train_cv] 20191214_175318_ModelXGB fold 3 - start training
2019-12-14 17:53:18,578 runner line81 [INFO][run_train_cv] 20191214_175318_ModelXGB fold 3 - end training - score 0.6572732567787171
2019-12-14 17:53:18,579 runner line97 [INFO][run_train_cv] 20191214_175318_ModelXGB - end training cv - score 0.6586753786021432
2019-12-14 17:53:18,579 runner line109 [INFO][run_predict_cv] 20191214_175318_ModelXGB - start prediction cv
2019-12-14 17:53:18,580 runner line117 [INFO][run_predict_cv] 20191214_175318_ModelXGB - start prediction fold:0
2019-12-14 17:53:18,582 runner line122 [INFO][run_predict_cv] 20191214_175318_ModelXGB - end prediction fold:0
2019-12-14 17:53:18,582 runner line117 [INFO][run_predict_cv] 20191214_175318_ModelXGB - start prediction fold:1
2019-12-14 17:53:18,585 runner line122 [INFO][run_predict_cv] 20191214_175318_ModelXGB - end prediction fold:1
2019-12-14 17:53:18,585 runner line117 [INFO][run_predict_cv] 20191214_175318_ModelXGB - start prediction fold:2
2019-12-14 17:53:18,587 runner line122 [INFO][run_predict_cv] 20191214_175318_ModelXGB - end prediction fold:2
2019-12-14 17:53:18,587 runner line117 [INFO][run_predict_cv] 20191214_175318_ModelXGB - start prediction fold:3
2019-12-14 17:53:18,588 runner line122 [INFO][run_predict_cv] 20191214_175318_ModelXGB - end prediction fold:3
2019-12-14 17:53:18,589 runner line130 [INFO][run_predict_cv] 20191214_175318_ModelXGB - end prediction cv
2019-12-14 17:53:18,589 run line80 [INFO][<module>] ******************** end pipeline ********************
2019-12-14 17:53:18,589 run line81 [DEBUG][<module>] this is debug
