2019-12-15 16:52:15,868 run line53 [INFO][run] ******************** start pipeline ********************
2019-12-15 16:52:15,869 runner line77 [INFO][run_train_cv] 20191215_165215_ModelXGB - start training cv
2019-12-15 16:52:15,869 runner line86 [INFO][run_train_cv] 20191215_165215_ModelXGB fold 0 - start training
2019-12-15 16:52:15,873 util line33 [ERROR][load_csv] 891
2019-12-15 16:52:15,876 util line33 [ERROR][load_csv] 891
2019-12-15 16:52:15,878 runner line57 [ERROR][train_fold] 222
2019-12-15 16:52:15,878 runner line58 [ERROR][train_fold] [  1   2   3   4   5   7   9  11  12  14  15  16  17  19  20  21  22  23
  24  25  26  27  28  29  31  32  33  34  36  37  39  40  42  43  46  47
  49  50  51  53  54  55  56  57  60  61  64  67  68  69  70  71  72  73
  75  76  77  78  79  83  84  85  86  88  89  90  91  93  94  95  96  97
  98  99 101 102 103 104 106 107 108 109 110 111 113 114 115 116 117 118
 119 120 122 124 125 126 128 129 130 131 132 134 135 136 137 139 140 142
 144 145 146 149 153 154 155 156 157 158 161 162 163 164 165 166 167 169
 170 171 172 174 176 177 178 179 180 182 183 184 185 186 188 189 190 193
 194 195 196 198 199 201 202 203 204 205 206 207 209 211 212 214 215 216
 217 218 219 220 221 222 223 226 229 230 232 233 235 237 238 239 240 241
 242 243 244 246 247 248 249 250 251 253 254 255 256 257 258 259 260 262
 263 264 265 266 267 268 269 270 272 273 274 276 277 278 279 280 281 282
 283 284 286 287 288 289 292 293 294 295 296 297 299 300 302 303 304 305
 306 307 308 310 311 312 313 314 315 316 317 319 320 322 324 325 328 329
 334 335 336 338 339 340 342 343 344 345 346 347 349 351 354 355 357 358
 359 360 361 363 364 365 366 369 370 371 374 375 377 378 383 384 385 386
 387 388 389 390 392 394 395 396 397 398 399 400 401 402 404 406 407 408
 409 411 413 414 415 416 417 419 421 423 424 425 426 427 429 430 431 432
 433 434 435 436 437 438 439 440 441 444 445 446 447 448 449 450 451 452
 453 456 457 458 459 460 461 462 464 466 467 469 470 471 472 473 475 476
 478 479 481 482 483 484 485 487 488 489 490 491 493 494 495 496 500 501
 502 503 504 505 507 510 512 513 514 515 516 517 518 519 521 522 523 525
 526 527 528 529 531 532 533 535 536 537 538 539 541 542 543 544 545 546
 547 548 549 551 552 553 554 555 556 557 559 560 561 562 563 564 567 569
 570 571 573 574 577 578 579 580 582 585 590 591 592 593 595 596 597 598
 599 601 603 604 605 606 607 609 610 611 612 614 618 619 620 621 623 624
 625 626 627 628 629 630 631 633 634 635 636 637 638 639 641 644 646 647
 649 650 652 653 654 655 657 658 659 660 662 665 668 669 670 671 672 673
 674 675 676 677 678 679 680 681 683 685 686 687 689 691 692 693 695 696
 697 698 699 701 702 704 706 707 711 712 713 714 715 719 720 723 724 725
 727 728 729 730 732 734 735 736 740 742 743 744 747 748 749 750 751 752
 754 757 758 759 760 761 762 763 764 765 768 769 770 771 772 773 774 776
 777 778 779 780 781 783 784 785 786 787 788 789 790 791 792 793 794 795
 798 800 801 802 803 805 807 808 809 810 811 812 813 814 815 816 817 818
 819 820 821 822 823 824 825 826 827 828 830 831 832 833 835 836 837 839
 840 842 843 844 845 846 847 851 852 853 854 855 857 858 860 861 863 864
 866 867 868 870 871 874 875 876 877 878 879 880 882 883 884 885 887 889
 890]
