2019-12-27 08:55:13,917 run line58 [INFO][run] ********************************************************
2019-12-27 08:55:13,917 run line59 [INFO][run] ******************** start pipeline ********************
2019-12-27 08:55:13,917 run line60 [INFO][run] ********************************************************
2019-12-27 08:55:13,918 runner line88 [INFO][run_train_cv] 20191227_085513_ModelLGBM - start training cv
2019-12-27 08:55:13,918 runner line97 [INFO][run_train_cv] 20191227_085513_ModelLGBM fold 0 - start training
2019-12-27 08:55:13,984 runner line74 [INFO][train_fold] 
               precision    recall  f1-score   support

           0       0.82      0.89      0.85       275
           1       0.79      0.69      0.74       171

   micro avg       0.81      0.81      0.81       446
   macro avg       0.81      0.79      0.80       446
weighted avg       0.81      0.81      0.81       446

2019-12-27 08:55:14,014 runner line99 [INFO][run_train_cv] 20191227_085513_ModelLGBM fold 0 - end training - valid-score 6.5051
2019-12-27 08:55:14,018 runner line104 [DEBUG][run_train_cv] save model 0
2019-12-27 08:55:14,018 runner line97 [INFO][run_train_cv] 20191227_085513_ModelLGBM fold 1 - start training
2019-12-27 08:55:14,078 runner line74 [INFO][train_fold] 
               precision    recall  f1-score   support

           0       0.82      0.87      0.84       274
           1       0.77      0.68      0.72       171

   micro avg       0.80      0.80      0.80       445
   macro avg       0.79      0.78      0.78       445
weighted avg       0.80      0.80      0.80       445

2019-12-27 08:55:14,107 runner line99 [INFO][run_train_cv] 20191227_085513_ModelLGBM fold 1 - end training - valid-score 6.9078
2019-12-27 08:55:14,111 runner line104 [DEBUG][run_train_cv] save model 1
2019-12-27 08:55:14,474 runner line127 [INFO][run_train_cv] 20191227_085513_ModelLGBM - end training cv - oof score mean:6.7065, std:0.2014
2019-12-27 08:55:14,481 runner line141 [INFO][run_predict_cv] 20191227_085513_ModelLGBM - start prediction cv
2019-12-27 08:55:14,487 runner line154 [INFO][run_predict_cv] 20191227_085513_ModelLGBM - end prediction fold:0/1
2019-12-27 08:55:14,492 runner line154 [INFO][run_predict_cv] 20191227_085513_ModelLGBM - end prediction fold:1/1
2019-12-27 08:55:14,495 runner line163 [INFO][run_predict_cv] 20191227_085513_ModelLGBM - end prediction cv
2019-12-27 08:55:14,495 run line64 [INFO][run] ********************************************************
2019-12-27 08:55:14,496 run line65 [INFO][run] ********************* end pipeline *********************
2019-12-27 08:55:14,496 run line66 [INFO][run] ********************************************************
