2019-12-20 08:57:59,221 run line55 [INFO][run] ********************************************************
2019-12-20 08:57:59,222 run line56 [INFO][run] ******************** start pipeline ********************
2019-12-20 08:57:59,222 run line57 [INFO][run] ********************************************************
2019-12-20 08:57:59,222 runner line75 [INFO][run_train_cv] 20191220_085759_ModelXGB - start training cv
2019-12-20 08:57:59,222 runner line84 [INFO][run_train_cv] 20191220_085759_ModelXGB fold 0 - start training
2019-12-20 08:57:59,833 runner line86 [INFO][run_train_cv] 20191220_085759_ModelXGB fold 0 - end training - score 0.6387
2019-12-20 08:57:59,833 runner line91 [DEBUG][run_train_cv] save model 0
2019-12-20 08:57:59,834 runner line84 [INFO][run_train_cv] 20191220_085759_ModelXGB fold 1 - start training
2019-12-20 08:58:00,121 runner line86 [INFO][run_train_cv] 20191220_085759_ModelXGB fold 1 - end training - score 0.6611
2019-12-20 08:58:00,121 runner line91 [DEBUG][run_train_cv] save model 1
2019-12-20 08:58:00,121 runner line84 [INFO][run_train_cv] 20191220_085759_ModelXGB fold 2 - start training
2019-12-20 08:58:01,413 runner line86 [INFO][run_train_cv] 20191220_085759_ModelXGB fold 2 - end training - score 0.5988
2019-12-20 08:58:01,415 runner line91 [DEBUG][run_train_cv] save model 2
2019-12-20 08:58:01,415 runner line84 [INFO][run_train_cv] 20191220_085759_ModelXGB fold 3 - start training
2019-12-20 08:58:02,200 runner line86 [INFO][run_train_cv] 20191220_085759_ModelXGB fold 3 - end training - score 0.6369
2019-12-20 08:58:02,201 runner line91 [DEBUG][run_train_cv] save model 3
2019-12-20 08:58:02,201 runner line104 [INFO][run_train_cv] 20191220_085759_ModelXGB - end training cv - oof score mean:0.6339, std:0.0224
2019-12-20 08:58:02,212 runner line118 [INFO][run_predict_cv] 20191220_085759_ModelXGB - start prediction cv
2019-12-20 08:58:02,215 runner line131 [INFO][run_predict_cv] 20191220_085759_ModelXGB- end prediction fold:0/3
2019-12-20 08:58:02,217 runner line131 [INFO][run_predict_cv] 20191220_085759_ModelXGB- end prediction fold:1/3
2019-12-20 08:58:02,220 runner line131 [INFO][run_predict_cv] 20191220_085759_ModelXGB- end prediction fold:2/3
2019-12-20 08:58:02,223 runner line131 [INFO][run_predict_cv] 20191220_085759_ModelXGB- end prediction fold:3/3
2019-12-20 08:58:02,227 runner line140 [INFO][run_predict_cv] 20191220_085759_ModelXGB - end prediction cv
2019-12-20 08:58:02,227 run line61 [INFO][run] ********************************************************
2019-12-20 08:58:02,228 run line62 [INFO][run] ********************* end pipeline *********************
2019-12-20 08:58:02,228 run line63 [INFO][run] ********************************************************
