2019-12-26 08:57:08,205 run line55 [INFO][run] ********************************************************
2019-12-26 08:57:08,205 run line56 [INFO][run] ******************** start pipeline ********************
2019-12-26 08:57:08,205 run line57 [INFO][run] ********************************************************
2019-12-26 08:57:08,205 runner line84 [INFO][run_train_cv] 20191226_085708_ModelXGB - start training cv
2019-12-26 08:57:08,205 runner line93 [INFO][run_train_cv] 20191226_085708_ModelXGB fold 0 - start training
2019-12-26 08:57:08,460 runner line95 [INFO][run_train_cv] 20191226_085708_ModelXGB fold 0 - end training - score 0.6047
2019-12-26 08:57:08,460 runner line100 [DEBUG][run_train_cv] save model 0
2019-12-26 08:57:08,461 runner line93 [INFO][run_train_cv] 20191226_085708_ModelXGB fold 1 - start training
2019-12-26 08:57:08,670 runner line95 [INFO][run_train_cv] 20191226_085708_ModelXGB fold 1 - end training - score 0.6309
2019-12-26 08:57:08,671 runner line100 [DEBUG][run_train_cv] save model 1
2019-12-26 08:57:08,671 runner line93 [INFO][run_train_cv] 20191226_085708_ModelXGB fold 2 - start training
2019-12-26 08:57:08,900 runner line95 [INFO][run_train_cv] 20191226_085708_ModelXGB fold 2 - end training - score 0.6003
2019-12-26 08:57:08,901 runner line100 [DEBUG][run_train_cv] save model 2
2019-12-26 08:57:08,901 runner line93 [INFO][run_train_cv] 20191226_085708_ModelXGB fold 3 - start training
2019-12-26 08:57:09,111 runner line95 [INFO][run_train_cv] 20191226_085708_ModelXGB fold 3 - end training - score 0.6123
2019-12-26 08:57:09,111 runner line100 [DEBUG][run_train_cv] save model 3
2019-12-26 08:57:09,499 runner line121 [INFO][run_train_cv] 20191226_085708_ModelXGB - end training cv - oof score mean:0.6121, std:0.0117
2019-12-26 08:57:09,516 runner line135 [INFO][run_predict_cv] 20191226_085708_ModelXGB - start prediction cv
2019-12-26 08:57:09,520 runner line148 [INFO][run_predict_cv] 20191226_085708_ModelXGB- end prediction fold:0/3
2019-12-26 08:57:09,522 runner line148 [INFO][run_predict_cv] 20191226_085708_ModelXGB- end prediction fold:1/3
2019-12-26 08:57:09,525 runner line148 [INFO][run_predict_cv] 20191226_085708_ModelXGB- end prediction fold:2/3
2019-12-26 08:57:09,528 runner line148 [INFO][run_predict_cv] 20191226_085708_ModelXGB- end prediction fold:3/3
2019-12-26 08:57:09,533 runner line157 [INFO][run_predict_cv] 20191226_085708_ModelXGB - end prediction cv
2019-12-26 08:57:09,533 run line61 [INFO][run] ********************************************************
2019-12-26 08:57:09,533 run line62 [INFO][run] ********************* end pipeline *********************
2019-12-26 08:57:09,533 run line63 [INFO][run] ********************************************************
