2019-12-26 09:11:56,300 run line55 [INFO][run] ********************************************************
2019-12-26 09:11:56,300 run line56 [INFO][run] ******************** start pipeline ********************
2019-12-26 09:11:56,300 run line57 [INFO][run] ********************************************************
2019-12-26 09:11:56,301 runner line86 [INFO][run_train_cv] 20191226_091156_ModelXGB - start training cv
2019-12-26 09:11:56,301 runner line95 [INFO][run_train_cv] 20191226_091156_ModelXGB fold 0 - start training
2019-12-26 09:11:56,672 runner line97 [INFO][run_train_cv] 20191226_091156_ModelXGB fold 0 - end training - score 0.5125
2019-12-26 09:11:56,673 runner line102 [DEBUG][run_train_cv] save model 0
2019-12-26 09:11:56,673 runner line95 [INFO][run_train_cv] 20191226_091156_ModelXGB fold 1 - start training
2019-12-26 09:11:56,897 runner line97 [INFO][run_train_cv] 20191226_091156_ModelXGB fold 1 - end training - score 0.5422
2019-12-26 09:11:56,898 runner line102 [DEBUG][run_train_cv] save model 1
2019-12-26 09:11:56,898 runner line95 [INFO][run_train_cv] 20191226_091156_ModelXGB fold 2 - start training
2019-12-26 09:11:57,116 runner line97 [INFO][run_train_cv] 20191226_091156_ModelXGB fold 2 - end training - score 0.5218
2019-12-26 09:11:57,117 runner line102 [DEBUG][run_train_cv] save model 2
2019-12-26 09:11:57,117 runner line95 [INFO][run_train_cv] 20191226_091156_ModelXGB fold 3 - start training
2019-12-26 09:11:57,335 runner line97 [INFO][run_train_cv] 20191226_091156_ModelXGB fold 3 - end training - score 0.5325
2019-12-26 09:11:57,336 runner line102 [DEBUG][run_train_cv] save model 3
2019-12-26 09:11:57,762 runner line123 [INFO][run_train_cv] 20191226_091156_ModelXGB - end training cv - oof score mean:0.5273, std:0.0112
2019-12-26 09:11:57,769 runner line137 [INFO][run_predict_cv] 20191226_091156_ModelXGB - start prediction cv
2019-12-26 09:11:57,777 runner line150 [INFO][run_predict_cv] 20191226_091156_ModelXGB - end prediction fold:0/3
2019-12-26 09:11:57,781 runner line150 [INFO][run_predict_cv] 20191226_091156_ModelXGB - end prediction fold:1/3
2019-12-26 09:11:57,783 runner line150 [INFO][run_predict_cv] 20191226_091156_ModelXGB - end prediction fold:2/3
2019-12-26 09:11:57,786 runner line150 [INFO][run_predict_cv] 20191226_091156_ModelXGB - end prediction fold:3/3
2019-12-26 09:11:57,795 runner line159 [INFO][run_predict_cv] 20191226_091156_ModelXGB - end prediction cv
2019-12-26 09:11:57,796 run line61 [INFO][run] ********************************************************
2019-12-26 09:11:57,796 run line62 [INFO][run] ********************* end pipeline *********************
2019-12-26 09:11:57,796 run line63 [INFO][run] ********************************************************
