2019-12-20 08:35:58,762 run line55 [INFO][run] ********************************************************
2019-12-20 08:35:58,762 run line56 [INFO][run] ******************** start pipeline ********************
2019-12-20 08:35:58,762 run line57 [INFO][run] ********************************************************
2019-12-20 08:35:58,762 runner line75 [INFO][run_train_cv] 20191220_083558_ModelXGB - start training cv
2019-12-20 08:35:58,762 runner line84 [INFO][run_train_cv] 20191220_083558_ModelXGB fold 0 - start training
2019-12-20 08:35:58,800 runner line86 [INFO][run_train_cv] 20191220_083558_ModelXGB fold 0 - end training - score 0.6432
2019-12-20 08:35:58,801 runner line91 [DEBUG][run_train_cv] save model 0
2019-12-20 08:35:58,801 runner line84 [INFO][run_train_cv] 20191220_083558_ModelXGB fold 1 - start training
2019-12-20 08:35:58,835 runner line86 [INFO][run_train_cv] 20191220_083558_ModelXGB fold 1 - end training - score 0.6595
2019-12-20 08:35:58,835 runner line91 [DEBUG][run_train_cv] save model 1
2019-12-20 08:35:58,836 runner line84 [INFO][run_train_cv] 20191220_083558_ModelXGB fold 2 - start training
2019-12-20 08:35:58,871 runner line86 [INFO][run_train_cv] 20191220_083558_ModelXGB fold 2 - end training - score 0.6167
2019-12-20 08:35:58,872 runner line91 [DEBUG][run_train_cv] save model 2
2019-12-20 08:35:58,872 runner line84 [INFO][run_train_cv] 20191220_083558_ModelXGB fold 3 - start training
2019-12-20 08:35:58,912 runner line86 [INFO][run_train_cv] 20191220_083558_ModelXGB fold 3 - end training - score 0.6443
2019-12-20 08:35:58,913 runner line91 [DEBUG][run_train_cv] save model 3
2019-12-20 08:35:58,913 runner line104 [INFO][run_train_cv] 20191220_083558_ModelXGB - end training cv - oof score mean:0.6409, std:0.0154
2019-12-20 08:35:58,923 runner line118 [INFO][run_predict_cv] 20191220_083558_ModelXGB - start prediction cv
2019-12-20 08:35:58,927 runner line131 [INFO][run_predict_cv] 20191220_083558_ModelXGB- end prediction fold:0/3
2019-12-20 08:35:58,930 runner line131 [INFO][run_predict_cv] 20191220_083558_ModelXGB- end prediction fold:1/3
2019-12-20 08:35:58,932 runner line131 [INFO][run_predict_cv] 20191220_083558_ModelXGB- end prediction fold:2/3
2019-12-20 08:35:58,935 runner line131 [INFO][run_predict_cv] 20191220_083558_ModelXGB- end prediction fold:3/3
2019-12-20 08:35:58,939 runner line140 [INFO][run_predict_cv] 20191220_083558_ModelXGB - end prediction cv
2019-12-20 08:35:58,939 run line61 [INFO][run] ********************************************************
2019-12-20 08:35:58,939 run line62 [INFO][run] ********************* end pipeline *********************
2019-12-20 08:35:58,939 run line63 [INFO][run] ********************************************************
2019-12-20 08:35:58,940 run line55 [INFO][run] ********************************************************
2019-12-20 08:35:58,940 run line55 [INFO][run] ********************************************************
2019-12-20 08:35:58,940 run line56 [INFO][run] ******************** start pipeline ********************
2019-12-20 08:35:58,940 run line56 [INFO][run] ******************** start pipeline ********************
2019-12-20 08:35:58,940 run line57 [INFO][run] ********************************************************
2019-12-20 08:35:58,940 run line57 [INFO][run] ********************************************************
2019-12-20 08:35:58,941 runner line75 [INFO][run_train_cv] 20191220_083558_ModelXGB - start training cv
2019-12-20 08:35:58,941 runner line75 [INFO][run_train_cv] 20191220_083558_ModelXGB - start training cv
2019-12-20 08:35:58,941 runner line84 [INFO][run_train_cv] 20191220_083558_ModelXGB fold 0 - start training
2019-12-20 08:35:58,941 runner line84 [INFO][run_train_cv] 20191220_083558_ModelXGB fold 0 - start training
2019-12-20 08:35:58,976 runner line86 [INFO][run_train_cv] 20191220_083558_ModelXGB fold 0 - end training - score 0.6432
2019-12-20 08:35:58,976 runner line86 [INFO][run_train_cv] 20191220_083558_ModelXGB fold 0 - end training - score 0.6432
2019-12-20 08:35:58,977 runner line91 [DEBUG][run_train_cv] save model 0
2019-12-20 08:35:58,977 runner line91 [DEBUG][run_train_cv] save model 0
2019-12-20 08:35:58,977 runner line84 [INFO][run_train_cv] 20191220_083558_ModelXGB fold 1 - start training
2019-12-20 08:35:58,977 runner line84 [INFO][run_train_cv] 20191220_083558_ModelXGB fold 1 - start training
2019-12-20 08:35:59,013 runner line86 [INFO][run_train_cv] 20191220_083558_ModelXGB fold 1 - end training - score 0.6595
2019-12-20 08:35:59,013 runner line86 [INFO][run_train_cv] 20191220_083558_ModelXGB fold 1 - end training - score 0.6595
2019-12-20 08:35:59,014 runner line91 [DEBUG][run_train_cv] save model 1
2019-12-20 08:35:59,014 runner line91 [DEBUG][run_train_cv] save model 1
2019-12-20 08:35:59,014 runner line84 [INFO][run_train_cv] 20191220_083558_ModelXGB fold 2 - start training
2019-12-20 08:35:59,014 runner line84 [INFO][run_train_cv] 20191220_083558_ModelXGB fold 2 - start training
2019-12-20 08:35:59,049 runner line86 [INFO][run_train_cv] 20191220_083558_ModelXGB fold 2 - end training - score 0.6167
2019-12-20 08:35:59,049 runner line86 [INFO][run_train_cv] 20191220_083558_ModelXGB fold 2 - end training - score 0.6167
2019-12-20 08:35:59,050 runner line91 [DEBUG][run_train_cv] save model 2
2019-12-20 08:35:59,050 runner line91 [DEBUG][run_train_cv] save model 2
2019-12-20 08:35:59,050 runner line84 [INFO][run_train_cv] 20191220_083558_ModelXGB fold 3 - start training
2019-12-20 08:35:59,050 runner line84 [INFO][run_train_cv] 20191220_083558_ModelXGB fold 3 - start training
2019-12-20 08:35:59,085 runner line86 [INFO][run_train_cv] 20191220_083558_ModelXGB fold 3 - end training - score 0.6443
2019-12-20 08:35:59,085 runner line86 [INFO][run_train_cv] 20191220_083558_ModelXGB fold 3 - end training - score 0.6443
2019-12-20 08:35:59,085 runner line91 [DEBUG][run_train_cv] save model 3
2019-12-20 08:35:59,085 runner line91 [DEBUG][run_train_cv] save model 3
2019-12-20 08:35:59,086 runner line104 [INFO][run_train_cv] 20191220_083558_ModelXGB - end training cv - oof score mean:0.6409, std:0.0154
2019-12-20 08:35:59,086 runner line104 [INFO][run_train_cv] 20191220_083558_ModelXGB - end training cv - oof score mean:0.6409, std:0.0154
2019-12-20 08:35:59,095 runner line118 [INFO][run_predict_cv] 20191220_083558_ModelXGB - start prediction cv
2019-12-20 08:35:59,095 runner line118 [INFO][run_predict_cv] 20191220_083558_ModelXGB - start prediction cv
2019-12-20 08:35:59,099 runner line131 [INFO][run_predict_cv] 20191220_083558_ModelXGB- end prediction fold:0/3
2019-12-20 08:35:59,099 runner line131 [INFO][run_predict_cv] 20191220_083558_ModelXGB- end prediction fold:0/3
2019-12-20 08:35:59,101 runner line131 [INFO][run_predict_cv] 20191220_083558_ModelXGB- end prediction fold:1/3
2019-12-20 08:35:59,101 runner line131 [INFO][run_predict_cv] 20191220_083558_ModelXGB- end prediction fold:1/3
2019-12-20 08:35:59,122 runner line131 [INFO][run_predict_cv] 20191220_083558_ModelXGB- end prediction fold:2/3
2019-12-20 08:35:59,122 runner line131 [INFO][run_predict_cv] 20191220_083558_ModelXGB- end prediction fold:2/3
2019-12-20 08:35:59,124 runner line131 [INFO][run_predict_cv] 20191220_083558_ModelXGB- end prediction fold:3/3
2019-12-20 08:35:59,124 runner line131 [INFO][run_predict_cv] 20191220_083558_ModelXGB- end prediction fold:3/3
2019-12-20 08:35:59,139 runner line140 [INFO][run_predict_cv] 20191220_083558_ModelXGB - end prediction cv
2019-12-20 08:35:59,139 runner line140 [INFO][run_predict_cv] 20191220_083558_ModelXGB - end prediction cv
2019-12-20 08:35:59,140 run line61 [INFO][run] ********************************************************
2019-12-20 08:35:59,140 run line61 [INFO][run] ********************************************************
2019-12-20 08:35:59,140 run line62 [INFO][run] ********************* end pipeline *********************
2019-12-20 08:35:59,140 run line62 [INFO][run] ********************* end pipeline *********************
2019-12-20 08:35:59,140 run line63 [INFO][run] ********************************************************
2019-12-20 08:35:59,140 run line63 [INFO][run] ********************************************************
2019-12-20 08:35:59,143 run line55 [INFO][run] ********************************************************
2019-12-20 08:35:59,143 run line55 [INFO][run] ********************************************************
2019-12-20 08:35:59,144 run line56 [INFO][run] ******************** start pipeline ********************
2019-12-20 08:35:59,144 run line56 [INFO][run] ******************** start pipeline ********************
2019-12-20 08:35:59,144 run line57 [INFO][run] ********************************************************
2019-12-20 08:35:59,144 run line57 [INFO][run] ********************************************************
2019-12-20 08:35:59,145 runner line75 [INFO][run_train_cv] 20191220_083559_ModelXGB - start training cv
2019-12-20 08:35:59,145 runner line75 [INFO][run_train_cv] 20191220_083559_ModelXGB - start training cv
2019-12-20 08:35:59,145 runner line84 [INFO][run_train_cv] 20191220_083559_ModelXGB fold 0 - start training
2019-12-20 08:35:59,145 runner line84 [INFO][run_train_cv] 20191220_083559_ModelXGB fold 0 - start training
2019-12-20 08:35:59,204 runner line86 [INFO][run_train_cv] 20191220_083559_ModelXGB fold 0 - end training - score 0.6432
2019-12-20 08:35:59,204 runner line86 [INFO][run_train_cv] 20191220_083559_ModelXGB fold 0 - end training - score 0.6432
2019-12-20 08:35:59,205 runner line91 [DEBUG][run_train_cv] save model 0
2019-12-20 08:35:59,205 runner line91 [DEBUG][run_train_cv] save model 0
2019-12-20 08:35:59,205 runner line84 [INFO][run_train_cv] 20191220_083559_ModelXGB fold 1 - start training
2019-12-20 08:35:59,205 runner line84 [INFO][run_train_cv] 20191220_083559_ModelXGB fold 1 - start training
2019-12-20 08:35:59,237 runner line86 [INFO][run_train_cv] 20191220_083559_ModelXGB fold 1 - end training - score 0.6595
2019-12-20 08:35:59,237 runner line86 [INFO][run_train_cv] 20191220_083559_ModelXGB fold 1 - end training - score 0.6595
2019-12-20 08:35:59,237 runner line91 [DEBUG][run_train_cv] save model 1
2019-12-20 08:35:59,237 runner line91 [DEBUG][run_train_cv] save model 1
2019-12-20 08:35:59,237 runner line84 [INFO][run_train_cv] 20191220_083559_ModelXGB fold 2 - start training
2019-12-20 08:35:59,237 runner line84 [INFO][run_train_cv] 20191220_083559_ModelXGB fold 2 - start training
2019-12-20 08:35:59,270 runner line86 [INFO][run_train_cv] 20191220_083559_ModelXGB fold 2 - end training - score 0.6167
2019-12-20 08:35:59,270 runner line86 [INFO][run_train_cv] 20191220_083559_ModelXGB fold 2 - end training - score 0.6167
2019-12-20 08:35:59,270 runner line91 [DEBUG][run_train_cv] save model 2
2019-12-20 08:35:59,270 runner line91 [DEBUG][run_train_cv] save model 2
2019-12-20 08:35:59,270 runner line84 [INFO][run_train_cv] 20191220_083559_ModelXGB fold 3 - start training
2019-12-20 08:35:59,270 runner line84 [INFO][run_train_cv] 20191220_083559_ModelXGB fold 3 - start training
2019-12-20 08:35:59,304 runner line86 [INFO][run_train_cv] 20191220_083559_ModelXGB fold 3 - end training - score 0.6443
2019-12-20 08:35:59,304 runner line86 [INFO][run_train_cv] 20191220_083559_ModelXGB fold 3 - end training - score 0.6443
2019-12-20 08:35:59,304 runner line91 [DEBUG][run_train_cv] save model 3
2019-12-20 08:35:59,304 runner line91 [DEBUG][run_train_cv] save model 3
2019-12-20 08:35:59,305 runner line104 [INFO][run_train_cv] 20191220_083559_ModelXGB - end training cv - oof score mean:0.6409, std:0.0154
2019-12-20 08:35:59,305 runner line104 [INFO][run_train_cv] 20191220_083559_ModelXGB - end training cv - oof score mean:0.6409, std:0.0154
2019-12-20 08:35:59,314 runner line118 [INFO][run_predict_cv] 20191220_083559_ModelXGB - start prediction cv
2019-12-20 08:35:59,314 runner line118 [INFO][run_predict_cv] 20191220_083559_ModelXGB - start prediction cv
2019-12-20 08:35:59,317 runner line131 [INFO][run_predict_cv] 20191220_083559_ModelXGB- end prediction fold:0/3
2019-12-20 08:35:59,317 runner line131 [INFO][run_predict_cv] 20191220_083559_ModelXGB- end prediction fold:0/3
2019-12-20 08:35:59,319 runner line131 [INFO][run_predict_cv] 20191220_083559_ModelXGB- end prediction fold:1/3
2019-12-20 08:35:59,319 runner line131 [INFO][run_predict_cv] 20191220_083559_ModelXGB- end prediction fold:1/3
2019-12-20 08:35:59,322 runner line131 [INFO][run_predict_cv] 20191220_083559_ModelXGB- end prediction fold:2/3
2019-12-20 08:35:59,322 runner line131 [INFO][run_predict_cv] 20191220_083559_ModelXGB- end prediction fold:2/3
2019-12-20 08:35:59,325 runner line131 [INFO][run_predict_cv] 20191220_083559_ModelXGB- end prediction fold:3/3
2019-12-20 08:35:59,325 runner line131 [INFO][run_predict_cv] 20191220_083559_ModelXGB- end prediction fold:3/3
2019-12-20 08:35:59,329 runner line140 [INFO][run_predict_cv] 20191220_083559_ModelXGB - end prediction cv
2019-12-20 08:35:59,329 runner line140 [INFO][run_predict_cv] 20191220_083559_ModelXGB - end prediction cv
2019-12-20 08:35:59,330 run line61 [INFO][run] ********************************************************
2019-12-20 08:35:59,330 run line61 [INFO][run] ********************************************************
2019-12-20 08:35:59,330 run line62 [INFO][run] ********************* end pipeline *********************
2019-12-20 08:35:59,330 run line62 [INFO][run] ********************* end pipeline *********************
2019-12-20 08:35:59,331 run line63 [INFO][run] ********************************************************
2019-12-20 08:35:59,331 run line63 [INFO][run] ********************************************************
