2019-12-20 08:30:49,931 run line54 [INFO][run] ******************** start pipeline ********************
2019-12-20 08:30:49,931 runner line75 [INFO][run_train_cv] 20191220_083049_ModelXGB - start training cv
2019-12-20 08:30:49,931 runner line84 [INFO][run_train_cv] 20191220_083049_ModelXGB fold 0 - start training
2019-12-20 08:30:50,077 runner line86 [INFO][run_train_cv] 20191220_083049_ModelXGB fold 0 - end training - score 0.6432
2019-12-20 08:30:50,078 runner line91 [DEBUG][run_train_cv] save model 0
2019-12-20 08:30:50,078 runner line84 [INFO][run_train_cv] 20191220_083049_ModelXGB fold 1 - start training
2019-12-20 08:30:50,117 runner line86 [INFO][run_train_cv] 20191220_083049_ModelXGB fold 1 - end training - score 0.6595
2019-12-20 08:30:50,117 runner line91 [DEBUG][run_train_cv] save model 1
2019-12-20 08:30:50,117 runner line84 [INFO][run_train_cv] 20191220_083049_ModelXGB fold 2 - start training
2019-12-20 08:30:50,152 runner line86 [INFO][run_train_cv] 20191220_083049_ModelXGB fold 2 - end training - score 0.6167
2019-12-20 08:30:50,153 runner line91 [DEBUG][run_train_cv] save model 2
2019-12-20 08:30:50,153 runner line84 [INFO][run_train_cv] 20191220_083049_ModelXGB fold 3 - start training
2019-12-20 08:30:50,189 runner line86 [INFO][run_train_cv] 20191220_083049_ModelXGB fold 3 - end training - score 0.6443
2019-12-20 08:30:50,189 runner line91 [DEBUG][run_train_cv] save model 3
2019-12-20 08:30:50,189 runner line104 [INFO][run_train_cv] 20191220_083049_ModelXGB - end training cv - oof score mean:0.6409, std:0.0154
2019-12-20 08:30:50,199 runner line118 [INFO][run_predict_cv] 20191220_083049_ModelXGB - start prediction cv
2019-12-20 08:30:50,202 runner line131 [INFO][run_predict_cv] 20191220_083049_ModelXGB- end prediction fold:0/3
2019-12-20 08:30:50,205 runner line131 [INFO][run_predict_cv] 20191220_083049_ModelXGB- end prediction fold:1/3
2019-12-20 08:30:50,208 runner line131 [INFO][run_predict_cv] 20191220_083049_ModelXGB- end prediction fold:2/3
2019-12-20 08:30:50,210 runner line131 [INFO][run_predict_cv] 20191220_083049_ModelXGB- end prediction fold:3/3
2019-12-20 08:30:50,215 runner line140 [INFO][run_predict_cv] 20191220_083049_ModelXGB - end prediction cv
2019-12-20 08:30:50,215 run line58 [INFO][run] ******************** end pipeline ********************
2019-12-20 08:30:50,216 run line54 [INFO][run] ******************** start pipeline ********************
2019-12-20 08:30:50,217 runner line75 [INFO][run_train_cv] 20191220_083050_ModelXGB - start training cv
2019-12-20 08:30:50,217 runner line84 [INFO][run_train_cv] 20191220_083050_ModelXGB fold 0 - start training
2019-12-20 08:30:50,252 runner line86 [INFO][run_train_cv] 20191220_083050_ModelXGB fold 0 - end training - score 0.6432
2019-12-20 08:30:50,252 runner line91 [DEBUG][run_train_cv] save model 0
2019-12-20 08:30:50,252 runner line84 [INFO][run_train_cv] 20191220_083050_ModelXGB fold 1 - start training
2019-12-20 08:30:50,290 runner line86 [INFO][run_train_cv] 20191220_083050_ModelXGB fold 1 - end training - score 0.6595
2019-12-20 08:30:50,291 runner line91 [DEBUG][run_train_cv] save model 1
2019-12-20 08:30:50,291 runner line84 [INFO][run_train_cv] 20191220_083050_ModelXGB fold 2 - start training
2019-12-20 08:30:50,329 runner line86 [INFO][run_train_cv] 20191220_083050_ModelXGB fold 2 - end training - score 0.6167
2019-12-20 08:30:50,329 runner line91 [DEBUG][run_train_cv] save model 2
2019-12-20 08:30:50,329 runner line84 [INFO][run_train_cv] 20191220_083050_ModelXGB fold 3 - start training
2019-12-20 08:30:50,365 runner line86 [INFO][run_train_cv] 20191220_083050_ModelXGB fold 3 - end training - score 0.6443
2019-12-20 08:30:50,366 runner line91 [DEBUG][run_train_cv] save model 3
2019-12-20 08:30:50,366 runner line104 [INFO][run_train_cv] 20191220_083050_ModelXGB - end training cv - oof score mean:0.6409, std:0.0154
2019-12-20 08:30:50,377 runner line118 [INFO][run_predict_cv] 20191220_083050_ModelXGB - start prediction cv
2019-12-20 08:30:50,380 runner line131 [INFO][run_predict_cv] 20191220_083050_ModelXGB- end prediction fold:0/3
2019-12-20 08:30:50,382 runner line131 [INFO][run_predict_cv] 20191220_083050_ModelXGB- end prediction fold:1/3
2019-12-20 08:30:50,384 runner line131 [INFO][run_predict_cv] 20191220_083050_ModelXGB- end prediction fold:2/3
2019-12-20 08:30:50,388 runner line131 [INFO][run_predict_cv] 20191220_083050_ModelXGB- end prediction fold:3/3
2019-12-20 08:30:50,393 runner line140 [INFO][run_predict_cv] 20191220_083050_ModelXGB - end prediction cv
2019-12-20 08:30:50,393 run line58 [INFO][run] ******************** end pipeline ********************
2019-12-20 08:30:50,394 run line54 [INFO][run] ******************** start pipeline ********************
2019-12-20 08:30:50,395 runner line75 [INFO][run_train_cv] 20191220_083050_ModelXGB - start training cv
2019-12-20 08:30:50,395 runner line84 [INFO][run_train_cv] 20191220_083050_ModelXGB fold 0 - start training
2019-12-20 08:30:50,428 runner line86 [INFO][run_train_cv] 20191220_083050_ModelXGB fold 0 - end training - score 0.6432
2019-12-20 08:30:50,428 runner line91 [DEBUG][run_train_cv] save model 0
2019-12-20 08:30:50,429 runner line84 [INFO][run_train_cv] 20191220_083050_ModelXGB fold 1 - start training
2019-12-20 08:30:50,466 runner line86 [INFO][run_train_cv] 20191220_083050_ModelXGB fold 1 - end training - score 0.6595
2019-12-20 08:30:50,467 runner line91 [DEBUG][run_train_cv] save model 1
2019-12-20 08:30:50,467 runner line84 [INFO][run_train_cv] 20191220_083050_ModelXGB fold 2 - start training
2019-12-20 08:30:50,504 runner line86 [INFO][run_train_cv] 20191220_083050_ModelXGB fold 2 - end training - score 0.6167
2019-12-20 08:30:50,504 runner line91 [DEBUG][run_train_cv] save model 2
2019-12-20 08:30:50,505 runner line84 [INFO][run_train_cv] 20191220_083050_ModelXGB fold 3 - start training
2019-12-20 08:30:50,544 runner line86 [INFO][run_train_cv] 20191220_083050_ModelXGB fold 3 - end training - score 0.6443
2019-12-20 08:30:50,544 runner line91 [DEBUG][run_train_cv] save model 3
2019-12-20 08:30:50,545 runner line104 [INFO][run_train_cv] 20191220_083050_ModelXGB - end training cv - oof score mean:0.6409, std:0.0154
2019-12-20 08:30:50,553 runner line118 [INFO][run_predict_cv] 20191220_083050_ModelXGB - start prediction cv
2019-12-20 08:30:50,558 runner line131 [INFO][run_predict_cv] 20191220_083050_ModelXGB- end prediction fold:0/3
2019-12-20 08:30:50,561 runner line131 [INFO][run_predict_cv] 20191220_083050_ModelXGB- end prediction fold:1/3
2019-12-20 08:30:50,563 runner line131 [INFO][run_predict_cv] 20191220_083050_ModelXGB- end prediction fold:2/3
2019-12-20 08:30:50,566 runner line131 [INFO][run_predict_cv] 20191220_083050_ModelXGB- end prediction fold:3/3
2019-12-20 08:30:50,570 runner line140 [INFO][run_predict_cv] 20191220_083050_ModelXGB - end prediction cv
2019-12-20 08:30:50,571 run line58 [INFO][run] ******************** end pipeline ********************
