2019-12-15 17:47:54,926 run line54 [INFO][run] ******************** start pipeline ********************
2019-12-15 17:47:54,926 runner line75 [INFO][run_train_cv] 20191215_174754_ModelXGB - start training cv
2019-12-15 17:47:54,926 runner line84 [INFO][run_train_cv] 20191215_174754_ModelXGB fold 0 - start training
2019-12-15 17:47:54,961 runner line86 [INFO][run_train_cv] 20191215_174754_ModelXGB fold 0 - end training - score 0.6431673342095954
2019-12-15 17:47:54,961 runner line84 [INFO][run_train_cv] 20191215_174754_ModelXGB fold 1 - start training
2019-12-15 17:47:54,991 runner line86 [INFO][run_train_cv] 20191215_174754_ModelXGB fold 1 - end training - score 0.6594854042669048
2019-12-15 17:47:54,992 runner line84 [INFO][run_train_cv] 20191215_174754_ModelXGB fold 2 - start training
2019-12-15 17:47:55,025 runner line86 [INFO][run_train_cv] 20191215_174754_ModelXGB fold 2 - end training - score 0.6167053186947161
2019-12-15 17:47:55,025 runner line84 [INFO][run_train_cv] 20191215_174754_ModelXGB fold 3 - start training
2019-12-15 17:47:55,058 runner line86 [INFO][run_train_cv] 20191215_174754_ModelXGB fold 3 - end training - score 0.6443290111717878
2019-12-15 17:47:55,058 runner line103 [INFO][run_train_cv] 20191215_174754_ModelXGB - end training cv - score 0.640921767085751
2019-12-15 17:47:55,064 util line78 [INFO][save_oof]    PassengerId  Survived  Pclass                                               Name     Sex   Age  SibSp  Parch            Ticket     Fare Cabin Embarked
0            1         0       3                            Braund, Mr. Owen Harris    male  22.0      1      0         A/5 21171   7.2500   NaN        S
1            2         1       1  Cumings, Mrs. John Bradley (Florence Briggs Th...  female  38.0      1      0          PC 17599  71.2833   C85        C
2            3         1       3                             Heikkinen, Miss. Laina  female  26.0      0      0  STON/O2. 3101282   7.9250   NaN        S
3            4         1       1       Futrelle, Mrs. Jacques Heath (Lily May Peel)  female  35.0      1      0            113803  53.1000  C123        S
4            5         0       3                           Allen, Mr. William Henry    male  35.0      0      0            373450   8.0500   NaN        S
2019-12-15 17:47:55,095 runner line116 [INFO][run_predict_cv] 20191215_174754_ModelXGB - start prediction cv
2019-12-15 17:47:55,098 runner line129 [INFO][run_predict_cv] 20191215_174754_ModelXGB- end prediction fold:0/3
2019-12-15 17:47:55,100 runner line129 [INFO][run_predict_cv] 20191215_174754_ModelXGB- end prediction fold:1/3
2019-12-15 17:47:55,102 runner line129 [INFO][run_predict_cv] 20191215_174754_ModelXGB- end prediction fold:2/3
2019-12-15 17:47:55,104 runner line129 [INFO][run_predict_cv] 20191215_174754_ModelXGB- end prediction fold:3/3
2019-12-15 17:47:55,109 runner line138 [INFO][run_predict_cv] 20191215_174754_ModelXGB - end prediction cv
2019-12-15 17:47:55,109 run line58 [INFO][run] ******************** end pipeline ********************
