2019-12-20 09:00:09,100 run line55 [INFO][run] ********************************************************
2019-12-20 09:00:09,100 run line56 [INFO][run] ******************** start pipeline ********************
2019-12-20 09:00:09,100 run line57 [INFO][run] ********************************************************
2019-12-20 09:00:09,101 runner line75 [INFO][run_train_cv] 20191220_090009_ModelXGB - start training cv
2019-12-20 09:00:09,101 runner line84 [INFO][run_train_cv] 20191220_090009_ModelXGB fold 0 - start training
2019-12-20 09:00:09,764 runner line86 [INFO][run_train_cv] 20191220_090009_ModelXGB fold 0 - end training - score 0.6387
2019-12-20 09:00:09,765 runner line91 [DEBUG][run_train_cv] save model 0
2019-12-20 09:00:09,765 runner line84 [INFO][run_train_cv] 20191220_090009_ModelXGB fold 1 - start training
2019-12-20 09:00:10,079 runner line86 [INFO][run_train_cv] 20191220_090009_ModelXGB fold 1 - end training - score 0.6611
2019-12-20 09:00:10,080 runner line91 [DEBUG][run_train_cv] save model 1
2019-12-20 09:00:10,080 runner line84 [INFO][run_train_cv] 20191220_090009_ModelXGB fold 2 - start training
2019-12-20 09:00:11,453 runner line86 [INFO][run_train_cv] 20191220_090009_ModelXGB fold 2 - end training - score 0.5988
2019-12-20 09:00:11,454 runner line91 [DEBUG][run_train_cv] save model 2
2019-12-20 09:00:11,454 runner line84 [INFO][run_train_cv] 20191220_090009_ModelXGB fold 3 - start training
2019-12-20 09:00:12,317 runner line86 [INFO][run_train_cv] 20191220_090009_ModelXGB fold 3 - end training - score 0.6369
2019-12-20 09:00:12,318 runner line91 [DEBUG][run_train_cv] save model 3
2019-12-20 09:00:12,318 runner line104 [INFO][run_train_cv] 20191220_090009_ModelXGB - end training cv - oof score mean:0.6339, std:0.0224
2019-12-20 09:00:12,331 runner line118 [INFO][run_predict_cv] 20191220_090009_ModelXGB - start prediction cv
2019-12-20 09:00:12,334 runner line131 [INFO][run_predict_cv] 20191220_090009_ModelXGB- end prediction fold:0/3
2019-12-20 09:00:12,337 runner line131 [INFO][run_predict_cv] 20191220_090009_ModelXGB- end prediction fold:1/3
2019-12-20 09:00:12,340 runner line131 [INFO][run_predict_cv] 20191220_090009_ModelXGB- end prediction fold:2/3
2019-12-20 09:00:12,344 runner line131 [INFO][run_predict_cv] 20191220_090009_ModelXGB- end prediction fold:3/3
2019-12-20 09:00:12,348 runner line140 [INFO][run_predict_cv] 20191220_090009_ModelXGB - end prediction cv
2019-12-20 09:00:12,349 run line61 [INFO][run] ********************************************************
2019-12-20 09:00:12,349 run line62 [INFO][run] ********************* end pipeline *********************
2019-12-20 09:00:12,349 run line63 [INFO][run] ********************************************************
