2019-12-26 09:13:50,008 run line55 [INFO][run] ********************************************************
2019-12-26 09:13:50,008 run line56 [INFO][run] ******************** start pipeline ********************
2019-12-26 09:13:50,008 run line57 [INFO][run] ********************************************************
2019-12-26 09:13:50,008 runner line86 [INFO][run_train_cv] 20191226_091350_ModelXGB - start training cv
2019-12-26 09:13:50,008 runner line95 [INFO][run_train_cv] 20191226_091350_ModelXGB fold 0 - start training
2019-12-26 09:13:50,271 runner line97 [INFO][run_train_cv] 20191226_091350_ModelXGB fold 0 - end training - score 0.5125
2019-12-26 09:13:50,272 runner line102 [DEBUG][run_train_cv] save model 0
2019-12-26 09:13:50,272 runner line95 [INFO][run_train_cv] 20191226_091350_ModelXGB fold 1 - start training
2019-12-26 09:13:50,492 runner line97 [INFO][run_train_cv] 20191226_091350_ModelXGB fold 1 - end training - score 0.5422
2019-12-26 09:13:50,493 runner line102 [DEBUG][run_train_cv] save model 1
2019-12-26 09:13:50,493 runner line95 [INFO][run_train_cv] 20191226_091350_ModelXGB fold 2 - start training
2019-12-26 09:13:50,709 runner line97 [INFO][run_train_cv] 20191226_091350_ModelXGB fold 2 - end training - score 0.5218
2019-12-26 09:13:50,710 runner line102 [DEBUG][run_train_cv] save model 2
2019-12-26 09:13:50,710 runner line95 [INFO][run_train_cv] 20191226_091350_ModelXGB fold 3 - start training
2019-12-26 09:13:50,942 runner line97 [INFO][run_train_cv] 20191226_091350_ModelXGB fold 3 - end training - score 0.5325
2019-12-26 09:13:50,942 runner line102 [DEBUG][run_train_cv] save model 3
2019-12-26 09:13:51,328 runner line123 [INFO][run_train_cv] 20191226_091350_ModelXGB - end training cv - oof score mean:0.5273, std:0.0112
2019-12-26 09:13:51,335 runner line137 [INFO][run_predict_cv] 20191226_091350_ModelXGB - start prediction cv
2019-12-26 09:13:51,354 runner line150 [INFO][run_predict_cv] 20191226_091350_ModelXGB - end prediction fold:0/3
2019-12-26 09:13:51,365 runner line150 [INFO][run_predict_cv] 20191226_091350_ModelXGB - end prediction fold:1/3
2019-12-26 09:13:51,368 runner line150 [INFO][run_predict_cv] 20191226_091350_ModelXGB - end prediction fold:2/3
2019-12-26 09:13:51,371 runner line150 [INFO][run_predict_cv] 20191226_091350_ModelXGB - end prediction fold:3/3
2019-12-26 09:13:51,376 runner line159 [INFO][run_predict_cv] 20191226_091350_ModelXGB - end prediction cv
2019-12-26 09:13:51,376 run line61 [INFO][run] ********************************************************
2019-12-26 09:13:51,376 run line62 [INFO][run] ********************* end pipeline *********************
2019-12-26 09:13:51,376 run line63 [INFO][run] ********************************************************
