2019-12-20 08:53:34,103 run line55 [INFO][run] ********************************************************
2019-12-20 08:53:34,103 run line56 [INFO][run] ******************** start pipeline ********************
2019-12-20 08:53:34,104 run line57 [INFO][run] ********************************************************
2019-12-20 08:53:34,104 runner line75 [INFO][run_train_cv] 20191220_085334_ModelXGB - start training cv
2019-12-20 08:53:34,104 runner line84 [INFO][run_train_cv] 20191220_085334_ModelXGB fold 0 - start training
2019-12-20 08:53:34,194 runner line86 [INFO][run_train_cv] 20191220_085334_ModelXGB fold 0 - end training - score 0.6384
2019-12-20 08:53:34,194 runner line91 [DEBUG][run_train_cv] save model 0
2019-12-20 08:53:34,194 runner line84 [INFO][run_train_cv] 20191220_085334_ModelXGB fold 1 - start training
2019-12-20 08:53:34,256 runner line86 [INFO][run_train_cv] 20191220_085334_ModelXGB fold 1 - end training - score 0.6594
2019-12-20 08:53:34,257 runner line91 [DEBUG][run_train_cv] save model 1
2019-12-20 08:53:34,257 runner line84 [INFO][run_train_cv] 20191220_085334_ModelXGB fold 2 - start training
2019-12-20 08:53:34,362 runner line86 [INFO][run_train_cv] 20191220_085334_ModelXGB fold 2 - end training - score 0.5959
2019-12-20 08:53:34,363 runner line91 [DEBUG][run_train_cv] save model 2
2019-12-20 08:53:34,363 runner line84 [INFO][run_train_cv] 20191220_085334_ModelXGB fold 3 - start training
2019-12-20 08:53:34,449 runner line86 [INFO][run_train_cv] 20191220_085334_ModelXGB fold 3 - end training - score 0.6377
2019-12-20 08:53:34,449 runner line91 [DEBUG][run_train_cv] save model 3
2019-12-20 08:53:34,450 runner line104 [INFO][run_train_cv] 20191220_085334_ModelXGB - end training cv - oof score mean:0.6328, std:0.0230
2019-12-20 08:53:34,462 runner line118 [INFO][run_predict_cv] 20191220_085334_ModelXGB - start prediction cv
2019-12-20 08:53:34,465 runner line131 [INFO][run_predict_cv] 20191220_085334_ModelXGB- end prediction fold:0/3
2019-12-20 08:53:34,466 runner line131 [INFO][run_predict_cv] 20191220_085334_ModelXGB- end prediction fold:1/3
2019-12-20 08:53:34,469 runner line131 [INFO][run_predict_cv] 20191220_085334_ModelXGB- end prediction fold:2/3
2019-12-20 08:53:34,472 runner line131 [INFO][run_predict_cv] 20191220_085334_ModelXGB- end prediction fold:3/3
2019-12-20 08:53:34,476 runner line140 [INFO][run_predict_cv] 20191220_085334_ModelXGB - end prediction cv
2019-12-20 08:53:34,476 run line61 [INFO][run] ********************************************************
2019-12-20 08:53:34,476 run line62 [INFO][run] ********************* end pipeline *********************
2019-12-20 08:53:34,476 run line63 [INFO][run] ********************************************************
2019-12-20 08:53:34,478 run line55 [INFO][run] ********************************************************
2019-12-20 08:53:34,478 run line55 [INFO][run] ********************************************************
2019-12-20 08:53:34,478 run line56 [INFO][run] ******************** start pipeline ********************
2019-12-20 08:53:34,478 run line56 [INFO][run] ******************** start pipeline ********************
2019-12-20 08:53:34,478 run line57 [INFO][run] ********************************************************
2019-12-20 08:53:34,478 run line57 [INFO][run] ********************************************************
2019-12-20 08:53:34,478 runner line75 [INFO][run_train_cv] 20191220_085334_ModelXGB - start training cv
2019-12-20 08:53:34,478 runner line75 [INFO][run_train_cv] 20191220_085334_ModelXGB - start training cv
2019-12-20 08:53:34,478 runner line84 [INFO][run_train_cv] 20191220_085334_ModelXGB fold 0 - start training
2019-12-20 08:53:34,478 runner line84 [INFO][run_train_cv] 20191220_085334_ModelXGB fold 0 - start training
2019-12-20 08:53:34,547 runner line86 [INFO][run_train_cv] 20191220_085334_ModelXGB fold 0 - end training - score 0.6384
2019-12-20 08:53:34,547 runner line86 [INFO][run_train_cv] 20191220_085334_ModelXGB fold 0 - end training - score 0.6384
2019-12-20 08:53:34,547 runner line91 [DEBUG][run_train_cv] save model 0
2019-12-20 08:53:34,547 runner line91 [DEBUG][run_train_cv] save model 0
2019-12-20 08:53:34,547 runner line84 [INFO][run_train_cv] 20191220_085334_ModelXGB fold 1 - start training
2019-12-20 08:53:34,547 runner line84 [INFO][run_train_cv] 20191220_085334_ModelXGB fold 1 - start training
2019-12-20 08:53:34,601 runner line86 [INFO][run_train_cv] 20191220_085334_ModelXGB fold 1 - end training - score 0.6594
2019-12-20 08:53:34,601 runner line86 [INFO][run_train_cv] 20191220_085334_ModelXGB fold 1 - end training - score 0.6594
2019-12-20 08:53:34,602 runner line91 [DEBUG][run_train_cv] save model 1
2019-12-20 08:53:34,602 runner line91 [DEBUG][run_train_cv] save model 1
2019-12-20 08:53:34,602 runner line84 [INFO][run_train_cv] 20191220_085334_ModelXGB fold 2 - start training
2019-12-20 08:53:34,602 runner line84 [INFO][run_train_cv] 20191220_085334_ModelXGB fold 2 - start training
2019-12-20 08:53:34,714 runner line86 [INFO][run_train_cv] 20191220_085334_ModelXGB fold 2 - end training - score 0.5959
2019-12-20 08:53:34,714 runner line86 [INFO][run_train_cv] 20191220_085334_ModelXGB fold 2 - end training - score 0.5959
2019-12-20 08:53:34,714 runner line91 [DEBUG][run_train_cv] save model 2
2019-12-20 08:53:34,714 runner line91 [DEBUG][run_train_cv] save model 2
2019-12-20 08:53:34,714 runner line84 [INFO][run_train_cv] 20191220_085334_ModelXGB fold 3 - start training
2019-12-20 08:53:34,714 runner line84 [INFO][run_train_cv] 20191220_085334_ModelXGB fold 3 - start training
2019-12-20 08:53:34,801 runner line86 [INFO][run_train_cv] 20191220_085334_ModelXGB fold 3 - end training - score 0.6377
2019-12-20 08:53:34,801 runner line86 [INFO][run_train_cv] 20191220_085334_ModelXGB fold 3 - end training - score 0.6377
2019-12-20 08:53:34,802 runner line91 [DEBUG][run_train_cv] save model 3
2019-12-20 08:53:34,802 runner line91 [DEBUG][run_train_cv] save model 3
2019-12-20 08:53:34,802 runner line104 [INFO][run_train_cv] 20191220_085334_ModelXGB - end training cv - oof score mean:0.6328, std:0.0230
2019-12-20 08:53:34,802 runner line104 [INFO][run_train_cv] 20191220_085334_ModelXGB - end training cv - oof score mean:0.6328, std:0.0230
2019-12-20 08:53:34,812 runner line118 [INFO][run_predict_cv] 20191220_085334_ModelXGB - start prediction cv
2019-12-20 08:53:34,812 runner line118 [INFO][run_predict_cv] 20191220_085334_ModelXGB - start prediction cv
2019-12-20 08:53:34,815 runner line131 [INFO][run_predict_cv] 20191220_085334_ModelXGB- end prediction fold:0/3
2019-12-20 08:53:34,815 runner line131 [INFO][run_predict_cv] 20191220_085334_ModelXGB- end prediction fold:0/3
2019-12-20 08:53:34,818 runner line131 [INFO][run_predict_cv] 20191220_085334_ModelXGB- end prediction fold:1/3
2019-12-20 08:53:34,818 runner line131 [INFO][run_predict_cv] 20191220_085334_ModelXGB- end prediction fold:1/3
2019-12-20 08:53:34,821 runner line131 [INFO][run_predict_cv] 20191220_085334_ModelXGB- end prediction fold:2/3
2019-12-20 08:53:34,821 runner line131 [INFO][run_predict_cv] 20191220_085334_ModelXGB- end prediction fold:2/3
2019-12-20 08:53:34,823 runner line131 [INFO][run_predict_cv] 20191220_085334_ModelXGB- end prediction fold:3/3
2019-12-20 08:53:34,823 runner line131 [INFO][run_predict_cv] 20191220_085334_ModelXGB- end prediction fold:3/3
2019-12-20 08:53:34,827 runner line140 [INFO][run_predict_cv] 20191220_085334_ModelXGB - end prediction cv
2019-12-20 08:53:34,827 runner line140 [INFO][run_predict_cv] 20191220_085334_ModelXGB - end prediction cv
2019-12-20 08:53:34,828 run line61 [INFO][run] ********************************************************
2019-12-20 08:53:34,828 run line61 [INFO][run] ********************************************************
2019-12-20 08:53:34,828 run line62 [INFO][run] ********************* end pipeline *********************
2019-12-20 08:53:34,828 run line62 [INFO][run] ********************* end pipeline *********************
2019-12-20 08:53:34,828 run line63 [INFO][run] ********************************************************
2019-12-20 08:53:34,828 run line63 [INFO][run] ********************************************************
2019-12-20 08:53:34,830 run line55 [INFO][run] ********************************************************
2019-12-20 08:53:34,830 run line55 [INFO][run] ********************************************************
2019-12-20 08:53:34,830 run line55 [INFO][run] ********************************************************
2019-12-20 08:53:34,830 run line56 [INFO][run] ******************** start pipeline ********************
2019-12-20 08:53:34,830 run line56 [INFO][run] ******************** start pipeline ********************
2019-12-20 08:53:34,830 run line56 [INFO][run] ******************** start pipeline ********************
2019-12-20 08:53:34,830 run line57 [INFO][run] ********************************************************
2019-12-20 08:53:34,830 run line57 [INFO][run] ********************************************************
2019-12-20 08:53:34,830 run line57 [INFO][run] ********************************************************
2019-12-20 08:53:34,831 runner line75 [INFO][run_train_cv] 20191220_085334_ModelXGB - start training cv
2019-12-20 08:53:34,831 runner line75 [INFO][run_train_cv] 20191220_085334_ModelXGB - start training cv
2019-12-20 08:53:34,831 runner line75 [INFO][run_train_cv] 20191220_085334_ModelXGB - start training cv
2019-12-20 08:53:34,831 runner line84 [INFO][run_train_cv] 20191220_085334_ModelXGB fold 0 - start training
2019-12-20 08:53:34,831 runner line84 [INFO][run_train_cv] 20191220_085334_ModelXGB fold 0 - start training
2019-12-20 08:53:34,831 runner line84 [INFO][run_train_cv] 20191220_085334_ModelXGB fold 0 - start training
2019-12-20 08:53:34,896 runner line86 [INFO][run_train_cv] 20191220_085334_ModelXGB fold 0 - end training - score 0.6384
2019-12-20 08:53:34,896 runner line86 [INFO][run_train_cv] 20191220_085334_ModelXGB fold 0 - end training - score 0.6384
2019-12-20 08:53:34,896 runner line86 [INFO][run_train_cv] 20191220_085334_ModelXGB fold 0 - end training - score 0.6384
2019-12-20 08:53:34,897 runner line91 [DEBUG][run_train_cv] save model 0
2019-12-20 08:53:34,897 runner line91 [DEBUG][run_train_cv] save model 0
2019-12-20 08:53:34,897 runner line91 [DEBUG][run_train_cv] save model 0
2019-12-20 08:53:34,897 runner line84 [INFO][run_train_cv] 20191220_085334_ModelXGB fold 1 - start training
2019-12-20 08:53:34,897 runner line84 [INFO][run_train_cv] 20191220_085334_ModelXGB fold 1 - start training
2019-12-20 08:53:34,897 runner line84 [INFO][run_train_cv] 20191220_085334_ModelXGB fold 1 - start training
2019-12-20 08:53:34,975 runner line86 [INFO][run_train_cv] 20191220_085334_ModelXGB fold 1 - end training - score 0.6594
2019-12-20 08:53:34,975 runner line86 [INFO][run_train_cv] 20191220_085334_ModelXGB fold 1 - end training - score 0.6594
2019-12-20 08:53:34,975 runner line86 [INFO][run_train_cv] 20191220_085334_ModelXGB fold 1 - end training - score 0.6594
2019-12-20 08:53:34,977 runner line91 [DEBUG][run_train_cv] save model 1
2019-12-20 08:53:34,977 runner line91 [DEBUG][run_train_cv] save model 1
2019-12-20 08:53:34,977 runner line91 [DEBUG][run_train_cv] save model 1
2019-12-20 08:53:34,977 runner line84 [INFO][run_train_cv] 20191220_085334_ModelXGB fold 2 - start training
2019-12-20 08:53:34,977 runner line84 [INFO][run_train_cv] 20191220_085334_ModelXGB fold 2 - start training
2019-12-20 08:53:34,977 runner line84 [INFO][run_train_cv] 20191220_085334_ModelXGB fold 2 - start training
2019-12-20 08:53:35,163 runner line86 [INFO][run_train_cv] 20191220_085334_ModelXGB fold 2 - end training - score 0.5959
2019-12-20 08:53:35,163 runner line86 [INFO][run_train_cv] 20191220_085334_ModelXGB fold 2 - end training - score 0.5959
2019-12-20 08:53:35,163 runner line86 [INFO][run_train_cv] 20191220_085334_ModelXGB fold 2 - end training - score 0.5959
2019-12-20 08:53:35,164 runner line91 [DEBUG][run_train_cv] save model 2
2019-12-20 08:53:35,164 runner line91 [DEBUG][run_train_cv] save model 2
2019-12-20 08:53:35,164 runner line91 [DEBUG][run_train_cv] save model 2
2019-12-20 08:53:35,164 runner line84 [INFO][run_train_cv] 20191220_085334_ModelXGB fold 3 - start training
2019-12-20 08:53:35,164 runner line84 [INFO][run_train_cv] 20191220_085334_ModelXGB fold 3 - start training
2019-12-20 08:53:35,164 runner line84 [INFO][run_train_cv] 20191220_085334_ModelXGB fold 3 - start training
2019-12-20 08:53:35,261 runner line86 [INFO][run_train_cv] 20191220_085334_ModelXGB fold 3 - end training - score 0.6377
2019-12-20 08:53:35,261 runner line86 [INFO][run_train_cv] 20191220_085334_ModelXGB fold 3 - end training - score 0.6377
2019-12-20 08:53:35,261 runner line86 [INFO][run_train_cv] 20191220_085334_ModelXGB fold 3 - end training - score 0.6377
2019-12-20 08:53:35,262 runner line91 [DEBUG][run_train_cv] save model 3
2019-12-20 08:53:35,262 runner line91 [DEBUG][run_train_cv] save model 3
2019-12-20 08:53:35,262 runner line91 [DEBUG][run_train_cv] save model 3
2019-12-20 08:53:35,262 runner line104 [INFO][run_train_cv] 20191220_085334_ModelXGB - end training cv - oof score mean:0.6328, std:0.0230
2019-12-20 08:53:35,262 runner line104 [INFO][run_train_cv] 20191220_085334_ModelXGB - end training cv - oof score mean:0.6328, std:0.0230
2019-12-20 08:53:35,262 runner line104 [INFO][run_train_cv] 20191220_085334_ModelXGB - end training cv - oof score mean:0.6328, std:0.0230
2019-12-20 08:53:35,271 runner line118 [INFO][run_predict_cv] 20191220_085334_ModelXGB - start prediction cv
2019-12-20 08:53:35,271 runner line118 [INFO][run_predict_cv] 20191220_085334_ModelXGB - start prediction cv
2019-12-20 08:53:35,271 runner line118 [INFO][run_predict_cv] 20191220_085334_ModelXGB - start prediction cv
2019-12-20 08:53:35,275 runner line131 [INFO][run_predict_cv] 20191220_085334_ModelXGB- end prediction fold:0/3
2019-12-20 08:53:35,275 runner line131 [INFO][run_predict_cv] 20191220_085334_ModelXGB- end prediction fold:0/3
2019-12-20 08:53:35,275 runner line131 [INFO][run_predict_cv] 20191220_085334_ModelXGB- end prediction fold:0/3
2019-12-20 08:53:35,278 runner line131 [INFO][run_predict_cv] 20191220_085334_ModelXGB- end prediction fold:1/3
2019-12-20 08:53:35,278 runner line131 [INFO][run_predict_cv] 20191220_085334_ModelXGB- end prediction fold:1/3
2019-12-20 08:53:35,278 runner line131 [INFO][run_predict_cv] 20191220_085334_ModelXGB- end prediction fold:1/3
2019-12-20 08:53:35,281 runner line131 [INFO][run_predict_cv] 20191220_085334_ModelXGB- end prediction fold:2/3
2019-12-20 08:53:35,281 runner line131 [INFO][run_predict_cv] 20191220_085334_ModelXGB- end prediction fold:2/3
2019-12-20 08:53:35,281 runner line131 [INFO][run_predict_cv] 20191220_085334_ModelXGB- end prediction fold:2/3
2019-12-20 08:53:35,283 runner line131 [INFO][run_predict_cv] 20191220_085334_ModelXGB- end prediction fold:3/3
2019-12-20 08:53:35,283 runner line131 [INFO][run_predict_cv] 20191220_085334_ModelXGB- end prediction fold:3/3
2019-12-20 08:53:35,283 runner line131 [INFO][run_predict_cv] 20191220_085334_ModelXGB- end prediction fold:3/3
2019-12-20 08:53:35,287 runner line140 [INFO][run_predict_cv] 20191220_085334_ModelXGB - end prediction cv
2019-12-20 08:53:35,287 runner line140 [INFO][run_predict_cv] 20191220_085334_ModelXGB - end prediction cv
2019-12-20 08:53:35,287 runner line140 [INFO][run_predict_cv] 20191220_085334_ModelXGB - end prediction cv
2019-12-20 08:53:35,288 run line61 [INFO][run] ********************************************************
2019-12-20 08:53:35,288 run line61 [INFO][run] ********************************************************
2019-12-20 08:53:35,288 run line61 [INFO][run] ********************************************************
2019-12-20 08:53:35,288 run line62 [INFO][run] ********************* end pipeline *********************
2019-12-20 08:53:35,288 run line62 [INFO][run] ********************* end pipeline *********************
2019-12-20 08:53:35,288 run line62 [INFO][run] ********************* end pipeline *********************
2019-12-20 08:53:35,289 run line63 [INFO][run] ********************************************************
2019-12-20 08:53:35,289 run line63 [INFO][run] ********************************************************
2019-12-20 08:53:35,289 run line63 [INFO][run] ********************************************************
