2019-12-15 18:06:03,724 run line54 [INFO][run] ******************** start pipeline ********************
2019-12-15 18:06:03,724 runner line75 [INFO][run_train_cv] 20191215_180603_ModelXGB - start training cv
2019-12-15 18:06:03,724 runner line84 [INFO][run_train_cv] 20191215_180603_ModelXGB fold 0 - start training
2019-12-15 18:06:03,772 runner line86 [INFO][run_train_cv] 20191215_180603_ModelXGB fold 0 - end training - score 0.6432
2019-12-15 18:06:03,772 runner line91 [DEBUG][run_train_cv] save model 0
2019-12-15 18:06:03,773 runner line84 [INFO][run_train_cv] 20191215_180603_ModelXGB fold 1 - start training
2019-12-15 18:06:03,808 runner line86 [INFO][run_train_cv] 20191215_180603_ModelXGB fold 1 - end training - score 0.6595
2019-12-15 18:06:03,809 runner line91 [DEBUG][run_train_cv] save model 1
2019-12-15 18:06:03,809 runner line84 [INFO][run_train_cv] 20191215_180603_ModelXGB fold 2 - start training
2019-12-15 18:06:03,844 runner line86 [INFO][run_train_cv] 20191215_180603_ModelXGB fold 2 - end training - score 0.6167
2019-12-15 18:06:03,844 runner line91 [DEBUG][run_train_cv] save model 2
2019-12-15 18:06:03,844 runner line84 [INFO][run_train_cv] 20191215_180603_ModelXGB fold 3 - start training
2019-12-15 18:06:03,877 runner line86 [INFO][run_train_cv] 20191215_180603_ModelXGB fold 3 - end training - score 0.6443
2019-12-15 18:06:03,877 runner line91 [DEBUG][run_train_cv] save model 3
2019-12-15 18:06:03,877 runner line104 [INFO][run_train_cv] 20191215_180603_ModelXGB - end training cv - score mean:0.6409, std:0.0154
2019-12-15 18:06:03,886 runner line118 [INFO][run_predict_cv] 20191215_180603_ModelXGB - start prediction cv
2019-12-15 18:06:03,890 runner line131 [INFO][run_predict_cv] 20191215_180603_ModelXGB- end prediction fold:0/3
2019-12-15 18:06:03,892 runner line131 [INFO][run_predict_cv] 20191215_180603_ModelXGB- end prediction fold:1/3
2019-12-15 18:06:03,894 runner line131 [INFO][run_predict_cv] 20191215_180603_ModelXGB- end prediction fold:2/3
2019-12-15 18:06:03,896 runner line131 [INFO][run_predict_cv] 20191215_180603_ModelXGB- end prediction fold:3/3
2019-12-15 18:06:03,901 runner line140 [INFO][run_predict_cv] 20191215_180603_ModelXGB - end prediction cv
2019-12-15 18:06:03,901 run line58 [INFO][run] ******************** end pipeline ********************
