2019-12-20 08:55:45,121 run line55 [INFO][run] ********************************************************
2019-12-20 08:55:45,121 run line56 [INFO][run] ******************** start pipeline ********************
2019-12-20 08:55:45,121 run line57 [INFO][run] ********************************************************
2019-12-20 08:55:45,121 runner line75 [INFO][run_train_cv] 20191220_085545_ModelXGB - start training cv
2019-12-20 08:55:45,121 runner line84 [INFO][run_train_cv] 20191220_085545_ModelXGB fold 0 - start training
2019-12-20 08:55:45,600 runner line86 [INFO][run_train_cv] 20191220_085545_ModelXGB fold 0 - end training - score 0.6387
2019-12-20 08:55:45,601 runner line91 [DEBUG][run_train_cv] save model 0
2019-12-20 08:55:45,601 runner line84 [INFO][run_train_cv] 20191220_085545_ModelXGB fold 1 - start training
2019-12-20 08:55:45,804 runner line86 [INFO][run_train_cv] 20191220_085545_ModelXGB fold 1 - end training - score 0.6611
2019-12-20 08:55:45,805 runner line91 [DEBUG][run_train_cv] save model 1
2019-12-20 08:55:45,805 runner line84 [INFO][run_train_cv] 20191220_085545_ModelXGB fold 2 - start training
2019-12-20 08:55:46,571 runner line86 [INFO][run_train_cv] 20191220_085545_ModelXGB fold 2 - end training - score 0.5995
2019-12-20 08:55:46,571 runner line91 [DEBUG][run_train_cv] save model 2
2019-12-20 08:55:46,571 runner line84 [INFO][run_train_cv] 20191220_085545_ModelXGB fold 3 - start training
2019-12-20 08:55:47,038 runner line86 [INFO][run_train_cv] 20191220_085545_ModelXGB fold 3 - end training - score 0.6373
2019-12-20 08:55:47,038 runner line91 [DEBUG][run_train_cv] save model 3
2019-12-20 08:55:47,039 runner line104 [INFO][run_train_cv] 20191220_085545_ModelXGB - end training cv - oof score mean:0.6341, std:0.0221
2019-12-20 08:55:47,049 runner line118 [INFO][run_predict_cv] 20191220_085545_ModelXGB - start prediction cv
2019-12-20 08:55:47,055 runner line131 [INFO][run_predict_cv] 20191220_085545_ModelXGB- end prediction fold:0/3
2019-12-20 08:55:47,058 runner line131 [INFO][run_predict_cv] 20191220_085545_ModelXGB- end prediction fold:1/3
2019-12-20 08:55:47,061 runner line131 [INFO][run_predict_cv] 20191220_085545_ModelXGB- end prediction fold:2/3
2019-12-20 08:55:47,064 runner line131 [INFO][run_predict_cv] 20191220_085545_ModelXGB- end prediction fold:3/3
2019-12-20 08:55:47,068 runner line140 [INFO][run_predict_cv] 20191220_085545_ModelXGB - end prediction cv
2019-12-20 08:55:47,068 run line61 [INFO][run] ********************************************************
2019-12-20 08:55:47,068 run line62 [INFO][run] ********************* end pipeline *********************
2019-12-20 08:55:47,068 run line63 [INFO][run] ********************************************************
