2019-12-20 08:54:15,048 run line55 [INFO][run] ********************************************************
2019-12-20 08:54:15,048 run line56 [INFO][run] ******************** start pipeline ********************
2019-12-20 08:54:15,048 run line57 [INFO][run] ********************************************************
2019-12-20 08:54:15,049 runner line75 [INFO][run_train_cv] 20191220_085415_ModelXGB - start training cv
2019-12-20 08:54:15,049 runner line84 [INFO][run_train_cv] 20191220_085415_ModelXGB fold 0 - start training
2019-12-20 08:54:15,226 runner line86 [INFO][run_train_cv] 20191220_085415_ModelXGB fold 0 - end training - score 0.6384
2019-12-20 08:54:15,227 runner line91 [DEBUG][run_train_cv] save model 0
2019-12-20 08:54:15,227 runner line84 [INFO][run_train_cv] 20191220_085415_ModelXGB fold 1 - start training
2019-12-20 08:54:15,277 runner line86 [INFO][run_train_cv] 20191220_085415_ModelXGB fold 1 - end training - score 0.6594
2019-12-20 08:54:15,277 runner line91 [DEBUG][run_train_cv] save model 1
2019-12-20 08:54:15,277 runner line84 [INFO][run_train_cv] 20191220_085415_ModelXGB fold 2 - start training
2019-12-20 08:54:15,394 runner line86 [INFO][run_train_cv] 20191220_085415_ModelXGB fold 2 - end training - score 0.5959
2019-12-20 08:54:15,395 runner line91 [DEBUG][run_train_cv] save model 2
2019-12-20 08:54:15,395 runner line84 [INFO][run_train_cv] 20191220_085415_ModelXGB fold 3 - start training
2019-12-20 08:54:15,479 runner line86 [INFO][run_train_cv] 20191220_085415_ModelXGB fold 3 - end training - score 0.6377
2019-12-20 08:54:15,480 runner line91 [DEBUG][run_train_cv] save model 3
2019-12-20 08:54:15,480 runner line104 [INFO][run_train_cv] 20191220_085415_ModelXGB - end training cv - oof score mean:0.6328, std:0.0230
2019-12-20 08:54:15,490 runner line118 [INFO][run_predict_cv] 20191220_085415_ModelXGB - start prediction cv
2019-12-20 08:54:15,493 runner line131 [INFO][run_predict_cv] 20191220_085415_ModelXGB- end prediction fold:0/3
2019-12-20 08:54:15,495 runner line131 [INFO][run_predict_cv] 20191220_085415_ModelXGB- end prediction fold:1/3
2019-12-20 08:54:15,497 runner line131 [INFO][run_predict_cv] 20191220_085415_ModelXGB- end prediction fold:2/3
2019-12-20 08:54:15,502 runner line131 [INFO][run_predict_cv] 20191220_085415_ModelXGB- end prediction fold:3/3
2019-12-20 08:54:15,506 runner line140 [INFO][run_predict_cv] 20191220_085415_ModelXGB - end prediction cv
2019-12-20 08:54:15,506 run line61 [INFO][run] ********************************************************
2019-12-20 08:54:15,507 run line62 [INFO][run] ********************* end pipeline *********************
2019-12-20 08:54:15,507 run line63 [INFO][run] ********************************************************
2019-12-20 08:54:15,508 run line55 [INFO][run] ********************************************************
2019-12-20 08:54:15,508 run line55 [INFO][run] ********************************************************
2019-12-20 08:54:15,508 run line56 [INFO][run] ******************** start pipeline ********************
2019-12-20 08:54:15,508 run line56 [INFO][run] ******************** start pipeline ********************
2019-12-20 08:54:15,509 run line57 [INFO][run] ********************************************************
2019-12-20 08:54:15,509 run line57 [INFO][run] ********************************************************
2019-12-20 08:54:15,509 runner line75 [INFO][run_train_cv] 20191220_085415_ModelXGB - start training cv
2019-12-20 08:54:15,509 runner line75 [INFO][run_train_cv] 20191220_085415_ModelXGB - start training cv
2019-12-20 08:54:15,509 runner line84 [INFO][run_train_cv] 20191220_085415_ModelXGB fold 0 - start training
2019-12-20 08:54:15,509 runner line84 [INFO][run_train_cv] 20191220_085415_ModelXGB fold 0 - start training
2019-12-20 08:54:15,576 runner line86 [INFO][run_train_cv] 20191220_085415_ModelXGB fold 0 - end training - score 0.6384
2019-12-20 08:54:15,576 runner line86 [INFO][run_train_cv] 20191220_085415_ModelXGB fold 0 - end training - score 0.6384
2019-12-20 08:54:15,576 runner line91 [DEBUG][run_train_cv] save model 0
2019-12-20 08:54:15,576 runner line91 [DEBUG][run_train_cv] save model 0
2019-12-20 08:54:15,576 runner line84 [INFO][run_train_cv] 20191220_085415_ModelXGB fold 1 - start training
2019-12-20 08:54:15,576 runner line84 [INFO][run_train_cv] 20191220_085415_ModelXGB fold 1 - start training
2019-12-20 08:54:15,629 runner line86 [INFO][run_train_cv] 20191220_085415_ModelXGB fold 1 - end training - score 0.6594
2019-12-20 08:54:15,629 runner line86 [INFO][run_train_cv] 20191220_085415_ModelXGB fold 1 - end training - score 0.6594
2019-12-20 08:54:15,629 runner line91 [DEBUG][run_train_cv] save model 1
2019-12-20 08:54:15,629 runner line91 [DEBUG][run_train_cv] save model 1
2019-12-20 08:54:15,629 runner line84 [INFO][run_train_cv] 20191220_085415_ModelXGB fold 2 - start training
2019-12-20 08:54:15,629 runner line84 [INFO][run_train_cv] 20191220_085415_ModelXGB fold 2 - start training
2019-12-20 08:54:15,743 runner line86 [INFO][run_train_cv] 20191220_085415_ModelXGB fold 2 - end training - score 0.5959
2019-12-20 08:54:15,743 runner line86 [INFO][run_train_cv] 20191220_085415_ModelXGB fold 2 - end training - score 0.5959
2019-12-20 08:54:15,743 runner line91 [DEBUG][run_train_cv] save model 2
2019-12-20 08:54:15,743 runner line91 [DEBUG][run_train_cv] save model 2
2019-12-20 08:54:15,744 runner line84 [INFO][run_train_cv] 20191220_085415_ModelXGB fold 3 - start training
2019-12-20 08:54:15,744 runner line84 [INFO][run_train_cv] 20191220_085415_ModelXGB fold 3 - start training
2019-12-20 08:54:15,828 runner line86 [INFO][run_train_cv] 20191220_085415_ModelXGB fold 3 - end training - score 0.6377
2019-12-20 08:54:15,828 runner line86 [INFO][run_train_cv] 20191220_085415_ModelXGB fold 3 - end training - score 0.6377
2019-12-20 08:54:15,829 runner line91 [DEBUG][run_train_cv] save model 3
2019-12-20 08:54:15,829 runner line91 [DEBUG][run_train_cv] save model 3
2019-12-20 08:54:15,829 runner line104 [INFO][run_train_cv] 20191220_085415_ModelXGB - end training cv - oof score mean:0.6328, std:0.0230
2019-12-20 08:54:15,829 runner line104 [INFO][run_train_cv] 20191220_085415_ModelXGB - end training cv - oof score mean:0.6328, std:0.0230
2019-12-20 08:54:15,839 runner line118 [INFO][run_predict_cv] 20191220_085415_ModelXGB - start prediction cv
2019-12-20 08:54:15,839 runner line118 [INFO][run_predict_cv] 20191220_085415_ModelXGB - start prediction cv
2019-12-20 08:54:15,842 runner line131 [INFO][run_predict_cv] 20191220_085415_ModelXGB- end prediction fold:0/3
2019-12-20 08:54:15,842 runner line131 [INFO][run_predict_cv] 20191220_085415_ModelXGB- end prediction fold:0/3
2019-12-20 08:54:15,845 runner line131 [INFO][run_predict_cv] 20191220_085415_ModelXGB- end prediction fold:1/3
2019-12-20 08:54:15,845 runner line131 [INFO][run_predict_cv] 20191220_085415_ModelXGB- end prediction fold:1/3
2019-12-20 08:54:15,848 runner line131 [INFO][run_predict_cv] 20191220_085415_ModelXGB- end prediction fold:2/3
2019-12-20 08:54:15,848 runner line131 [INFO][run_predict_cv] 20191220_085415_ModelXGB- end prediction fold:2/3
2019-12-20 08:54:15,852 runner line131 [INFO][run_predict_cv] 20191220_085415_ModelXGB- end prediction fold:3/3
2019-12-20 08:54:15,852 runner line131 [INFO][run_predict_cv] 20191220_085415_ModelXGB- end prediction fold:3/3
2019-12-20 08:54:15,857 runner line140 [INFO][run_predict_cv] 20191220_085415_ModelXGB - end prediction cv
2019-12-20 08:54:15,857 runner line140 [INFO][run_predict_cv] 20191220_085415_ModelXGB - end prediction cv
2019-12-20 08:54:15,857 run line61 [INFO][run] ********************************************************
2019-12-20 08:54:15,857 run line61 [INFO][run] ********************************************************
2019-12-20 08:54:15,857 run line62 [INFO][run] ********************* end pipeline *********************
2019-12-20 08:54:15,857 run line62 [INFO][run] ********************* end pipeline *********************
2019-12-20 08:54:15,858 run line63 [INFO][run] ********************************************************
2019-12-20 08:54:15,858 run line63 [INFO][run] ********************************************************
2019-12-20 08:54:15,859 run line55 [INFO][run] ********************************************************
2019-12-20 08:54:15,859 run line55 [INFO][run] ********************************************************
2019-12-20 08:54:15,859 run line55 [INFO][run] ********************************************************
2019-12-20 08:54:15,859 run line56 [INFO][run] ******************** start pipeline ********************
2019-12-20 08:54:15,859 run line56 [INFO][run] ******************** start pipeline ********************
2019-12-20 08:54:15,859 run line56 [INFO][run] ******************** start pipeline ********************
2019-12-20 08:54:15,860 run line57 [INFO][run] ********************************************************
2019-12-20 08:54:15,860 run line57 [INFO][run] ********************************************************
2019-12-20 08:54:15,860 run line57 [INFO][run] ********************************************************
2019-12-20 08:54:15,861 runner line75 [INFO][run_train_cv] 20191220_085415_ModelXGB - start training cv
2019-12-20 08:54:15,861 runner line75 [INFO][run_train_cv] 20191220_085415_ModelXGB - start training cv
2019-12-20 08:54:15,861 runner line75 [INFO][run_train_cv] 20191220_085415_ModelXGB - start training cv
2019-12-20 08:54:15,861 runner line84 [INFO][run_train_cv] 20191220_085415_ModelXGB fold 0 - start training
2019-12-20 08:54:15,861 runner line84 [INFO][run_train_cv] 20191220_085415_ModelXGB fold 0 - start training
2019-12-20 08:54:15,861 runner line84 [INFO][run_train_cv] 20191220_085415_ModelXGB fold 0 - start training
2019-12-20 08:54:15,931 runner line86 [INFO][run_train_cv] 20191220_085415_ModelXGB fold 0 - end training - score 0.6384
2019-12-20 08:54:15,931 runner line86 [INFO][run_train_cv] 20191220_085415_ModelXGB fold 0 - end training - score 0.6384
2019-12-20 08:54:15,931 runner line86 [INFO][run_train_cv] 20191220_085415_ModelXGB fold 0 - end training - score 0.6384
2019-12-20 08:54:15,931 runner line91 [DEBUG][run_train_cv] save model 0
2019-12-20 08:54:15,931 runner line91 [DEBUG][run_train_cv] save model 0
2019-12-20 08:54:15,931 runner line91 [DEBUG][run_train_cv] save model 0
2019-12-20 08:54:15,932 runner line84 [INFO][run_train_cv] 20191220_085415_ModelXGB fold 1 - start training
2019-12-20 08:54:15,932 runner line84 [INFO][run_train_cv] 20191220_085415_ModelXGB fold 1 - start training
2019-12-20 08:54:15,932 runner line84 [INFO][run_train_cv] 20191220_085415_ModelXGB fold 1 - start training
2019-12-20 08:54:15,983 runner line86 [INFO][run_train_cv] 20191220_085415_ModelXGB fold 1 - end training - score 0.6594
2019-12-20 08:54:15,983 runner line86 [INFO][run_train_cv] 20191220_085415_ModelXGB fold 1 - end training - score 0.6594
2019-12-20 08:54:15,983 runner line86 [INFO][run_train_cv] 20191220_085415_ModelXGB fold 1 - end training - score 0.6594
2019-12-20 08:54:15,984 runner line91 [DEBUG][run_train_cv] save model 1
2019-12-20 08:54:15,984 runner line91 [DEBUG][run_train_cv] save model 1
2019-12-20 08:54:15,984 runner line91 [DEBUG][run_train_cv] save model 1
2019-12-20 08:54:15,984 runner line84 [INFO][run_train_cv] 20191220_085415_ModelXGB fold 2 - start training
2019-12-20 08:54:15,984 runner line84 [INFO][run_train_cv] 20191220_085415_ModelXGB fold 2 - start training
2019-12-20 08:54:15,984 runner line84 [INFO][run_train_cv] 20191220_085415_ModelXGB fold 2 - start training
2019-12-20 08:54:16,113 runner line86 [INFO][run_train_cv] 20191220_085415_ModelXGB fold 2 - end training - score 0.5959
2019-12-20 08:54:16,113 runner line86 [INFO][run_train_cv] 20191220_085415_ModelXGB fold 2 - end training - score 0.5959
2019-12-20 08:54:16,113 runner line86 [INFO][run_train_cv] 20191220_085415_ModelXGB fold 2 - end training - score 0.5959
2019-12-20 08:54:16,113 runner line91 [DEBUG][run_train_cv] save model 2
2019-12-20 08:54:16,113 runner line91 [DEBUG][run_train_cv] save model 2
2019-12-20 08:54:16,113 runner line91 [DEBUG][run_train_cv] save model 2
2019-12-20 08:54:16,113 runner line84 [INFO][run_train_cv] 20191220_085415_ModelXGB fold 3 - start training
2019-12-20 08:54:16,113 runner line84 [INFO][run_train_cv] 20191220_085415_ModelXGB fold 3 - start training
2019-12-20 08:54:16,113 runner line84 [INFO][run_train_cv] 20191220_085415_ModelXGB fold 3 - start training
2019-12-20 08:54:16,194 runner line86 [INFO][run_train_cv] 20191220_085415_ModelXGB fold 3 - end training - score 0.6377
2019-12-20 08:54:16,194 runner line86 [INFO][run_train_cv] 20191220_085415_ModelXGB fold 3 - end training - score 0.6377
2019-12-20 08:54:16,194 runner line86 [INFO][run_train_cv] 20191220_085415_ModelXGB fold 3 - end training - score 0.6377
2019-12-20 08:54:16,194 runner line91 [DEBUG][run_train_cv] save model 3
2019-12-20 08:54:16,194 runner line91 [DEBUG][run_train_cv] save model 3
2019-12-20 08:54:16,194 runner line91 [DEBUG][run_train_cv] save model 3
2019-12-20 08:54:16,195 runner line104 [INFO][run_train_cv] 20191220_085415_ModelXGB - end training cv - oof score mean:0.6328, std:0.0230
2019-12-20 08:54:16,195 runner line104 [INFO][run_train_cv] 20191220_085415_ModelXGB - end training cv - oof score mean:0.6328, std:0.0230
2019-12-20 08:54:16,195 runner line104 [INFO][run_train_cv] 20191220_085415_ModelXGB - end training cv - oof score mean:0.6328, std:0.0230
2019-12-20 08:54:16,206 runner line118 [INFO][run_predict_cv] 20191220_085415_ModelXGB - start prediction cv
2019-12-20 08:54:16,206 runner line118 [INFO][run_predict_cv] 20191220_085415_ModelXGB - start prediction cv
2019-12-20 08:54:16,206 runner line118 [INFO][run_predict_cv] 20191220_085415_ModelXGB - start prediction cv
2019-12-20 08:54:16,210 runner line131 [INFO][run_predict_cv] 20191220_085415_ModelXGB- end prediction fold:0/3
2019-12-20 08:54:16,210 runner line131 [INFO][run_predict_cv] 20191220_085415_ModelXGB- end prediction fold:0/3
2019-12-20 08:54:16,210 runner line131 [INFO][run_predict_cv] 20191220_085415_ModelXGB- end prediction fold:0/3
2019-12-20 08:54:16,211 runner line131 [INFO][run_predict_cv] 20191220_085415_ModelXGB- end prediction fold:1/3
2019-12-20 08:54:16,211 runner line131 [INFO][run_predict_cv] 20191220_085415_ModelXGB- end prediction fold:1/3
2019-12-20 08:54:16,211 runner line131 [INFO][run_predict_cv] 20191220_085415_ModelXGB- end prediction fold:1/3
2019-12-20 08:54:16,213 runner line131 [INFO][run_predict_cv] 20191220_085415_ModelXGB- end prediction fold:2/3
2019-12-20 08:54:16,213 runner line131 [INFO][run_predict_cv] 20191220_085415_ModelXGB- end prediction fold:2/3
2019-12-20 08:54:16,213 runner line131 [INFO][run_predict_cv] 20191220_085415_ModelXGB- end prediction fold:2/3
2019-12-20 08:54:16,215 runner line131 [INFO][run_predict_cv] 20191220_085415_ModelXGB- end prediction fold:3/3
2019-12-20 08:54:16,215 runner line131 [INFO][run_predict_cv] 20191220_085415_ModelXGB- end prediction fold:3/3
2019-12-20 08:54:16,215 runner line131 [INFO][run_predict_cv] 20191220_085415_ModelXGB- end prediction fold:3/3
2019-12-20 08:54:16,220 runner line140 [INFO][run_predict_cv] 20191220_085415_ModelXGB - end prediction cv
2019-12-20 08:54:16,220 runner line140 [INFO][run_predict_cv] 20191220_085415_ModelXGB - end prediction cv
2019-12-20 08:54:16,220 runner line140 [INFO][run_predict_cv] 20191220_085415_ModelXGB - end prediction cv
2019-12-20 08:54:16,220 run line61 [INFO][run] ********************************************************
2019-12-20 08:54:16,220 run line61 [INFO][run] ********************************************************
2019-12-20 08:54:16,220 run line61 [INFO][run] ********************************************************
2019-12-20 08:54:16,220 run line62 [INFO][run] ********************* end pipeline *********************
2019-12-20 08:54:16,220 run line62 [INFO][run] ********************* end pipeline *********************
2019-12-20 08:54:16,220 run line62 [INFO][run] ********************* end pipeline *********************
2019-12-20 08:54:16,220 run line63 [INFO][run] ********************************************************
2019-12-20 08:54:16,220 run line63 [INFO][run] ********************************************************
2019-12-20 08:54:16,220 run line63 [INFO][run] ********************************************************
