2019-12-20 08:29:27,588 run line54 [INFO][run] ******************** start pipeline ********************
2019-12-20 08:29:27,588 runner line75 [INFO][run_train_cv] 20191220_082927_ModelXGB - start training cv
2019-12-20 08:29:27,588 runner line84 [INFO][run_train_cv] 20191220_082927_ModelXGB fold 0 - start training
2019-12-20 08:29:27,630 runner line86 [INFO][run_train_cv] 20191220_082927_ModelXGB fold 0 - end training - score 0.6432
2019-12-20 08:29:27,631 runner line91 [DEBUG][run_train_cv] save model 0
2019-12-20 08:29:27,631 runner line84 [INFO][run_train_cv] 20191220_082927_ModelXGB fold 1 - start training
2019-12-20 08:29:27,672 runner line86 [INFO][run_train_cv] 20191220_082927_ModelXGB fold 1 - end training - score 0.6595
2019-12-20 08:29:27,673 runner line91 [DEBUG][run_train_cv] save model 1
2019-12-20 08:29:27,673 runner line84 [INFO][run_train_cv] 20191220_082927_ModelXGB fold 2 - start training
2019-12-20 08:29:27,709 runner line86 [INFO][run_train_cv] 20191220_082927_ModelXGB fold 2 - end training - score 0.6167
2019-12-20 08:29:27,709 runner line91 [DEBUG][run_train_cv] save model 2
2019-12-20 08:29:27,709 runner line84 [INFO][run_train_cv] 20191220_082927_ModelXGB fold 3 - start training
2019-12-20 08:29:27,748 runner line86 [INFO][run_train_cv] 20191220_082927_ModelXGB fold 3 - end training - score 0.6443
2019-12-20 08:29:27,749 runner line91 [DEBUG][run_train_cv] save model 3
2019-12-20 08:29:27,749 runner line104 [INFO][run_train_cv] 20191220_082927_ModelXGB - end training cv - oof score mean:0.6409, std:0.0154
2019-12-20 08:29:27,760 runner line118 [INFO][run_predict_cv] 20191220_082927_ModelXGB - start prediction cv
2019-12-20 08:29:27,764 runner line131 [INFO][run_predict_cv] 20191220_082927_ModelXGB- end prediction fold:0/3
2019-12-20 08:29:27,766 runner line131 [INFO][run_predict_cv] 20191220_082927_ModelXGB- end prediction fold:1/3
2019-12-20 08:29:27,768 runner line131 [INFO][run_predict_cv] 20191220_082927_ModelXGB- end prediction fold:2/3
2019-12-20 08:29:27,769 runner line131 [INFO][run_predict_cv] 20191220_082927_ModelXGB- end prediction fold:3/3
2019-12-20 08:29:27,773 runner line140 [INFO][run_predict_cv] 20191220_082927_ModelXGB - end prediction cv
2019-12-20 08:29:27,773 run line58 [INFO][run] ******************** end pipeline ********************
