2019-12-20 08:34:06,137 run line54 [INFO][run] ********************************************************
2019-12-20 08:34:06,138 run line55 [INFO][run] ******************** start pipeline ********************
2019-12-20 08:34:06,138 run line56 [INFO][run] ********************************************************
2019-12-20 08:34:06,138 runner line75 [INFO][run_train_cv] 20191220_083406_ModelXGB - start training cv
2019-12-20 08:34:06,138 runner line84 [INFO][run_train_cv] 20191220_083406_ModelXGB fold 0 - start training
2019-12-20 08:34:06,168 runner line86 [INFO][run_train_cv] 20191220_083406_ModelXGB fold 0 - end training - score 0.6432
2019-12-20 08:34:06,168 runner line91 [DEBUG][run_train_cv] save model 0
2019-12-20 08:34:06,168 runner line84 [INFO][run_train_cv] 20191220_083406_ModelXGB fold 1 - start training
2019-12-20 08:34:06,271 runner line86 [INFO][run_train_cv] 20191220_083406_ModelXGB fold 1 - end training - score 0.6595
2019-12-20 08:34:06,272 runner line91 [DEBUG][run_train_cv] save model 1
2019-12-20 08:34:06,272 runner line84 [INFO][run_train_cv] 20191220_083406_ModelXGB fold 2 - start training
2019-12-20 08:34:06,308 runner line86 [INFO][run_train_cv] 20191220_083406_ModelXGB fold 2 - end training - score 0.6167
2019-12-20 08:34:06,308 runner line91 [DEBUG][run_train_cv] save model 2
2019-12-20 08:34:06,308 runner line84 [INFO][run_train_cv] 20191220_083406_ModelXGB fold 3 - start training
2019-12-20 08:34:06,341 runner line86 [INFO][run_train_cv] 20191220_083406_ModelXGB fold 3 - end training - score 0.6443
2019-12-20 08:34:06,341 runner line91 [DEBUG][run_train_cv] save model 3
2019-12-20 08:34:06,341 runner line104 [INFO][run_train_cv] 20191220_083406_ModelXGB - end training cv - oof score mean:0.6409, std:0.0154
2019-12-20 08:34:06,349 runner line118 [INFO][run_predict_cv] 20191220_083406_ModelXGB - start prediction cv
2019-12-20 08:34:06,352 runner line131 [INFO][run_predict_cv] 20191220_083406_ModelXGB- end prediction fold:0/3
2019-12-20 08:34:06,355 runner line131 [INFO][run_predict_cv] 20191220_083406_ModelXGB- end prediction fold:1/3
2019-12-20 08:34:06,357 runner line131 [INFO][run_predict_cv] 20191220_083406_ModelXGB- end prediction fold:2/3
2019-12-20 08:34:06,359 runner line131 [INFO][run_predict_cv] 20191220_083406_ModelXGB- end prediction fold:3/3
2019-12-20 08:34:06,364 runner line140 [INFO][run_predict_cv] 20191220_083406_ModelXGB - end prediction cv
2019-12-20 08:34:06,364 run line60 [INFO][run] ********************************************************
2019-12-20 08:34:06,364 run line61 [INFO][run] ********************* end pipeline *********************
2019-12-20 08:34:06,364 run line62 [INFO][run] ********************************************************
