2019-12-20 08:50:28,754 run line55 [INFO][run] ********************************************************
2019-12-20 08:50:28,754 run line56 [INFO][run] ******************** start pipeline ********************
2019-12-20 08:50:28,754 run line57 [INFO][run] ********************************************************
2019-12-20 08:50:28,754 runner line75 [INFO][run_train_cv] 20191220_085028_ModelXGB - start training cv
2019-12-20 08:50:28,754 runner line84 [INFO][run_train_cv] 20191220_085028_ModelXGB fold 0 - start training
2019-12-20 08:50:28,805 runner line86 [INFO][run_train_cv] 20191220_085028_ModelXGB fold 0 - end training - score 0.6432
2019-12-20 08:50:28,805 runner line91 [DEBUG][run_train_cv] save model 0
2019-12-20 08:50:28,805 runner line84 [INFO][run_train_cv] 20191220_085028_ModelXGB fold 1 - start training
2019-12-20 08:50:28,838 runner line86 [INFO][run_train_cv] 20191220_085028_ModelXGB fold 1 - end training - score 0.6595
2019-12-20 08:50:28,839 runner line91 [DEBUG][run_train_cv] save model 1
2019-12-20 08:50:28,839 runner line84 [INFO][run_train_cv] 20191220_085028_ModelXGB fold 2 - start training
2019-12-20 08:50:28,871 runner line86 [INFO][run_train_cv] 20191220_085028_ModelXGB fold 2 - end training - score 0.6167
2019-12-20 08:50:28,872 runner line91 [DEBUG][run_train_cv] save model 2
2019-12-20 08:50:28,872 runner line84 [INFO][run_train_cv] 20191220_085028_ModelXGB fold 3 - start training
2019-12-20 08:50:28,902 runner line86 [INFO][run_train_cv] 20191220_085028_ModelXGB fold 3 - end training - score 0.6443
2019-12-20 08:50:28,902 runner line91 [DEBUG][run_train_cv] save model 3
2019-12-20 08:50:28,903 runner line104 [INFO][run_train_cv] 20191220_085028_ModelXGB - end training cv - oof score mean:0.6409, std:0.0154
2019-12-20 08:50:28,911 runner line118 [INFO][run_predict_cv] 20191220_085028_ModelXGB - start prediction cv
2019-12-20 08:50:28,915 runner line131 [INFO][run_predict_cv] 20191220_085028_ModelXGB- end prediction fold:0/3
2019-12-20 08:50:28,917 runner line131 [INFO][run_predict_cv] 20191220_085028_ModelXGB- end prediction fold:1/3
2019-12-20 08:50:28,920 runner line131 [INFO][run_predict_cv] 20191220_085028_ModelXGB- end prediction fold:2/3
2019-12-20 08:50:28,922 runner line131 [INFO][run_predict_cv] 20191220_085028_ModelXGB- end prediction fold:3/3
2019-12-20 08:50:28,926 runner line140 [INFO][run_predict_cv] 20191220_085028_ModelXGB - end prediction cv
2019-12-20 08:50:28,927 run line61 [INFO][run] ********************************************************
2019-12-20 08:50:28,927 run line62 [INFO][run] ********************* end pipeline *********************
2019-12-20 08:50:28,927 run line63 [INFO][run] ********************************************************
2019-12-20 08:50:28,928 run line55 [INFO][run] ********************************************************
2019-12-20 08:50:28,928 run line55 [INFO][run] ********************************************************
2019-12-20 08:50:28,928 run line56 [INFO][run] ******************** start pipeline ********************
2019-12-20 08:50:28,928 run line56 [INFO][run] ******************** start pipeline ********************
2019-12-20 08:50:28,928 run line57 [INFO][run] ********************************************************
2019-12-20 08:50:28,928 run line57 [INFO][run] ********************************************************
2019-12-20 08:50:28,928 runner line75 [INFO][run_train_cv] 20191220_085028_ModelXGB - start training cv
2019-12-20 08:50:28,928 runner line75 [INFO][run_train_cv] 20191220_085028_ModelXGB - start training cv
2019-12-20 08:50:28,929 runner line84 [INFO][run_train_cv] 20191220_085028_ModelXGB fold 0 - start training
2019-12-20 08:50:28,929 runner line84 [INFO][run_train_cv] 20191220_085028_ModelXGB fold 0 - start training
2019-12-20 08:50:28,961 runner line86 [INFO][run_train_cv] 20191220_085028_ModelXGB fold 0 - end training - score 0.6432
2019-12-20 08:50:28,961 runner line86 [INFO][run_train_cv] 20191220_085028_ModelXGB fold 0 - end training - score 0.6432
2019-12-20 08:50:28,961 runner line91 [DEBUG][run_train_cv] save model 0
2019-12-20 08:50:28,961 runner line91 [DEBUG][run_train_cv] save model 0
2019-12-20 08:50:28,961 runner line84 [INFO][run_train_cv] 20191220_085028_ModelXGB fold 1 - start training
2019-12-20 08:50:28,961 runner line84 [INFO][run_train_cv] 20191220_085028_ModelXGB fold 1 - start training
2019-12-20 08:50:28,995 runner line86 [INFO][run_train_cv] 20191220_085028_ModelXGB fold 1 - end training - score 0.6595
2019-12-20 08:50:28,995 runner line86 [INFO][run_train_cv] 20191220_085028_ModelXGB fold 1 - end training - score 0.6595
2019-12-20 08:50:28,996 runner line91 [DEBUG][run_train_cv] save model 1
2019-12-20 08:50:28,996 runner line91 [DEBUG][run_train_cv] save model 1
2019-12-20 08:50:28,996 runner line84 [INFO][run_train_cv] 20191220_085028_ModelXGB fold 2 - start training
2019-12-20 08:50:28,996 runner line84 [INFO][run_train_cv] 20191220_085028_ModelXGB fold 2 - start training
2019-12-20 08:50:29,028 runner line86 [INFO][run_train_cv] 20191220_085028_ModelXGB fold 2 - end training - score 0.6167
2019-12-20 08:50:29,028 runner line86 [INFO][run_train_cv] 20191220_085028_ModelXGB fold 2 - end training - score 0.6167
2019-12-20 08:50:29,029 runner line91 [DEBUG][run_train_cv] save model 2
2019-12-20 08:50:29,029 runner line91 [DEBUG][run_train_cv] save model 2
2019-12-20 08:50:29,029 runner line84 [INFO][run_train_cv] 20191220_085028_ModelXGB fold 3 - start training
2019-12-20 08:50:29,029 runner line84 [INFO][run_train_cv] 20191220_085028_ModelXGB fold 3 - start training
2019-12-20 08:50:29,061 runner line86 [INFO][run_train_cv] 20191220_085028_ModelXGB fold 3 - end training - score 0.6443
2019-12-20 08:50:29,061 runner line86 [INFO][run_train_cv] 20191220_085028_ModelXGB fold 3 - end training - score 0.6443
2019-12-20 08:50:29,062 runner line91 [DEBUG][run_train_cv] save model 3
2019-12-20 08:50:29,062 runner line91 [DEBUG][run_train_cv] save model 3
2019-12-20 08:50:29,062 runner line104 [INFO][run_train_cv] 20191220_085028_ModelXGB - end training cv - oof score mean:0.6409, std:0.0154
2019-12-20 08:50:29,062 runner line104 [INFO][run_train_cv] 20191220_085028_ModelXGB - end training cv - oof score mean:0.6409, std:0.0154
2019-12-20 08:50:29,070 runner line118 [INFO][run_predict_cv] 20191220_085028_ModelXGB - start prediction cv
2019-12-20 08:50:29,070 runner line118 [INFO][run_predict_cv] 20191220_085028_ModelXGB - start prediction cv
2019-12-20 08:50:29,073 runner line131 [INFO][run_predict_cv] 20191220_085028_ModelXGB- end prediction fold:0/3
2019-12-20 08:50:29,073 runner line131 [INFO][run_predict_cv] 20191220_085028_ModelXGB- end prediction fold:0/3
2019-12-20 08:50:29,076 runner line131 [INFO][run_predict_cv] 20191220_085028_ModelXGB- end prediction fold:1/3
2019-12-20 08:50:29,076 runner line131 [INFO][run_predict_cv] 20191220_085028_ModelXGB- end prediction fold:1/3
2019-12-20 08:50:29,078 runner line131 [INFO][run_predict_cv] 20191220_085028_ModelXGB- end prediction fold:2/3
2019-12-20 08:50:29,078 runner line131 [INFO][run_predict_cv] 20191220_085028_ModelXGB- end prediction fold:2/3
2019-12-20 08:50:29,081 runner line131 [INFO][run_predict_cv] 20191220_085028_ModelXGB- end prediction fold:3/3
2019-12-20 08:50:29,081 runner line131 [INFO][run_predict_cv] 20191220_085028_ModelXGB- end prediction fold:3/3
2019-12-20 08:50:29,085 runner line140 [INFO][run_predict_cv] 20191220_085028_ModelXGB - end prediction cv
2019-12-20 08:50:29,085 runner line140 [INFO][run_predict_cv] 20191220_085028_ModelXGB - end prediction cv
2019-12-20 08:50:29,086 run line61 [INFO][run] ********************************************************
2019-12-20 08:50:29,086 run line61 [INFO][run] ********************************************************
2019-12-20 08:50:29,086 run line62 [INFO][run] ********************* end pipeline *********************
2019-12-20 08:50:29,086 run line62 [INFO][run] ********************* end pipeline *********************
2019-12-20 08:50:29,086 run line63 [INFO][run] ********************************************************
2019-12-20 08:50:29,086 run line63 [INFO][run] ********************************************************
2019-12-20 08:50:29,088 run line55 [INFO][run] ********************************************************
2019-12-20 08:50:29,088 run line55 [INFO][run] ********************************************************
2019-12-20 08:50:29,088 run line56 [INFO][run] ******************** start pipeline ********************
2019-12-20 08:50:29,088 run line56 [INFO][run] ******************** start pipeline ********************
2019-12-20 08:50:29,089 run line57 [INFO][run] ********************************************************
2019-12-20 08:50:29,089 run line57 [INFO][run] ********************************************************
2019-12-20 08:50:29,089 runner line75 [INFO][run_train_cv] 20191220_085029_ModelXGB - start training cv
2019-12-20 08:50:29,089 runner line75 [INFO][run_train_cv] 20191220_085029_ModelXGB - start training cv
2019-12-20 08:50:29,090 runner line84 [INFO][run_train_cv] 20191220_085029_ModelXGB fold 0 - start training
2019-12-20 08:50:29,090 runner line84 [INFO][run_train_cv] 20191220_085029_ModelXGB fold 0 - start training
2019-12-20 08:50:29,120 runner line86 [INFO][run_train_cv] 20191220_085029_ModelXGB fold 0 - end training - score 0.6432
2019-12-20 08:50:29,120 runner line86 [INFO][run_train_cv] 20191220_085029_ModelXGB fold 0 - end training - score 0.6432
2019-12-20 08:50:29,120 runner line91 [DEBUG][run_train_cv] save model 0
2019-12-20 08:50:29,120 runner line91 [DEBUG][run_train_cv] save model 0
2019-12-20 08:50:29,121 runner line84 [INFO][run_train_cv] 20191220_085029_ModelXGB fold 1 - start training
2019-12-20 08:50:29,121 runner line84 [INFO][run_train_cv] 20191220_085029_ModelXGB fold 1 - start training
2019-12-20 08:50:29,153 runner line86 [INFO][run_train_cv] 20191220_085029_ModelXGB fold 1 - end training - score 0.6595
2019-12-20 08:50:29,153 runner line86 [INFO][run_train_cv] 20191220_085029_ModelXGB fold 1 - end training - score 0.6595
2019-12-20 08:50:29,154 runner line91 [DEBUG][run_train_cv] save model 1
2019-12-20 08:50:29,154 runner line91 [DEBUG][run_train_cv] save model 1
2019-12-20 08:50:29,154 runner line84 [INFO][run_train_cv] 20191220_085029_ModelXGB fold 2 - start training
2019-12-20 08:50:29,154 runner line84 [INFO][run_train_cv] 20191220_085029_ModelXGB fold 2 - start training
2019-12-20 08:50:29,185 runner line86 [INFO][run_train_cv] 20191220_085029_ModelXGB fold 2 - end training - score 0.6167
2019-12-20 08:50:29,185 runner line86 [INFO][run_train_cv] 20191220_085029_ModelXGB fold 2 - end training - score 0.6167
2019-12-20 08:50:29,186 runner line91 [DEBUG][run_train_cv] save model 2
2019-12-20 08:50:29,186 runner line91 [DEBUG][run_train_cv] save model 2
2019-12-20 08:50:29,186 runner line84 [INFO][run_train_cv] 20191220_085029_ModelXGB fold 3 - start training
2019-12-20 08:50:29,186 runner line84 [INFO][run_train_cv] 20191220_085029_ModelXGB fold 3 - start training
2019-12-20 08:50:29,223 runner line86 [INFO][run_train_cv] 20191220_085029_ModelXGB fold 3 - end training - score 0.6443
2019-12-20 08:50:29,223 runner line86 [INFO][run_train_cv] 20191220_085029_ModelXGB fold 3 - end training - score 0.6443
2019-12-20 08:50:29,224 runner line91 [DEBUG][run_train_cv] save model 3
2019-12-20 08:50:29,224 runner line91 [DEBUG][run_train_cv] save model 3
2019-12-20 08:50:29,224 runner line104 [INFO][run_train_cv] 20191220_085029_ModelXGB - end training cv - oof score mean:0.6409, std:0.0154
2019-12-20 08:50:29,224 runner line104 [INFO][run_train_cv] 20191220_085029_ModelXGB - end training cv - oof score mean:0.6409, std:0.0154
2019-12-20 08:50:29,232 runner line118 [INFO][run_predict_cv] 20191220_085029_ModelXGB - start prediction cv
2019-12-20 08:50:29,232 runner line118 [INFO][run_predict_cv] 20191220_085029_ModelXGB - start prediction cv
2019-12-20 08:50:29,236 runner line131 [INFO][run_predict_cv] 20191220_085029_ModelXGB- end prediction fold:0/3
2019-12-20 08:50:29,236 runner line131 [INFO][run_predict_cv] 20191220_085029_ModelXGB- end prediction fold:0/3
2019-12-20 08:50:29,238 runner line131 [INFO][run_predict_cv] 20191220_085029_ModelXGB- end prediction fold:1/3
2019-12-20 08:50:29,238 runner line131 [INFO][run_predict_cv] 20191220_085029_ModelXGB- end prediction fold:1/3
2019-12-20 08:50:29,241 runner line131 [INFO][run_predict_cv] 20191220_085029_ModelXGB- end prediction fold:2/3
2019-12-20 08:50:29,241 runner line131 [INFO][run_predict_cv] 20191220_085029_ModelXGB- end prediction fold:2/3
2019-12-20 08:50:29,243 runner line131 [INFO][run_predict_cv] 20191220_085029_ModelXGB- end prediction fold:3/3
2019-12-20 08:50:29,243 runner line131 [INFO][run_predict_cv] 20191220_085029_ModelXGB- end prediction fold:3/3
2019-12-20 08:50:29,247 runner line140 [INFO][run_predict_cv] 20191220_085029_ModelXGB - end prediction cv
2019-12-20 08:50:29,247 runner line140 [INFO][run_predict_cv] 20191220_085029_ModelXGB - end prediction cv
2019-12-20 08:50:29,247 run line61 [INFO][run] ********************************************************
2019-12-20 08:50:29,247 run line61 [INFO][run] ********************************************************
2019-12-20 08:50:29,248 run line62 [INFO][run] ********************* end pipeline *********************
2019-12-20 08:50:29,248 run line62 [INFO][run] ********************* end pipeline *********************
2019-12-20 08:50:29,248 run line63 [INFO][run] ********************************************************
2019-12-20 08:50:29,248 run line63 [INFO][run] ********************************************************
