2019-12-20 08:50:29,088 run line55 [INFO][run] ********************************************************
2019-12-20 08:50:29,088 run line56 [INFO][run] ******************** start pipeline ********************
2019-12-20 08:50:29,089 run line57 [INFO][run] ********************************************************
2019-12-20 08:50:29,089 runner line75 [INFO][run_train_cv] 20191220_085029_ModelXGB - start training cv
2019-12-20 08:50:29,090 runner line84 [INFO][run_train_cv] 20191220_085029_ModelXGB fold 0 - start training
2019-12-20 08:50:29,120 runner line86 [INFO][run_train_cv] 20191220_085029_ModelXGB fold 0 - end training - score 0.6432
2019-12-20 08:50:29,120 runner line91 [DEBUG][run_train_cv] save model 0
2019-12-20 08:50:29,121 runner line84 [INFO][run_train_cv] 20191220_085029_ModelXGB fold 1 - start training
2019-12-20 08:50:29,153 runner line86 [INFO][run_train_cv] 20191220_085029_ModelXGB fold 1 - end training - score 0.6595
2019-12-20 08:50:29,154 runner line91 [DEBUG][run_train_cv] save model 1
2019-12-20 08:50:29,154 runner line84 [INFO][run_train_cv] 20191220_085029_ModelXGB fold 2 - start training
2019-12-20 08:50:29,185 runner line86 [INFO][run_train_cv] 20191220_085029_ModelXGB fold 2 - end training - score 0.6167
2019-12-20 08:50:29,186 runner line91 [DEBUG][run_train_cv] save model 2
2019-12-20 08:50:29,186 runner line84 [INFO][run_train_cv] 20191220_085029_ModelXGB fold 3 - start training
2019-12-20 08:50:29,223 runner line86 [INFO][run_train_cv] 20191220_085029_ModelXGB fold 3 - end training - score 0.6443
2019-12-20 08:50:29,224 runner line91 [DEBUG][run_train_cv] save model 3
2019-12-20 08:50:29,224 runner line104 [INFO][run_train_cv] 20191220_085029_ModelXGB - end training cv - oof score mean:0.6409, std:0.0154
2019-12-20 08:50:29,232 runner line118 [INFO][run_predict_cv] 20191220_085029_ModelXGB - start prediction cv
2019-12-20 08:50:29,236 runner line131 [INFO][run_predict_cv] 20191220_085029_ModelXGB- end prediction fold:0/3
2019-12-20 08:50:29,238 runner line131 [INFO][run_predict_cv] 20191220_085029_ModelXGB- end prediction fold:1/3
2019-12-20 08:50:29,241 runner line131 [INFO][run_predict_cv] 20191220_085029_ModelXGB- end prediction fold:2/3
2019-12-20 08:50:29,243 runner line131 [INFO][run_predict_cv] 20191220_085029_ModelXGB- end prediction fold:3/3
2019-12-20 08:50:29,247 runner line140 [INFO][run_predict_cv] 20191220_085029_ModelXGB - end prediction cv
2019-12-20 08:50:29,247 run line61 [INFO][run] ********************************************************
2019-12-20 08:50:29,248 run line62 [INFO][run] ********************* end pipeline *********************
2019-12-20 08:50:29,248 run line63 [INFO][run] ********************************************************
