2019-12-20 09:56:00,024 run line55 [INFO][run] ********************************************************
2019-12-20 09:56:00,025 run line56 [INFO][run] ******************** start pipeline ********************
2019-12-20 09:56:00,025 run line57 [INFO][run] ********************************************************
2019-12-20 09:56:00,025 runner line75 [INFO][run_train_cv] 20191220_095600_ModelXGB - start training cv
2019-12-20 09:56:00,025 runner line84 [INFO][run_train_cv] 20191220_095600_ModelXGB fold 0 - start training
2019-12-20 09:56:00,183 runner line86 [INFO][run_train_cv] 20191220_095600_ModelXGB fold 0 - end training - score 0.6387
2019-12-20 09:56:00,184 runner line91 [DEBUG][run_train_cv] save model 0
2019-12-20 09:56:00,184 runner line84 [INFO][run_train_cv] 20191220_095600_ModelXGB fold 1 - start training
2019-12-20 09:56:00,291 runner line86 [INFO][run_train_cv] 20191220_095600_ModelXGB fold 1 - end training - score 0.6611
2019-12-20 09:56:00,291 runner line91 [DEBUG][run_train_cv] save model 1
2019-12-20 09:56:00,291 runner line84 [INFO][run_train_cv] 20191220_095600_ModelXGB fold 2 - start training
2019-12-20 09:56:00,712 runner line86 [INFO][run_train_cv] 20191220_095600_ModelXGB fold 2 - end training - score 0.5988
2019-12-20 09:56:00,713 runner line91 [DEBUG][run_train_cv] save model 2
2019-12-20 09:56:00,713 runner line84 [INFO][run_train_cv] 20191220_095600_ModelXGB fold 3 - start training
2019-12-20 09:56:01,003 runner line86 [INFO][run_train_cv] 20191220_095600_ModelXGB fold 3 - end training - score 0.6369
2019-12-20 09:56:01,004 runner line91 [DEBUG][run_train_cv] save model 3
2019-12-20 09:56:01,004 runner line104 [INFO][run_train_cv] 20191220_095600_ModelXGB - end training cv - oof score mean:0.6339, std:0.0224
2019-12-20 09:56:01,010 runner line118 [INFO][run_predict_cv] 20191220_095600_ModelXGB - start prediction cv
2019-12-20 09:56:01,012 runner line131 [INFO][run_predict_cv] 20191220_095600_ModelXGB- end prediction fold:0/3
2019-12-20 09:56:01,012 runner line131 [INFO][run_predict_cv] 20191220_095600_ModelXGB- end prediction fold:1/3
2019-12-20 09:56:01,014 runner line131 [INFO][run_predict_cv] 20191220_095600_ModelXGB- end prediction fold:2/3
2019-12-20 09:56:01,015 runner line131 [INFO][run_predict_cv] 20191220_095600_ModelXGB- end prediction fold:3/3
2019-12-20 09:56:01,018 runner line140 [INFO][run_predict_cv] 20191220_095600_ModelXGB - end prediction cv
2019-12-20 09:56:01,018 run line61 [INFO][run] ********************************************************
2019-12-20 09:56:01,018 run line62 [INFO][run] ********************* end pipeline *********************
2019-12-20 09:56:01,018 run line63 [INFO][run] ********************************************************
