2019-12-15 18:04:05,886 run line54 [INFO][run] ******************** start pipeline ********************
2019-12-15 18:04:05,887 runner line75 [INFO][run_train_cv] 20191215_180405_ModelXGB - start training cv
2019-12-15 18:04:05,887 runner line84 [INFO][run_train_cv] 20191215_180405_ModelXGB fold 0 - start training
2019-12-15 18:04:05,928 runner line86 [INFO][run_train_cv] 20191215_180405_ModelXGB fold 0 - end training - score 0.6431673342095954
2019-12-15 18:04:05,929 runner line91 [DEBUG][run_train_cv] save model 0
2019-12-15 18:04:05,929 runner line84 [INFO][run_train_cv] 20191215_180405_ModelXGB fold 1 - start training
2019-12-15 18:04:05,966 runner line86 [INFO][run_train_cv] 20191215_180405_ModelXGB fold 1 - end training - score 0.6594854042669048
2019-12-15 18:04:05,967 runner line91 [DEBUG][run_train_cv] save model 1
2019-12-15 18:04:05,967 runner line84 [INFO][run_train_cv] 20191215_180405_ModelXGB fold 2 - start training
2019-12-15 18:04:06,002 runner line86 [INFO][run_train_cv] 20191215_180405_ModelXGB fold 2 - end training - score 0.6167053186947161
2019-12-15 18:04:06,002 runner line91 [DEBUG][run_train_cv] save model 2
2019-12-15 18:04:06,002 runner line84 [INFO][run_train_cv] 20191215_180405_ModelXGB fold 3 - start training
2019-12-15 18:04:06,036 runner line86 [INFO][run_train_cv] 20191215_180405_ModelXGB fold 3 - end training - score 0.6443290111717878
2019-12-15 18:04:06,037 runner line91 [DEBUG][run_train_cv] save model 3
2019-12-15 18:04:06,037 runner line104 [INFO][run_train_cv] 20191215_180405_ModelXGB - end training cv - score mean:0.640921767085751, std:0.015392342918141929
2019-12-15 18:04:06,049 runner line117 [INFO][run_predict_cv] 20191215_180405_ModelXGB - start prediction cv
2019-12-15 18:04:06,052 runner line130 [INFO][run_predict_cv] 20191215_180405_ModelXGB- end prediction fold:0/3
2019-12-15 18:04:06,056 runner line130 [INFO][run_predict_cv] 20191215_180405_ModelXGB- end prediction fold:1/3
2019-12-15 18:04:06,058 runner line130 [INFO][run_predict_cv] 20191215_180405_ModelXGB- end prediction fold:2/3
2019-12-15 18:04:06,060 runner line130 [INFO][run_predict_cv] 20191215_180405_ModelXGB- end prediction fold:3/3
2019-12-15 18:04:06,064 runner line139 [INFO][run_predict_cv] 20191215_180405_ModelXGB - end prediction cv
2019-12-15 18:04:06,065 run line58 [INFO][run] ******************** end pipeline ********************
