2019-12-05 09:01:33,560 create_features line 28 [DEBUG][<module>] this is debugggg
2019-12-05 09:01:33,560 create_features line 43 [INFO][<module>] -------------------- start
2019-12-05 09:01:33,567 create_features line 50 [DEBUG][<module>] this is debug
2019-12-05 09:01:33,572 create_features.base line 88 [DEBUG][save] save path=../../data/feature/FamilySize_train.pkl
2019-12-05 09:01:33,572 create_features.base line 89 [DEBUG][save] save path=../../data/feature/FamilySize_test.pkl
2019-12-05 09:01:33,576 create_features.base line 88 [DEBUG][save] save path=../../data/feature/MyFeat1_train.pkl
2019-12-05 09:01:33,576 create_features.base line 89 [DEBUG][save] save path=../../data/feature/MyFeat1_test.pkl
2019-12-05 09:01:33,576 create_features line 54 [INFO][<module>] -------------------- end
2019-12-05 09:01:48,335 create_features line 28 [DEBUG][<module>] this is debugggg
2019-12-05 09:01:48,335 create_features line 43 [INFO][<module>] -------------------- start
2019-12-05 09:01:48,342 create_features line 50 [DEBUG][<module>] this is debug
2019-12-05 09:01:48,346 create_features.base line 88 [DEBUG][save] save path=../../data/feature/FamilySize_train.pkl
2019-12-05 09:01:48,346 create_features.base line 89 [DEBUG][save] save path=../../data/feature/FamilySize_test.pkl
2019-12-05 09:01:48,349 create_features.base line 88 [DEBUG][save] save path=../../data/feature/MyFeat1_train.pkl
2019-12-05 09:01:48,349 create_features.base line 89 [DEBUG][save] save path=../../data/feature/MyFeat1_test.pkl
2019-12-05 09:01:48,349 create_features line 54 [INFO][<module>] -------------------- end
2019-12-05 09:03:07,408 create_features line 28 [DEBUG][<module>] this is debugggg
2019-12-05 09:03:07,408 create_features line 43 [INFO][<module>] -------------------- start
2019-12-05 09:03:07,415 create_features line 50 [DEBUG][<module>] this is debug
2019-12-05 09:03:07,419 create_features.base line 88 [DEBUG][save] save path=../../data/feature/FamilySize_train.pkl
2019-12-05 09:03:07,420 create_features.base line 89 [DEBUG][save] save path=../../data/feature/FamilySize_test.pkl
2019-12-05 09:03:07,420 create_features.base line 90 [INFO][save] finish FamilySize
2019-12-05 09:03:07,424 create_features.base line 88 [DEBUG][save] save path=../../data/feature/MyFeat1_train.pkl
2019-12-05 09:03:07,424 create_features.base line 89 [DEBUG][save] save path=../../data/feature/MyFeat1_test.pkl
2019-12-05 09:03:07,424 create_features.base line 90 [INFO][save] finish MyFeat1
2019-12-05 09:03:07,424 create_features line 54 [INFO][<module>] -------------------- end
2019-12-05 09:03:41,186 create_features line 28 [DEBUG][<module>] this is debugggg
2019-12-05 09:03:41,186 create_features line 43 [INFO][<module>] -------------------- start
2019-12-05 09:03:41,193 create_features line 50 [DEBUG][<module>] this is debug
2019-12-05 09:03:41,197 create_features.base line 88 [DEBUG][save] save path=../../data/feature/FamilySize_train.pkl
2019-12-05 09:03:41,197 create_features.base line 89 [DEBUG][save] save path=../../data/feature/FamilySize_test.pkl
2019-12-05 09:03:41,197 create_features.base line 90 [INFO][save] finish FamilySize
2019-12-05 09:03:41,201 create_features.base line 88 [DEBUG][save] save path=../../data/feature/MyFeat1_train.pkl
2019-12-05 09:03:41,201 create_features.base line 89 [DEBUG][save] save path=../../data/feature/MyFeat1_test.pkl
2019-12-05 09:03:41,201 create_features.base line 90 [INFO][save] finish MyFeat1
2019-12-05 09:03:41,201 create_features line 54 [INFO][<module>] -------------------- end
2019-12-05 09:04:52,105 create_features line 28 [DEBUG][<module>] this is debugggg
2019-12-05 09:04:52,105 create_features line 43 [INFO][<module>] -------------------- start
2019-12-05 09:04:52,112 create_features line 50 [DEBUG][<module>] this is debug
2019-12-05 09:04:52,116 create_features.base line 88 [DEBUG][save] save path=../../data/feature/FamilySize_train.pkl
2019-12-05 09:04:52,116 create_features.base line 89 [DEBUG][save] save path=../../data/feature/FamilySize_test.pkl
2019-12-05 09:04:52,116 create_features.base line 90 [INFO][save] finish FamilySize
2019-12-05 09:04:52,120 create_features.base line 88 [DEBUG][save] save path=../../data/feature/MyFeat1_train.pkl
2019-12-05 09:04:52,120 create_features.base line 89 [DEBUG][save] save path=../../data/feature/MyFeat1_test.pkl
2019-12-05 09:04:52,120 create_features.base line 90 [INFO][save] finish MyFeat1
2019-12-05 09:04:52,120 create_features line 54 [INFO][<module>] -------------------- end
2019-12-05 09:05:49,370 create_features line 28 [DEBUG][<module>] this is debugggg
2019-12-05 09:05:49,370 create_features line 43 [INFO][<module>] -------------------- start
2019-12-05 09:05:49,376 create_features line 50 [DEBUG][<module>] this is debug
2019-12-05 09:05:49,380 create_features.base line 88 [DEBUG][save] save path=../../data/feature/FamilySize_train.pkl
2019-12-05 09:05:49,380 create_features.base line 89 [DEBUG][save] save path=../../data/feature/FamilySize_test.pkl
2019-12-05 09:05:49,381 create_features.base line 90 [INFO][save] finish FamilySize
2019-12-05 09:05:49,384 create_features.base line 88 [DEBUG][save] save path=../../data/feature/MyFeat1_train.pkl
2019-12-05 09:05:49,384 create_features.base line 89 [DEBUG][save] save path=../../data/feature/MyFeat1_test.pkl
2019-12-05 09:05:49,384 create_features.base line 90 [INFO][save] finish MyFeat1
2019-12-05 09:05:49,384 create_features line 54 [INFO][<module>] -------------------- end
2019-12-05 09:06:06,530 create_features line 28 [DEBUG][<module>] this is debugggg
2019-12-05 09:06:06,531 create_features line 43 [INFO][<module>] -------------------- start
2019-12-05 09:06:06,537 create_features line 50 [DEBUG][<module>] this is debug
2019-12-05 09:06:06,542 create_features.base line 88 [DEBUG][save] save path=../../data/feature/FamilySize_train.pkl
2019-12-05 09:06:06,542 create_features.base line 89 [DEBUG][save] save path=../../data/feature/FamilySize_test.pkl
2019-12-05 09:06:06,542 create_features.base line 90 [INFO][save] finish FamilySize
2019-12-05 09:06:06,545 create_features.base line 88 [DEBUG][save] save path=../../data/feature/MyFeat1_train.pkl
2019-12-05 09:06:06,545 create_features.base line 89 [DEBUG][save] save path=../../data/feature/MyFeat1_test.pkl
2019-12-05 09:06:06,545 create_features.base line 90 [INFO][save] finish MyFeat1
2019-12-05 09:06:06,545 create_features line 54 [INFO][<module>] -------------------- end
2019-12-05 09:07:12,071 create_features line 28 [DEBUG][<module>] this is debugggg
2019-12-05 09:07:12,071 create_features line 43 [INFO][<module>] -------------------- start
2019-12-05 09:07:12,086 create_features line 53 [INFO][<module>] -------------------- end
2019-12-05 09:07:27,480 create_features line 28 [DEBUG][<module>] this is debugggg
2019-12-05 09:07:27,480 create_features line 43 [INFO][<module>] -------------------- start
2019-12-05 09:07:27,491 create_features.base line 88 [DEBUG][save] save path=../../data/feature/FamilySize_train.pkl
2019-12-05 09:07:27,492 create_features.base line 89 [DEBUG][save] save path=../../data/feature/FamilySize_test.pkl
2019-12-05 09:07:27,492 create_features.base line 90 [INFO][save] finish FamilySize
2019-12-05 09:07:27,495 create_features.base line 88 [DEBUG][save] save path=../../data/feature/MyFeat1_train.pkl
2019-12-05 09:07:27,495 create_features.base line 89 [DEBUG][save] save path=../../data/feature/MyFeat1_test.pkl
2019-12-05 09:07:27,495 create_features.base line 90 [INFO][save] finish MyFeat1
2019-12-05 09:07:27,495 create_features line 53 [INFO][<module>] -------------------- end
2019-12-05 09:08:09,613 create_features line 28 [DEBUG][<module>] this is debugggg
2019-12-05 09:08:09,614 create_features line 43 [INFO][<module>] -------------------- start
2019-12-05 09:08:09,626 create_features.base line 88 [DEBUG][save] save path=../../data/feature/FamilySize_train.pkl
2019-12-05 09:08:09,626 create_features.base line 89 [DEBUG][save] save path=../../data/feature/FamilySize_test.pkl
2019-12-05 09:08:09,626 create_features.base line 90 [INFO][save] finish FamilySize
2019-12-05 09:08:09,629 create_features.base line 88 [DEBUG][save] save path=../../data/feature/MyFeat1_train.pkl
2019-12-05 09:08:09,629 create_features.base line 89 [DEBUG][save] save path=../../data/feature/MyFeat1_test.pkl
2019-12-05 09:08:09,629 create_features.base line 90 [INFO][save] finish MyFeat1
2019-12-05 09:08:09,629 create_features line 53 [INFO][<module>] -------------------- end
2019-12-05 09:08:19,990 create_features line 28 [DEBUG][<module>] this is debugggg
2019-12-05 09:08:19,990 create_features line 43 [INFO][<module>] -------------------- start
2019-12-05 09:08:20,001 create_features.base line 88 [DEBUG][save] save path=../../data/feature/FamilySize_train.pkl
2019-12-05 09:08:20,002 create_features.base line 89 [DEBUG][save] save path=../../data/feature/FamilySize_test.pkl
2019-12-05 09:08:20,002 create_features.base line 90 [INFO][save] finish FamilySize
2019-12-05 09:08:20,005 create_features.base line 88 [DEBUG][save] save path=../../data/feature/MyFeat1_train.pkl
2019-12-05 09:08:20,005 create_features.base line 89 [DEBUG][save] save path=../../data/feature/MyFeat1_test.pkl
2019-12-05 09:08:20,005 create_features.base line 90 [INFO][save] finish MyFeat1
2019-12-05 09:08:20,006 create_features line 53 [INFO][<module>] -------------------- end
2019-12-05 09:08:26,754 create_features line 28 [DEBUG][<module>] this is debugggg
2019-12-05 09:08:26,755 create_features line 43 [INFO][<module>] -------------------- start
2019-12-05 09:08:26,766 create_features.base line 88 [DEBUG][save] save path=../../data/feature/FamilySize_train.pkl
2019-12-05 09:08:26,766 create_features.base line 89 [DEBUG][save] save path=../../data/feature/FamilySize_test.pkl
2019-12-05 09:08:26,766 create_features.base line 90 [INFO][save] finish FamilySize
2019-12-05 09:08:26,769 create_features.base line 88 [DEBUG][save] save path=../../data/feature/MyFeat1_train.pkl
2019-12-05 09:08:26,769 create_features.base line 89 [DEBUG][save] save path=../../data/feature/MyFeat1_test.pkl
2019-12-05 09:08:26,769 create_features.base line 90 [INFO][save] finish MyFeat1
2019-12-05 09:08:26,769 create_features line 53 [INFO][<module>] -------------------- end
2019-12-05 09:10:40,386 create_features line 28 [DEBUG][<module>] this is debugggg
2019-12-05 09:10:40,387 create_features line 43 [INFO][<module>] -------------------- start
2019-12-05 09:10:40,397 create_features.base line 90 [INFO][save] finish FamilySize
2019-12-05 09:10:40,401 create_features.base line 90 [INFO][save] finish MyFeat1
2019-12-05 09:10:40,401 create_features line 53 [INFO][<module>] -------------------- end
2019-12-05 09:11:21,356 create_features line 28 [DEBUG][<module>] this is debugggg
2019-12-05 09:11:21,356 create_features line 43 [INFO][<module>] -------------------- start
2019-12-05 09:11:21,367 create_features.base line 88 [DEBUG][save] save path=../../data/feature/FamilySize_train.pkl
2019-12-05 09:11:21,367 create_features.base line 89 [DEBUG][save] save path=../../data/feature/FamilySize_test.pkl
2019-12-05 09:11:21,367 create_features.base line 90 [INFO][save] finish FamilySize
2019-12-05 09:11:21,371 create_features.base line 88 [DEBUG][save] save path=../../data/feature/MyFeat1_train.pkl
2019-12-05 09:11:21,371 create_features.base line 89 [DEBUG][save] save path=../../data/feature/MyFeat1_test.pkl
2019-12-05 09:11:21,371 create_features.base line 90 [INFO][save] finish MyFeat1
2019-12-05 09:11:21,371 create_features line 53 [INFO][<module>] -------------------- end
2019-12-05 09:15:27,699 create_features line 28 [DEBUG][<module>] this is debugggg
2019-12-05 09:15:27,699 create_features line 43 [INFO][<module>] -------------------- start
2019-12-05 09:15:27,710 create_features.base line 88 [DEBUG][save] save path=../../data/feature/FamilySize_train.pkl
2019-12-05 09:15:27,710 create_features.base line 89 [DEBUG][save] save path=../../data/feature/FamilySize_test.pkl
2019-12-05 09:15:27,710 create_features.base line 90 [INFO][save] finish FamilySize
2019-12-05 09:15:27,714 create_features.base line 88 [DEBUG][save] save path=../../data/feature/MyFeat1_train.pkl
2019-12-05 09:15:27,714 create_features.base line 89 [DEBUG][save] save path=../../data/feature/MyFeat1_test.pkl
2019-12-05 09:15:27,714 create_features.base line 90 [INFO][save] finish MyFeat1
2019-12-05 09:15:27,714 create_features line 53 [INFO][<module>] -------------------- end
2019-12-05 09:16:34,745 create_features line 28 [DEBUG][<module>] this is debugggg
2019-12-05 09:16:34,745 create_features line 43 [INFO][<module>] -------------------- start
2019-12-05 09:16:34,757 create_features.base line 88 [DEBUG][save] save path=../../data/feature/FamilySize_train.pkl
2019-12-05 09:16:34,757 create_features.base line 89 [DEBUG][save] save path=../../data/feature/FamilySize_test.pkl
2019-12-05 09:16:34,757 create_features.base line 90 [INFO][save] finish FamilySize
2019-12-05 09:16:34,760 create_features.base line 88 [DEBUG][save] save path=../../data/feature/MyFeat1_train.pkl
2019-12-05 09:16:34,760 create_features.base line 89 [DEBUG][save] save path=../../data/feature/MyFeat1_test.pkl
2019-12-05 09:16:34,760 create_features.base line 90 [INFO][save] finish MyFeat1
2019-12-05 09:16:34,760 create_features line 53 [INFO][<module>] -------------------- end
2019-12-05 09:16:45,736 create_features line 28 [DEBUG][<module>] this is debugggg
2019-12-05 09:16:45,736 create_features line 43 [INFO][<module>] -------------------- start
2019-12-05 09:16:45,747 create_features.base line 88 [DEBUG][save] save path=../../data/feature/FamilySize_train.pkl
2019-12-05 09:16:45,747 create_features.base line 89 [DEBUG][save] save path=../../data/feature/FamilySize_test.pkl
2019-12-05 09:16:45,747 create_features.base line 90 [INFO][save] finish FamilySize
2019-12-05 09:16:45,751 create_features.base line 88 [DEBUG][save] save path=../../data/feature/MyFeat1_train.pkl
2019-12-05 09:16:45,751 create_features.base line 89 [DEBUG][save] save path=../../data/feature/MyFeat1_test.pkl
2019-12-05 09:16:45,751 create_features.base line 90 [INFO][save] finish MyFeat1
2019-12-05 09:16:45,751 create_features line 53 [INFO][<module>] -------------------- end
2019-12-05 09:17:21,169 create_features line 28 [DEBUG][<module>] this is debugggg
2019-12-05 09:17:21,169 create_features line 43 [INFO][<module>] -------------------- start
2019-12-05 09:17:21,179 create_features.base line 88 [DEBUG][save] save path=../../data/feature/FamilySize_train.pkl
2019-12-05 09:17:21,179 create_features.base line 89 [DEBUG][save] save path=../../data/feature/FamilySize_test.pkl
2019-12-05 09:17:21,180 create_features.base line 90 [INFO][save] finish FamilySize
2019-12-05 09:17:21,183 create_features.base line 88 [DEBUG][save] save path=../../data/feature/MyFeat1_train.pkl
2019-12-05 09:17:21,183 create_features.base line 89 [DEBUG][save] save path=../../data/feature/MyFeat1_test.pkl
2019-12-05 09:17:21,183 create_features.base line 90 [INFO][save] finish MyFeat1
2019-12-05 09:17:21,183 create_features line 53 [INFO][<module>] -------------------- end
2019-12-05 09:18:03,880 create_features line 28 [DEBUG][<module>] this is debugggg
2019-12-05 09:18:03,881 create_features line 43 [INFO][<module>] -------------------- start
2019-12-05 09:18:03,894 create_features line 53 [INFO][<module>] -------------------- end
2019-12-05 09:18:14,090 create_features line 28 [DEBUG][<module>] this is debugggg
2019-12-05 09:18:14,090 create_features line 43 [INFO][<module>] -------------------- start
2019-12-05 09:18:14,101 create_features.base line 88 [DEBUG][save] save path=../../data/feature/FamilySize_train.pkl
2019-12-05 09:18:14,101 create_features.base line 89 [DEBUG][save] save path=../../data/feature/FamilySize_test.pkl
2019-12-05 09:18:14,101 create_features.base line 90 [INFO][save] finish FamilySize
2019-12-05 09:18:14,104 create_features.base line 88 [DEBUG][save] save path=../../data/feature/MyFeat1_train.pkl
2019-12-05 09:18:14,104 create_features.base line 89 [DEBUG][save] save path=../../data/feature/MyFeat1_test.pkl
2019-12-05 09:18:14,104 create_features.base line 90 [INFO][save] finish MyFeat1
2019-12-05 09:18:14,104 create_features line 53 [INFO][<module>] -------------------- end
2019-12-05 10:07:52,594 create_features line 42 [DEBUG][<module>] this is debugggg
2019-12-05 10:07:52,594 create_features line 45 [INFO][<module>] -------------------- start
2019-12-05 10:07:52,607 create_features.base line 88 [DEBUG][save] save path=../../data/feature/FamilySize_train.pkl
2019-12-05 10:07:52,607 create_features.base line 89 [DEBUG][save] save path=../../data/feature/FamilySize_test.pkl
2019-12-05 10:07:52,607 create_features.base line 90 [INFO][save] finish FamilySize
2019-12-05 10:07:52,610 create_features.base line 88 [DEBUG][save] save path=../../data/feature/MyFeat1_train.pkl
2019-12-05 10:07:52,610 create_features.base line 89 [DEBUG][save] save path=../../data/feature/MyFeat1_test.pkl
2019-12-05 10:07:52,611 create_features.base line 90 [INFO][save] finish MyFeat1
2019-12-05 10:07:52,611 create_features line 55 [INFO][<module>] -------------------- end
2019-12-05 10:08:02,892 create_features line 42 [DEBUG][<module>] this is debugggg
2019-12-05 10:08:02,892 create_features line 45 [INFO][<module>] -------------------- start
2019-12-05 10:08:02,902 create_features.base line 88 [DEBUG][save] save path=../../data/feature/FamilySize_train.pkl
2019-12-05 10:08:02,902 create_features.base line 89 [DEBUG][save] save path=../../data/feature/FamilySize_test.pkl
2019-12-05 10:08:02,902 create_features.base line 90 [INFO][save] finish FamilySize
2019-12-05 10:08:02,906 create_features.base line 88 [DEBUG][save] save path=../../data/feature/MyFeat1_train.pkl
2019-12-05 10:08:02,906 create_features.base line 89 [DEBUG][save] save path=../../data/feature/MyFeat1_test.pkl
2019-12-05 10:08:02,906 create_features.base line 90 [INFO][save] finish MyFeat1
2019-12-05 10:08:02,906 create_features line 55 [INFO][<module>] -------------------- end
2019-12-05 10:23:57,193 create_features line 42 [DEBUG][<module>] this is debugggg
2019-12-05 10:23:57,193 create_features line 45 [INFO][<module>] -------------------- start
2019-12-05 10:23:57,254 create_features.base line 88 [DEBUG][save] save path=../../data/feature/FamilySize_train.pkl
2019-12-05 10:23:57,254 create_features.base line 89 [DEBUG][save] save path=../../data/feature/FamilySize_test.pkl
2019-12-05 10:23:57,255 create_features.base line 90 [INFO][save] finish FamilySize
2019-12-05 10:23:57,265 create_features.base line 88 [DEBUG][save] save path=../../data/feature/MyFeat1_train.pkl
2019-12-05 10:23:57,266 create_features.base line 89 [DEBUG][save] save path=../../data/feature/MyFeat1_test.pkl
2019-12-05 10:23:57,266 create_features.base line 90 [INFO][save] finish MyFeat1
2019-12-05 10:23:57,266 create_features line 55 [INFO][<module>] -------------------- end
2019-12-05 10:24:29,033 create_features line 42 [DEBUG][<module>] this is debugggg
2019-12-05 10:24:29,033 create_features line 45 [INFO][<module>] -------------------- start
2019-12-05 10:24:29,043 create_features.base line 88 [DEBUG][save] save path=../../data/feature/FamilySize_train.pkl
2019-12-05 10:24:29,043 create_features.base line 89 [DEBUG][save] save path=../../data/feature/FamilySize_test.pkl
2019-12-05 10:24:29,043 create_features.base line 90 [INFO][save] finish FamilySize
2019-12-05 10:24:29,046 create_features.base line 88 [DEBUG][save] save path=../../data/feature/MyFeat1_train.pkl
2019-12-05 10:24:29,046 create_features.base line 89 [DEBUG][save] save path=../../data/feature/MyFeat1_test.pkl
2019-12-05 10:24:29,046 create_features.base line 90 [INFO][save] finish MyFeat1
2019-12-05 10:24:29,046 create_features line 55 [INFO][<module>] -------------------- end
2019-12-05 10:24:41,321 create_features line 42 [DEBUG][<module>] this is debugggg
2019-12-05 10:24:41,321 create_features line 45 [INFO][<module>] -------------------- start
2019-12-05 10:24:41,331 create_features.base line 88 [DEBUG][save] save path=../../data/feature/FamilySize_train.pkl
2019-12-05 10:24:41,331 create_features.base line 89 [DEBUG][save] save path=../../data/feature/FamilySize_test.pkl
2019-12-05 10:24:41,331 create_features.base line 90 [INFO][save] finish FamilySize
2019-12-05 10:24:41,335 create_features.base line 88 [DEBUG][save] save path=../../data/feature/MyFeat1_train.pkl
2019-12-05 10:24:41,335 create_features.base line 89 [DEBUG][save] save path=../../data/feature/MyFeat1_test.pkl
2019-12-05 10:24:41,335 create_features.base line 90 [INFO][save] finish MyFeat1
2019-12-05 10:24:41,335 create_features line 55 [INFO][<module>] -------------------- end
2019-12-05 10:24:46,603 create_features line 42 [DEBUG][<module>] this is debugggg
2019-12-05 10:24:46,603 create_features line 45 [INFO][<module>] -------------------- start
2019-12-05 10:24:46,612 create_features.base line 88 [DEBUG][save] save path=../../data/feature/FamilySize_train.pkl
2019-12-05 10:24:46,613 create_features.base line 89 [DEBUG][save] save path=../../data/feature/FamilySize_test.pkl
2019-12-05 10:24:46,613 create_features.base line 90 [INFO][save] finish FamilySize
2019-12-05 10:24:46,616 create_features.base line 88 [DEBUG][save] save path=../../data/feature/MyFeat1_train.pkl
2019-12-05 10:24:46,616 create_features.base line 89 [DEBUG][save] save path=../../data/feature/MyFeat1_test.pkl
2019-12-05 10:24:46,616 create_features.base line 90 [INFO][save] finish MyFeat1
2019-12-05 10:24:46,616 create_features line 55 [INFO][<module>] -------------------- end
2019-12-05 10:26:13,110 create_features line 42 [DEBUG][<module>] this is debugggg
2019-12-05 10:26:13,110 create_features line 45 [INFO][<module>] -------------------- start
2019-12-05 10:26:13,120 create_features.base line 89 [DEBUG][save] save path=../../data/feature/FamilySize_train.pkl
2019-12-05 10:26:13,120 create_features.base line 90 [DEBUG][save] save path=../../data/feature/FamilySize_test.pkl
2019-12-05 10:26:13,120 create_features.base line 91 [INFO][save] finish FamilySize
2019-12-05 10:26:13,124 create_features.base line 89 [DEBUG][save] save path=../../data/feature/MyFeat1_train.pkl
2019-12-05 10:26:13,124 create_features.base line 90 [DEBUG][save] save path=../../data/feature/MyFeat1_test.pkl
2019-12-05 10:26:13,124 create_features.base line 91 [INFO][save] finish MyFeat1
2019-12-05 10:26:13,124 create_features line 55 [INFO][<module>] -------------------- end
2019-12-05 10:26:30,776 create_features line 42 [DEBUG][<module>] this is debugggg
2019-12-05 10:26:30,776 create_features line 45 [INFO][<module>] -------------------- start
2019-12-05 10:26:30,786 create_features.base line 89 [DEBUG][save] save path=../../data/feature/FamilySize_train.pkl
2019-12-05 10:26:30,786 create_features.base line 90 [DEBUG][save] save path=../../data/feature/FamilySize_test.pkl
2019-12-05 10:26:30,786 create_features.base line 91 [INFO][save] finish FamilySize
2019-12-05 10:26:30,790 create_features.base line 89 [DEBUG][save] save path=../../data/feature/MyFeat1_train.pkl
2019-12-05 10:26:30,790 create_features.base line 90 [DEBUG][save] save path=../../data/feature/MyFeat1_test.pkl
2019-12-05 10:26:30,790 create_features.base line 91 [INFO][save] finish MyFeat1
2019-12-05 10:26:30,790 create_features line 55 [INFO][<module>] -------------------- end
2019-12-05 10:28:01,166 create_features line 42 [DEBUG][<module>] this is debugggg
2019-12-05 10:28:01,166 create_features line 45 [INFO][<module>] -------------------- start
2019-12-05 10:28:01,176 create_features.base line 89 [DEBUG][save] save path=../../data/feature/FamilySize_train.pkl
2019-12-05 10:28:01,176 create_features.base line 90 [DEBUG][save] save path=../../data/feature/FamilySize_test.pkl
2019-12-05 10:28:01,176 create_features.base line 91 [INFO][save] finish FamilySize
2019-12-05 10:28:01,179 create_features.base line 89 [DEBUG][save] save path=../../data/feature/MyFeat1_train.pkl
2019-12-05 10:28:01,179 create_features.base line 90 [DEBUG][save] save path=../../data/feature/MyFeat1_test.pkl
2019-12-05 10:28:01,179 create_features.base line 91 [INFO][save] finish MyFeat1
2019-12-05 10:28:01,180 create_features line 55 [INFO][<module>] -------------------- end
2019-12-05 10:28:12,681 create_features line 42 [DEBUG][<module>] this is debugggg
2019-12-05 10:28:12,681 create_features line 45 [INFO][<module>] -------------------- start
2019-12-05 10:28:12,691 create_features.base line 89 [DEBUG][save] save path=../../data/feature/FamilySize_train.pkl
2019-12-05 10:28:12,691 create_features.base line 90 [DEBUG][save] save path=../../data/feature/FamilySize_test.pkl
2019-12-05 10:28:12,691 create_features.base line 91 [INFO][save] finish FamilySize
2019-12-05 10:28:12,694 create_features.base line 89 [DEBUG][save] save path=../../data/feature/MyFeat1_train.pkl
2019-12-05 10:28:12,694 create_features.base line 90 [DEBUG][save] save path=../../data/feature/MyFeat1_test.pkl
2019-12-05 10:28:12,694 create_features.base line 91 [INFO][save] finish MyFeat1
2019-12-05 10:28:12,694 create_features line 55 [INFO][<module>] -------------------- end
2019-12-05 10:28:39,109 create_features line 42 [DEBUG][<module>] this is debugggg
2019-12-05 10:28:39,109 create_features line 45 [INFO][<module>] -------------------- start
2019-12-05 10:28:39,119 create_features.base line 91 [DEBUG][save] save path=../../data/feature/FamilySize_train.pkl
2019-12-05 10:28:39,119 create_features.base line 92 [DEBUG][save] save path=../../data/feature/FamilySize_test.pkl
2019-12-05 10:28:39,119 create_features.base line 93 [INFO][save] finish FamilySize
2019-12-05 10:28:39,124 create_features.base line 91 [DEBUG][save] save path=../../data/feature/MyFeat1_train.pkl
2019-12-05 10:28:39,124 create_features.base line 92 [DEBUG][save] save path=../../data/feature/MyFeat1_test.pkl
2019-12-05 10:28:39,124 create_features.base line 93 [INFO][save] finish MyFeat1
2019-12-05 10:28:39,124 create_features line 55 [INFO][<module>] -------------------- end
2019-12-05 10:29:56,461 create_features line 42 [DEBUG][<module>] this is debugggg
2019-12-05 10:29:56,461 create_features line 45 [INFO][<module>] -------------------- start
2019-12-05 10:29:56,471 create_features.base line 91 [DEBUG][save] save path=../../data/feature/FamilySize_train.pkl
2019-12-05 10:29:56,471 create_features.base line 92 [DEBUG][save] save path=../../data/feature/FamilySize_test.pkl
2019-12-05 10:29:56,471 create_features.base line 93 [INFO][save] finish FamilySize
2019-12-05 10:29:56,474 create_features.base line 91 [DEBUG][save] save path=../../data/feature/MyFeat1_train.pkl
2019-12-05 10:29:56,474 create_features.base line 92 [DEBUG][save] save path=../../data/feature/MyFeat1_test.pkl
2019-12-05 10:29:56,474 create_features.base line 93 [INFO][save] finish MyFeat1
2019-12-05 10:29:56,474 create_features line 54 [INFO][<module>] -------------------- end
2019-12-05 10:30:39,297 create_features line 42 [DEBUG][<module>] this is debugggg
2019-12-05 10:30:39,297 create_features line 45 [INFO][<module>] -------------------- start
2019-12-05 10:30:39,307 create_features.base line 91 [DEBUG][save] save path=../../data/feature/FamilySize_train.pkl
2019-12-05 10:30:39,308 create_features.base line 92 [DEBUG][save] save path=../../data/feature/FamilySize_test.pkl
2019-12-05 10:30:39,308 create_features.base line 93 [INFO][save] finish FamilySize
2019-12-05 10:30:39,311 create_features.base line 91 [DEBUG][save] save path=../../data/feature/MyFeat1_train.pkl
2019-12-05 10:30:39,311 create_features.base line 92 [DEBUG][save] save path=../../data/feature/MyFeat1_test.pkl
2019-12-05 10:30:39,311 create_features.base line 93 [INFO][save] finish MyFeat1
2019-12-05 10:30:39,311 create_features line 54 [INFO][<module>] -------------------- end
2019-12-05 10:31:51,006 create_features line 42 [DEBUG][<module>] this is debugggg
2019-12-05 10:31:51,006 create_features line 45 [INFO][<module>] -------------------- start
2019-12-05 10:31:51,015 create_features.base line 91 [DEBUG][save] save path=../../data/feature/FamilySize_train.pkl
2019-12-05 10:31:51,015 create_features.base line 92 [DEBUG][save] save path=../../data/feature/FamilySize_test.pkl
2019-12-05 10:31:51,015 create_features.base line 93 [INFO][save] finish FamilySize
2019-12-05 10:31:51,019 create_features.base line 91 [DEBUG][save] save path=../../data/feature/MyFeat1_train.pkl
2019-12-05 10:31:51,019 create_features.base line 92 [DEBUG][save] save path=../../data/feature/MyFeat1_test.pkl
2019-12-05 10:31:51,019 create_features.base line 93 [INFO][save] finish MyFeat1
2019-12-05 10:31:51,019 create_features line 54 [INFO][<module>] -------------------- end
2019-12-05 10:32:24,745 create_features line 42 [DEBUG][<module>] this is debugggg
2019-12-05 10:32:24,746 create_features line 45 [INFO][<module>] -------------------- start
2019-12-05 10:32:24,755 create_features.base line 91 [DEBUG][save] save path=../../data/feature/FamilySize_train.pkl
2019-12-05 10:32:24,755 create_features.base line 92 [DEBUG][save] save path=../../data/feature/FamilySize_test.pkl
2019-12-05 10:32:24,755 create_features.base line 93 [INFO][save] finish FamilySize
2019-12-05 10:32:24,759 create_features.base line 91 [DEBUG][save] save path=../../data/feature/MyFeat1_train.pkl
2019-12-05 10:32:24,759 create_features.base line 92 [DEBUG][save] save path=../../data/feature/MyFeat1_test.pkl
2019-12-05 10:32:24,759 create_features.base line 93 [INFO][save] finish MyFeat1
2019-12-05 10:32:24,759 create_features line 54 [INFO][<module>] -------------------- end
2019-12-05 10:32:43,163 create_features line 42 [DEBUG][<module>] this is debugggg
2019-12-05 10:32:43,163 create_features line 45 [INFO][<module>] -------------------- start
2019-12-05 10:32:43,174 create_features.base line 91 [DEBUG][save] save path=../../data/feature/FamilySize_train.pkl
2019-12-05 10:32:43,174 create_features.base line 92 [DEBUG][save] save path=../../data/feature/FamilySize_test.pkl
2019-12-05 10:32:43,174 create_features.base line 93 [INFO][save] finish FamilySize
2019-12-05 10:32:43,177 create_features.base line 91 [DEBUG][save] save path=../../data/feature/MyFeat1_train.pkl
2019-12-05 10:32:43,177 create_features.base line 92 [DEBUG][save] save path=../../data/feature/MyFeat1_test.pkl
2019-12-05 10:32:43,177 create_features.base line 93 [INFO][save] finish MyFeat1
2019-12-05 10:32:43,177 create_features line 54 [INFO][<module>] -------------------- end
2019-12-05 10:37:05,657 create_features line 42 [DEBUG][<module>] this is debugggg
2019-12-05 10:37:05,657 create_features line 45 [INFO][<module>] -------------------- start
2019-12-05 10:37:05,667 create_features.base line 91 [DEBUG][save] save path=../../data/feature/FamilySize_train.pkl
2019-12-05 10:37:05,667 create_features.base line 92 [DEBUG][save] save path=../../data/feature/FamilySize_test.pkl
2019-12-05 10:37:05,667 create_features.base line 93 [INFO][save] finish FamilySize
2019-12-05 10:37:05,670 create_features.base line 91 [DEBUG][save] save path=../../data/feature/MyFeat1_train.pkl
2019-12-05 10:37:05,670 create_features.base line 92 [DEBUG][save] save path=../../data/feature/MyFeat1_test.pkl
2019-12-05 10:37:05,670 create_features.base line 93 [INFO][save] finish MyFeat1
2019-12-05 10:37:05,670 create_features line 54 [INFO][<module>] -------------------- end
2019-12-05 10:42:29,568 create_features line 42 [DEBUG][<module>] this is debugggg
2019-12-05 10:42:29,568 create_features line 45 [INFO][<module>] -------------------- start
2019-12-05 10:42:29,577 create_features.base line 91 [DEBUG][save] save path=../../data/feature/FamilySize_train.pkl
2019-12-05 10:42:29,577 create_features.base line 92 [DEBUG][save] save path=../../data/feature/FamilySize_test.pkl
2019-12-05 10:42:29,577 create_features.base line 93 [INFO][save] finish FamilySize
2019-12-05 10:42:29,580 create_features.base line 91 [DEBUG][save] save path=../../data/feature/MyFeat1_train.pkl
2019-12-05 10:42:29,580 create_features.base line 92 [DEBUG][save] save path=../../data/feature/MyFeat1_test.pkl
2019-12-05 10:42:29,581 create_features.base line 93 [INFO][save] finish MyFeat1
2019-12-05 10:42:29,581 create_features line 54 [INFO][<module>] -------------------- end
2019-12-05 10:50:24,014 create_features line 43 [DEBUG][<module>] this is debugggg
2019-12-05 10:50:24,014 create_features line 46 [INFO][<module>] -------------------- start
2019-12-05 10:50:24,024 create_features.base line 91 [DEBUG][save] save path=../../data/feature/FamilySize_train.pkl
2019-12-05 10:50:24,024 create_features.base line 92 [DEBUG][save] save path=../../data/feature/FamilySize_test.pkl
2019-12-05 10:50:24,024 create_features.base line 93 [INFO][save] finish FamilySize
2019-12-05 10:50:24,027 create_features.base line 91 [DEBUG][save] save path=../../data/feature/MyFeat1_train.pkl
2019-12-05 10:50:24,027 create_features.base line 92 [DEBUG][save] save path=../../data/feature/MyFeat1_test.pkl
2019-12-05 10:50:24,027 create_features.base line 93 [INFO][save] finish MyFeat1
2019-12-05 10:50:24,027 create_features line 55 [INFO][<module>] -------------------- end
2019-12-05 10:52:55,971 create_features line 43 [DEBUG][<module>] this is debugggg
2019-12-05 10:52:55,972 create_features line 46 [INFO][<module>] -------------------- start
2019-12-05 10:52:55,982 create_features.base line 91 [DEBUG][save] save path=../../data/feature/FamilySize_train.pkl
2019-12-05 10:52:55,982 create_features.base line 92 [DEBUG][save] save path=../../data/feature/FamilySize_test.pkl
2019-12-05 10:52:55,982 create_features.base line 93 [INFO][save] finish FamilySize
2019-12-05 10:52:55,985 create_features.base line 91 [DEBUG][save] save path=../../data/feature/MyFeat1_train.pkl
2019-12-05 10:52:55,985 create_features.base line 92 [DEBUG][save] save path=../../data/feature/MyFeat1_test.pkl
2019-12-05 10:52:55,985 create_features.base line 93 [INFO][save] finish MyFeat1
2019-12-05 10:52:55,985 create_features line 55 [INFO][<module>] -------------------- end
2019-12-05 11:07:09,527 __main__ line 43 [DEBUG][<module>] this is debugggg
2019-12-05 11:07:09,527 __main__ line 46 [INFO][<module>] -------------------- start
2019-12-05 11:07:09,540 __main__ line 55 [INFO][<module>] -------------------- end
2019-12-05 11:07:48,193 __main__ line 43 [DEBUG][<module>] this is debugggg
2019-12-05 11:07:48,193 __main__ line 46 [INFO][<module>] -------------------- start
2019-12-05 11:07:48,206 __main__ line 55 [INFO][<module>] -------------------- end
2019-12-05 11:10:04,530 __main__ line 43 [DEBUG][<module>] this is debugggg
2019-12-05 11:10:04,531 __main__ line 46 [INFO][<module>] -------------------- start
2019-12-05 11:10:04,543 __main__ line 55 [INFO][<module>] -------------------- end
2019-12-05 11:10:13,721 __main__ line 43 [DEBUG][<module>] this is debugggg
2019-12-05 11:10:13,722 __main__ line 46 [INFO][<module>] -------------------- start
2019-12-05 11:10:13,735 __main__ line 55 [INFO][<module>] -------------------- end
2019-12-05 11:10:57,801 __main__ line 43 [DEBUG][<module>] this is debugggg
2019-12-05 11:10:57,801 __main__ line 46 [INFO][<module>] -------------------- start
2019-12-05 11:10:57,814 __main__ line 55 [INFO][<module>] -------------------- end
2019-12-05 11:11:34,264 __main__ line 43 [DEBUG][<module>] this is debugggg
2019-12-05 11:11:34,264 __main__ line 46 [INFO][<module>] -------------------- start
2019-12-05 11:11:34,278 __main__ line 55 [INFO][<module>] -------------------- end
2019-12-05 11:11:56,329 __main__ line 43 [DEBUG][<module>] this is debugggg
2019-12-05 11:11:56,329 __main__ line 46 [INFO][<module>] -------------------- start
2019-12-05 11:11:56,343 __main__ line 55 [INFO][<module>] -------------------- end
2019-12-05 11:12:48,846 __main__ line 43 [DEBUG][<module>] this is debugggg
2019-12-05 11:12:48,846 __main__ line 46 [INFO][<module>] -------------------- start
2019-12-05 11:12:48,859 __main__ line 55 [INFO][<module>] -------------------- end
2019-12-05 11:12:51,415 __main__ line 43 [DEBUG][<module>] this is debugggg
2019-12-05 11:12:51,415 __main__ line 46 [INFO][<module>] -------------------- start
2019-12-05 11:12:51,429 __main__ line 55 [INFO][<module>] -------------------- end
2019-12-05 11:13:12,638 __main__ line 46 [INFO][<module>] -------------------- start
2019-12-05 11:13:12,653 __main__ line 55 [INFO][<module>] -------------------- end
2019-12-05 11:15:36,505 __main__ line 46 [INFO][<module>] -------------------- start
2019-12-05 11:15:36,520 __main__ line 55 [INFO][<module>] -------------------- end
2019-12-05 11:31:28,525 create_features line 45 [INFO][<module>] -------------------- start
2019-12-05 11:31:28,535 create_features.base line 91 [DEBUG][save] save path=../../data/feature/FamilySize_train.pkl
2019-12-05 11:31:28,535 create_features.base line 92 [DEBUG][save] save path=../../data/feature/FamilySize_test.pkl
2019-12-05 11:31:28,535 create_features.base line 93 [INFO][save] finish FamilySize
2019-12-05 11:31:28,538 create_features.base line 91 [DEBUG][save] save path=../../data/feature/MyFeat1_train.pkl
2019-12-05 11:31:28,538 create_features.base line 92 [DEBUG][save] save path=../../data/feature/MyFeat1_test.pkl
2019-12-05 11:31:28,538 create_features.base line 93 [INFO][save] finish MyFeat1
2019-12-05 11:31:28,538 create_features line 54 [INFO][<module>] -------------------- end
2019-12-05 11:31:45,739 create_features line 45 [INFO][<module>] -------------------- start
2019-12-05 11:31:45,749 create_features.base line 91 [DEBUG][save] save path=../../data/feature/FamilySize_train.pkl
2019-12-05 11:31:45,749 create_features.base line 92 [DEBUG][save] save path=../../data/feature/FamilySize_test.pkl
2019-12-05 11:31:45,749 create_features.base line 93 [INFO][save] finish FamilySize
2019-12-05 11:31:45,752 create_features.base line 91 [DEBUG][save] save path=../../data/feature/MyFeat1_train.pkl
2019-12-05 11:31:45,752 create_features.base line 92 [DEBUG][save] save path=../../data/feature/MyFeat1_test.pkl
2019-12-05 11:31:45,752 create_features.base line 93 [INFO][save] finish MyFeat1
2019-12-05 11:31:45,752 create_features line 54 [INFO][<module>] -------------------- end
2019-12-05 11:41:18,599 create_features line 46 [INFO][<module>] -------------------- start
2019-12-05 11:41:18,610 create_features.base line 91 [DEBUG][save] save path=../../data/feature/FamilySize_train.pkl
2019-12-05 11:41:18,610 create_features.base line 92 [DEBUG][save] save path=../../data/feature/FamilySize_test.pkl
2019-12-05 11:41:18,610 create_features.base line 93 [INFO][save] finish FamilySize
2019-12-05 11:41:18,613 create_features.base line 91 [DEBUG][save] save path=../../data/feature/MyFeat1_train.pkl
2019-12-05 11:41:18,613 create_features.base line 92 [DEBUG][save] save path=../../data/feature/MyFeat1_test.pkl
2019-12-05 11:41:18,613 create_features.base line 93 [INFO][save] finish MyFeat1
2019-12-05 11:41:18,613 create_features line 55 [INFO][<module>] -------------------- end
2019-12-05 11:45:42,998 create_features line 48 [INFO][<module>] -------------------- start
2019-12-05 11:45:43,008 create_features.base line 91 [DEBUG][save] save path=../../data/feature/FamilySize_train.pkl
2019-12-05 11:45:43,008 create_features.base line 92 [DEBUG][save] save path=../../data/feature/FamilySize_test.pkl
2019-12-05 11:45:43,008 create_features.base line 93 [INFO][save] finish FamilySize
2019-12-05 11:45:43,011 create_features.base line 91 [DEBUG][save] save path=../../data/feature/MyFeat1_train.pkl
2019-12-05 11:45:43,012 create_features.base line 92 [DEBUG][save] save path=../../data/feature/MyFeat1_test.pkl
2019-12-05 11:45:43,012 create_features.base line 93 [INFO][save] finish MyFeat1
2019-12-05 11:45:43,012 create_features line 57 [INFO][<module>] -------------------- end
2019-12-05 11:53:55,402 create_features line 50 [INFO][<module>] -------------------- start
2019-12-05 11:53:55,413 base line 92 [DEBUG][save] save path=../../data/feature/FamilySize_train.pkl
2019-12-05 11:53:55,413 base line 93 [DEBUG][save] save path=../../data/feature/FamilySize_test.pkl
2019-12-05 11:53:55,413 base line 94 [INFO][save] finish FamilySize
2019-12-05 11:53:55,417 base line 92 [DEBUG][save] save path=../../data/feature/MyFeat1_train.pkl
2019-12-05 11:53:55,417 base line 93 [DEBUG][save] save path=../../data/feature/MyFeat1_test.pkl
2019-12-05 11:53:55,417 base line 94 [INFO][save] finish MyFeat1
2019-12-05 11:53:55,417 create_features line 59 [INFO][<module>] -------------------- end
2019-12-05 11:54:27,639 create_features line 51 [INFO][<module>] -------------------- start
2019-12-05 11:54:27,649 base line 92 [DEBUG][save] save path=../../data/feature/FamilySize_train.pkl
2019-12-05 11:54:27,650 base line 93 [DEBUG][save] save path=../../data/feature/FamilySize_test.pkl
2019-12-05 11:54:27,650 base line 94 [INFO][save] finish FamilySize
2019-12-05 11:54:27,653 base line 92 [DEBUG][save] save path=../../data/feature/MyFeat1_train.pkl
2019-12-05 11:54:27,653 base line 93 [DEBUG][save] save path=../../data/feature/MyFeat1_test.pkl
2019-12-05 11:54:27,653 base line 94 [INFO][save] finish MyFeat1
2019-12-05 11:54:27,653 create_features line 60 [INFO][<module>] -------------------- end
2019-12-05 11:55:18,194 create_features line 51 [INFO][<module>] -------------------- start
2019-12-05 11:55:18,204 base line 92 [DEBUG][save] save path=../../data/feature/FamilySize_train.pkl
2019-12-05 11:55:18,204 base line 93 [DEBUG][save] save path=../../data/feature/FamilySize_test.pkl
2019-12-05 11:55:18,204 base line 94 [INFO][save] finish FamilySize
2019-12-05 11:55:18,207 base line 92 [DEBUG][save] save path=../../data/feature/MyFeat1_train.pkl
2019-12-05 11:55:18,207 base line 93 [DEBUG][save] save path=../../data/feature/MyFeat1_test.pkl
2019-12-05 11:55:18,207 base line 94 [INFO][save] finish MyFeat1
2019-12-05 11:55:18,207 create_features line 60 [INFO][<module>] -------------------- end
2019-12-05 13:34:30,570 base line 93 [DEBUG][save] save path=../../data/feature/FamilySize_train.pkl
2019-12-05 13:34:30,570 base line 94 [DEBUG][save] save path=../../data/feature/FamilySize_test.pkl
2019-12-05 13:34:30,570 base line 95 [INFO][save] finish FamilySize
2019-12-05 13:34:30,574 base line 93 [DEBUG][save] save path=../../data/feature/MyFeat1_train.pkl
2019-12-05 13:34:30,574 base line 94 [DEBUG][save] save path=../../data/feature/MyFeat1_test.pkl
2019-12-05 13:34:30,574 base line 95 [INFO][save] finish MyFeat1
2019-12-05 13:37:12,402 base line 93 [DEBUG][save] save path=../../data/feature/FamilySize_train.pkl
2019-12-05 13:37:12,402 base line 94 [DEBUG][save] save path=../../data/feature/FamilySize_test.pkl
2019-12-05 13:37:12,402 base line 95 [INFO][save] finish FamilySize
2019-12-05 13:37:12,405 base line 93 [DEBUG][save] save path=../../data/feature/MyFeat1_train.pkl
2019-12-05 13:37:12,405 base line 94 [DEBUG][save] save path=../../data/feature/MyFeat1_test.pkl
2019-12-05 13:37:12,405 base line 95 [INFO][save] finish MyFeat1
2019-12-05 13:37:53,577 base line 93 [DEBUG][save] save path=../../data/feature/FamilySize_train.pkl
2019-12-05 13:37:53,577 base line 94 [DEBUG][save] save path=../../data/feature/FamilySize_test.pkl
2019-12-05 13:37:53,577 base line 95 [INFO][save] finish FamilySize
2019-12-05 13:37:53,581 base line 93 [DEBUG][save] save path=../../data/feature/MyFeat1_train.pkl
2019-12-05 13:37:53,581 base line 94 [DEBUG][save] save path=../../data/feature/MyFeat1_test.pkl
2019-12-05 13:37:53,581 base line 95 [INFO][save] finish MyFeat1
2019-12-05 13:38:07,356 base line 93 [DEBUG][save] save path=../../data/feature/FamilySize_train.pkl
2019-12-05 13:38:07,356 base line 94 [DEBUG][save] save path=../../data/feature/FamilySize_test.pkl
2019-12-05 13:38:07,356 base line 95 [INFO][save] finish FamilySize
2019-12-05 13:38:07,359 base line 93 [DEBUG][save] save path=../../data/feature/MyFeat1_train.pkl
2019-12-05 13:38:07,359 base line 94 [DEBUG][save] save path=../../data/feature/MyFeat1_test.pkl
2019-12-05 13:38:07,360 base line 95 [INFO][save] finish MyFeat1
2019-12-05 13:38:48,708 create_features line 55 [INFO][<module>] -------------------- start
2019-12-05 13:38:48,718 base line 93 [DEBUG][save] save path=../../data/feature/FamilySize_train.pkl
2019-12-05 13:38:48,718 base line 94 [DEBUG][save] save path=../../data/feature/FamilySize_test.pkl
2019-12-05 13:38:48,718 base line 95 [INFO][save] finish FamilySize
2019-12-05 13:38:48,721 base line 93 [DEBUG][save] save path=../../data/feature/MyFeat1_train.pkl
2019-12-05 13:38:48,721 base line 94 [DEBUG][save] save path=../../data/feature/MyFeat1_test.pkl
2019-12-05 13:38:48,721 base line 95 [INFO][save] finish MyFeat1
2019-12-05 13:38:48,721 create_features line 64 [INFO][<module>] -------------------- end
2019-12-05 13:39:32,956 create_features line 55 [INFO][<module>] -------------------- start
2019-12-05 13:39:32,966 base line 93 [DEBUG][save] save path=../../data/feature/FamilySize_train.pkl
2019-12-05 13:39:32,966 base line 94 [DEBUG][save] save path=../../data/feature/FamilySize_test.pkl
2019-12-05 13:39:32,967 base line 95 [INFO][save] finish FamilySize
2019-12-05 13:39:32,970 base line 93 [DEBUG][save] save path=../../data/feature/MyFeat1_train.pkl
2019-12-05 13:39:32,970 base line 94 [DEBUG][save] save path=../../data/feature/MyFeat1_test.pkl
2019-12-05 13:39:32,970 base line 95 [INFO][save] finish MyFeat1
2019-12-05 13:39:32,970 create_features line 64 [INFO][<module>] -------------------- end
2019-12-05 13:39:37,872 create_features line 55 [INFO][<module>] -------------------- start
2019-12-05 13:39:37,882 base line 93 [DEBUG][save] save path=../../data/feature/FamilySize_train.pkl
2019-12-05 13:39:37,882 base line 94 [DEBUG][save] save path=../../data/feature/FamilySize_test.pkl
2019-12-05 13:39:37,882 base line 95 [INFO][save] finish FamilySize
2019-12-05 13:39:37,885 base line 93 [DEBUG][save] save path=../../data/feature/MyFeat1_train.pkl
2019-12-05 13:39:37,886 base line 94 [DEBUG][save] save path=../../data/feature/MyFeat1_test.pkl
2019-12-05 13:39:37,886 base line 95 [INFO][save] finish MyFeat1
2019-12-05 13:39:37,886 create_features line 64 [INFO][<module>] -------------------- end
2019-12-05 13:40:04,805 create_features line 55 [INFO][<module>] -------------------- start
2019-12-05 13:40:04,815 base line 93 [DEBUG][save] save path=../../data/feature/FamilySize_train.pkl
2019-12-05 13:40:04,815 base line 94 [DEBUG][save] save path=../../data/feature/FamilySize_test.pkl
2019-12-05 13:40:04,815 base line 95 [INFO][save] finish FamilySize
2019-12-05 13:40:04,818 base line 93 [DEBUG][save] save path=../../data/feature/MyFeat1_train.pkl
2019-12-05 13:40:04,818 base line 94 [DEBUG][save] save path=../../data/feature/MyFeat1_test.pkl
2019-12-05 13:40:04,818 base line 95 [INFO][save] finish MyFeat1
2019-12-05 13:40:04,818 create_features line 64 [INFO][<module>] -------------------- end
2019-12-05 13:41:25,886 create_features line 51 [INFO][<module>] -------------------- start
2019-12-05 13:41:25,896 base line 93 [DEBUG][save] save path=../../data/feature/FamilySize_train.pkl
2019-12-05 13:41:25,896 base line 94 [DEBUG][save] save path=../../data/feature/FamilySize_test.pkl
2019-12-05 13:41:25,896 base line 95 [INFO][save] finish FamilySize
2019-12-05 13:41:25,899 base line 93 [DEBUG][save] save path=../../data/feature/MyFeat1_train.pkl
2019-12-05 13:41:25,899 base line 94 [DEBUG][save] save path=../../data/feature/MyFeat1_test.pkl
2019-12-05 13:41:25,899 base line 95 [INFO][save] finish MyFeat1
2019-12-05 13:41:25,899 create_features line 60 [INFO][<module>] -------------------- end
2019-12-05 13:41:56,418 create_features line 51 [INFO][<module>] -------------------- start
2019-12-05 13:41:56,429 base line 93 [DEBUG][save] save path=../../data/feature/FamilySize_train.pkl
2019-12-05 13:41:56,429 base line 94 [DEBUG][save] save path=../../data/feature/FamilySize_test.pkl
2019-12-05 13:41:56,429 base line 95 [INFO][save]  ===== finish FamilySize =====
2019-12-05 13:41:56,432 base line 93 [DEBUG][save] save path=../../data/feature/MyFeat1_train.pkl
2019-12-05 13:41:56,432 base line 94 [DEBUG][save] save path=../../data/feature/MyFeat1_test.pkl
2019-12-05 13:41:56,432 base line 95 [INFO][save]  ===== finish MyFeat1 =====
2019-12-05 13:41:56,432 create_features line 60 [INFO][<module>] -------------------- end
2019-12-05 13:42:09,713 create_features line 51 [INFO][<module>] -------------------- start
2019-12-05 13:42:09,723 base line 93 [DEBUG][save] save path=../../data/feature/FamilySize_train.pkl
2019-12-05 13:42:09,723 base line 94 [DEBUG][save] save path=../../data/feature/FamilySize_test.pkl
2019-12-05 13:42:09,723 base line 95 [INFO][save]  ===== finish FamilySize 	=====
2019-12-05 13:42:09,726 base line 93 [DEBUG][save] save path=../../data/feature/MyFeat1_train.pkl
2019-12-05 13:42:09,726 base line 94 [DEBUG][save] save path=../../data/feature/MyFeat1_test.pkl
2019-12-05 13:42:09,726 base line 95 [INFO][save]  ===== finish MyFeat1 	=====
2019-12-05 13:42:09,726 create_features line 60 [INFO][<module>] -------------------- end
2019-12-05 13:42:25,877 create_features line 51 [INFO][<module>] -------------------- start
2019-12-05 13:42:25,887 base line 93 [DEBUG][save] save path=../../data/feature/FamilySize_train.pkl
2019-12-05 13:42:25,887 base line 94 [DEBUG][save] save path=../../data/feature/FamilySize_test.pkl
2019-12-05 13:42:25,887 base line 95 [INFO][save]  =====	finish FamilySize 	=====
2019-12-05 13:42:25,890 base line 93 [DEBUG][save] save path=../../data/feature/MyFeat1_train.pkl
2019-12-05 13:42:25,890 base line 94 [DEBUG][save] save path=../../data/feature/MyFeat1_test.pkl
2019-12-05 13:42:25,890 base line 95 [INFO][save]  =====	finish MyFeat1 	=====
2019-12-05 13:42:25,890 create_features line 60 [INFO][<module>] -------------------- end
2019-12-05 13:42:49,301 create_features line 51 [INFO][<module>] -------------------- start
2019-12-05 13:42:49,312 base line 93 [DEBUG][save] save path=../../data/feature/FamilySize_train.pkl
2019-12-05 13:42:49,312 base line 94 [DEBUG][save] save path=../../data/feature/FamilySize_test.pkl
2019-12-05 13:42:49,312 base line 95 [INFO][save]  ===== finish FamilySize =====
2019-12-05 13:42:49,315 base line 93 [DEBUG][save] save path=../../data/feature/MyFeat1_train.pkl
2019-12-05 13:42:49,315 base line 94 [DEBUG][save] save path=../../data/feature/MyFeat1_test.pkl
2019-12-05 13:42:49,315 base line 95 [INFO][save]  ===== finish MyFeat1 =====
2019-12-05 13:42:49,315 create_features line 60 [INFO][<module>] -------------------- end
2019-12-05 13:43:56,031 create_features line 51 [INFO][<module>] -------------------- start
2019-12-05 13:44:43,069 create_features line 51 [INFO][<module>] -------------------- start
2019-12-05 13:44:43,079 base line 93 [DEBUG][save] save path=../../data/feature/FamilySize_train.pkl
2019-12-05 13:44:43,079 base line 94 [DEBUG][save] save path=../../data/feature/FamilySize_test.pkl
2019-12-05 13:44:43,079 base line 95 [DEBUG][save] size=(891, 1)
2019-12-05 13:44:43,080 base line 96 [INFO][save]  ===== finish FamilySize =====
2019-12-05 13:44:43,082 base line 93 [DEBUG][save] save path=../../data/feature/MyFeat1_train.pkl
2019-12-05 13:44:43,083 base line 94 [DEBUG][save] save path=../../data/feature/MyFeat1_test.pkl
2019-12-05 13:44:43,083 base line 95 [DEBUG][save] size=(891, 1)
2019-12-05 13:44:43,083 base line 96 [INFO][save]  ===== finish MyFeat1 =====
2019-12-05 13:44:43,083 create_features line 60 [INFO][<module>] -------------------- end
2019-12-05 13:45:39,700 create_features line 51 [INFO][<module>] -------------------- start
2019-12-05 13:45:39,710 base line 93 [DEBUG][save] save path=../../data/feature/FamilySize_train.pkl
2019-12-05 13:45:39,710 base line 94 [DEBUG][save] save path=../../data/feature/FamilySize_test.pkl
2019-12-05 13:45:39,710 base line 95 [DEBUG][save] size=(891, 1)
2019-12-05 13:45:39,710 base line 96 [DEBUG][save] size=(418, 1)
2019-12-05 13:45:39,710 base line 97 [INFO][save]  ===== finish FamilySize =====
2019-12-05 13:45:39,713 base line 93 [DEBUG][save] save path=../../data/feature/MyFeat1_train.pkl
2019-12-05 13:45:39,713 base line 94 [DEBUG][save] save path=../../data/feature/MyFeat1_test.pkl
2019-12-05 13:45:39,713 base line 95 [DEBUG][save] size=(891, 1)
2019-12-05 13:45:39,713 base line 96 [DEBUG][save] size=(418, 1)
2019-12-05 13:45:39,713 base line 97 [INFO][save]  ===== finish MyFeat1 =====
2019-12-05 13:45:39,713 create_features line 60 [INFO][<module>] -------------------- end
2019-12-05 13:46:21,124 create_features line 51 [INFO][<module>] -------------------- start
2019-12-05 13:46:21,136 base line 93 [DEBUG][save] save path=../../data/feature/FamilySize_train.pkl
2019-12-05 13:46:21,136 base line 94 [DEBUG][save] save path=../../data/feature/FamilySize_test.pkl
2019-12-05 13:46:21,136 base line 95 [DEBUG][save] train feat size=(891, 1)
2019-12-05 13:46:21,136 base line 96 [DEBUG][save] test feat size =(418, 1)
2019-12-05 13:46:21,136 base line 97 [INFO][save]  ===== finish FamilySize =====
2019-12-05 13:46:21,139 base line 93 [DEBUG][save] save path=../../data/feature/MyFeat1_train.pkl
2019-12-05 13:46:21,139 base line 94 [DEBUG][save] save path=../../data/feature/MyFeat1_test.pkl
2019-12-05 13:46:21,139 base line 95 [DEBUG][save] train feat size=(891, 1)
2019-12-05 13:46:21,139 base line 96 [DEBUG][save] test feat size =(418, 1)
2019-12-05 13:46:21,139 base line 97 [INFO][save]  ===== finish MyFeat1 =====
2019-12-05 13:46:21,139 create_features line 60 [INFO][<module>] -------------------- end
2019-12-05 13:46:40,062 create_features line 51 [INFO][<module>] -------------------- start
2019-12-05 13:46:40,072 base line 93 [DEBUG][save] save path=../../data/feature/FamilySize_train.pkl
2019-12-05 13:46:40,072 base line 94 [DEBUG][save] save path=../../data/feature/FamilySize_test.pkl
2019-12-05 13:46:40,072 base line 95 [DEBUG][save] train feat size=(891, 1)
2019-12-05 13:46:40,073 base line 96 [DEBUG][save] test  feat size=(418, 1)
2019-12-05 13:46:40,073 base line 97 [INFO][save]  ===== finish FamilySize =====
2019-12-05 13:46:40,076 base line 93 [DEBUG][save] save path=../../data/feature/MyFeat1_train.pkl
2019-12-05 13:46:40,076 base line 94 [DEBUG][save] save path=../../data/feature/MyFeat1_test.pkl
2019-12-05 13:46:40,076 base line 95 [DEBUG][save] train feat size=(891, 1)
2019-12-05 13:46:40,076 base line 96 [DEBUG][save] test  feat size=(418, 1)
2019-12-05 13:46:40,076 base line 97 [INFO][save]  ===== finish MyFeat1 =====
2019-12-05 13:46:40,076 create_features line 60 [INFO][<module>] -------------------- end
2019-12-05 13:55:30,252 create_features line 46 [INFO][<module>] -------------------- start
2019-12-05 13:55:30,262 base line 72 [DEBUG][save] save path=../../data/feature/FamilySize_train.pkl
2019-12-05 13:55:30,262 base line 73 [DEBUG][save] save path=../../data/feature/FamilySize_test.pkl
2019-12-05 13:55:30,262 base line 74 [DEBUG][save] train feat size=(891, 1)
2019-12-05 13:55:30,262 base line 75 [DEBUG][save] test  feat size=(418, 1)
2019-12-05 13:55:30,262 base line 76 [INFO][save]  ===== finish FamilySize =====
2019-12-05 13:55:30,265 base line 72 [DEBUG][save] save path=../../data/feature/MyFeat1_train.pkl
2019-12-05 13:55:30,265 base line 73 [DEBUG][save] save path=../../data/feature/MyFeat1_test.pkl
2019-12-05 13:55:30,265 base line 74 [DEBUG][save] train feat size=(891, 1)
2019-12-05 13:55:30,265 base line 75 [DEBUG][save] test  feat size=(418, 1)
2019-12-05 13:55:30,265 base line 76 [INFO][save]  ===== finish MyFeat1 =====
2019-12-05 13:55:30,265 create_features line 55 [INFO][<module>] -------------------- end
2019-12-05 13:57:55,007 create_features line 46 [INFO][<module>] -------------------- start
2019-12-05 13:57:55,017 base line 72 [DEBUG][save] save path=../../data/feature/FamilySize_train.pkl
2019-12-05 13:57:55,017 base line 73 [DEBUG][save] save path=../../data/feature/FamilySize_test.pkl
2019-12-05 13:57:55,017 base line 74 [DEBUG][save] train feat size=(891, 1)
2019-12-05 13:57:55,017 base line 75 [DEBUG][save] test  feat size=(418, 1)
2019-12-05 13:57:55,017 base line 76 [INFO][save]  ===== finish FamilySize =====
2019-12-05 13:57:55,020 base line 72 [DEBUG][save] save path=../../data/feature/MyFeat1_train.pkl
2019-12-05 13:57:55,020 base line 73 [DEBUG][save] save path=../../data/feature/MyFeat1_test.pkl
2019-12-05 13:57:55,020 base line 74 [DEBUG][save] train feat size=(891, 1)
2019-12-05 13:57:55,020 base line 75 [DEBUG][save] test  feat size=(418, 1)
2019-12-05 13:57:55,020 base line 76 [INFO][save]  ===== finish MyFeat1 =====
2019-12-05 13:57:55,020 create_features line 53 [INFO][<module>] -------------------- end
2019-12-05 13:58:39,166 create_features line 46 [INFO][<module>] -------------------- start
2019-12-05 13:58:39,176 base line 61 [DEBUG][save] save path=../../data/feature/FamilySize_train.pkl
2019-12-05 13:58:39,176 base line 62 [DEBUG][save] save path=../../data/feature/FamilySize_test.pkl
2019-12-05 13:58:39,176 base line 63 [DEBUG][save] train feat size=(891, 1)
2019-12-05 13:58:39,176 base line 64 [DEBUG][save] test  feat size=(418, 1)
2019-12-05 13:58:39,176 base line 65 [INFO][save]  ===== finish FamilySize =====
2019-12-05 13:58:39,179 base line 61 [DEBUG][save] save path=../../data/feature/MyFeat1_train.pkl
2019-12-05 13:58:39,179 base line 62 [DEBUG][save] save path=../../data/feature/MyFeat1_test.pkl
2019-12-05 13:58:39,179 base line 63 [DEBUG][save] train feat size=(891, 1)
2019-12-05 13:58:39,179 base line 64 [DEBUG][save] test  feat size=(418, 1)
2019-12-05 13:58:39,179 base line 65 [INFO][save]  ===== finish MyFeat1 =====
2019-12-05 13:58:39,179 create_features line 53 [INFO][<module>] -------------------- end
2019-12-06 09:01:47,780 create_features line 48 [INFO][<module>] -------------------- start
2019-12-06 09:02:02,418 create_features line 48 [INFO][<module>] -------------------- start
2019-12-06 09:02:15,662 create_features line 48 [INFO][<module>] -------------------- start
2019-12-06 09:02:38,582 create_features line 48 [INFO][<module>] -------------------- start
2019-12-06 09:02:38,609 base line 63 [DEBUG][save] save path=../../data/feature/FamilySize_train.pkl
2019-12-06 09:02:38,609 base line 64 [DEBUG][save] save path=../../data/feature/FamilySize_test.pkl
2019-12-06 09:02:38,609 base line 65 [DEBUG][save] train feat size=(891, 1)
2019-12-06 09:02:38,610 base line 66 [DEBUG][save] test  feat size=(418, 1)
2019-12-06 09:02:38,610 base line 67 [INFO][save]  ===== finish FamilySize =====
2019-12-06 09:03:19,236 create_features line 48 [INFO][<module>] -------------------- start
2019-12-06 09:04:16,225 create_features line 48 [INFO][<module>] -------------------- start
2019-12-06 09:04:21,667 create_features line 48 [INFO][<module>] -------------------- start
2019-12-06 09:04:44,835 create_features line 48 [INFO][<module>] -------------------- start
2019-12-06 09:04:44,845 base line 63 [DEBUG][save] save path=../../data/feature/FamilySize_train.pkl
2019-12-06 09:04:44,846 base line 64 [DEBUG][save] save path=../../data/feature/FamilySize_test.pkl
2019-12-06 09:04:44,846 base line 65 [DEBUG][save] train feat size=(891, 1)
2019-12-06 09:04:44,846 base line 66 [DEBUG][save] test  feat size=(418, 1)
2019-12-06 09:04:44,846 base line 67 [INFO][save]  ===== finish FamilySize =====
2019-12-06 09:04:52,238 create_features line 48 [INFO][<module>] -------------------- start
2019-12-06 09:04:52,249 base line 63 [DEBUG][save] save path=../../data/feature/FamilySize_train.pkl
2019-12-06 09:04:52,249 base line 64 [DEBUG][save] save path=../../data/feature/FamilySize_test.pkl
2019-12-06 09:04:52,250 base line 65 [DEBUG][save] train feat size=(891, 1)
2019-12-06 09:04:52,250 base line 66 [DEBUG][save] test  feat size=(418, 1)
2019-12-06 09:04:52,250 base line 67 [INFO][save]  ===== finish FamilySize =====
2019-12-06 09:05:02,939 create_features line 48 [INFO][<module>] -------------------- start
2019-12-06 09:05:02,950 base line 63 [DEBUG][save] save path=../../data/feature/FamilySize_train.pkl
2019-12-06 09:05:02,950 base line 64 [DEBUG][save] save path=../../data/feature/FamilySize_test.pkl
2019-12-06 09:05:02,950 base line 65 [DEBUG][save] train feat size=(891, 1)
2019-12-06 09:05:02,950 base line 66 [DEBUG][save] test  feat size=(418, 1)
2019-12-06 09:05:02,950 base line 67 [INFO][save]  ===== finish FamilySize =====
2019-12-06 09:05:02,954 base line 63 [DEBUG][save] save path=../../data/feature/MyFeat1_train.pkl
2019-12-06 09:05:02,954 base line 64 [DEBUG][save] save path=../../data/feature/MyFeat1_test.pkl
2019-12-06 09:05:02,954 base line 65 [DEBUG][save] train feat size=(891, 1)
2019-12-06 09:05:02,954 base line 66 [DEBUG][save] test  feat size=(418, 1)
2019-12-06 09:05:02,954 base line 67 [INFO][save]  ===== finish MyFeat1 =====
2019-12-06 09:05:02,954 create_features line 55 [INFO][<module>] -------------------- end
2019-12-06 09:06:23,146 create_features line 48 [INFO][<module>] -------------------- start
2019-12-06 09:06:23,157 base line 63 [DEBUG][save] save path=../../data/feature/FamilySize_train.pkl
2019-12-06 09:06:23,157 base line 64 [DEBUG][save] save path=../../data/feature/FamilySize_test.pkl
2019-12-06 09:06:37,466 create_features line 48 [INFO][<module>] -------------------- start
2019-12-06 09:06:37,476 base line 63 [DEBUG][save] save path=../../data/feature/FamilySize_train.pkl
2019-12-06 09:06:37,476 base line 64 [DEBUG][save] save path=../../data/feature/FamilySize_test.pkl
2019-12-06 09:06:53,112 create_features line 48 [INFO][<module>] -------------------- start
2019-12-06 09:06:53,124 base line 63 [DEBUG][save] save path=../../data/feature/FamilySize_train.pkl
2019-12-06 09:06:53,124 base line 64 [DEBUG][save] save path=../../data/feature/FamilySize_test.pkl
2019-12-06 09:07:21,958 create_features line 48 [INFO][<module>] -------------------- start
2019-12-06 09:07:21,970 base line 63 [DEBUG][save] save path=../../data/feature/FamilySize_train.pkl
2019-12-06 09:07:21,970 base line 64 [DEBUG][save] save path=../../data/feature/FamilySize_test.pkl
2019-12-06 09:07:21,970 base line 65 [DEBUG][save] train feat size=(891, 1)
2019-12-06 09:07:21,970 base line 66 [DEBUG][save] test  feat size=(418, 1)
2019-12-06 09:07:21,974 base line 67 [DEBUG][save] train    family_size
0            2
1            2
2            1
3            2
4            1
2019-12-06 09:07:21,977 base line 68 [DEBUG][save] test    family_size
0            1
1            2
2            1
3            1
4            3
2019-12-06 09:07:21,977 base line 69 [INFO][save]  ===== finish FamilySize =====
2019-12-06 09:07:21,980 base line 63 [DEBUG][save] save path=../../data/feature/MyFeat1_train.pkl
2019-12-06 09:07:21,980 base line 64 [DEBUG][save] save path=../../data/feature/MyFeat1_test.pkl
2019-12-06 09:07:21,980 base line 65 [DEBUG][save] train feat size=(891, 1)
2019-12-06 09:07:21,980 base line 66 [DEBUG][save] test  feat size=(418, 1)
2019-12-06 09:07:21,982 base line 67 [DEBUG][save] train    family_size
0            2
1            2
2            1
3            2
4            1
2019-12-06 09:07:21,984 base line 68 [DEBUG][save] test    family_size
0            1
1            2
2            1
3            1
4            3
2019-12-06 09:07:21,984 base line 69 [INFO][save]  ===== finish MyFeat1 =====
2019-12-06 09:07:21,984 create_features line 55 [INFO][<module>] -------------------- end
2019-12-06 09:13:23,582 create_features line 48 [INFO][<module>] -------------------- start
2019-12-06 09:13:23,592 base line 67 [DEBUG][save] save path=../../data/feature/FamilySize_train.pkl
2019-12-06 09:13:23,592 base line 68 [DEBUG][save] save path=../../data/feature/FamilySize_test.pkl
2019-12-06 09:13:23,592 base line 69 [DEBUG][save] train feat size=(891, 1)
2019-12-06 09:13:23,592 base line 70 [DEBUG][save] test  feat size=(418, 1)
2019-12-06 09:13:23,596 base line 71 [DEBUG][save] train    family_size
0            2
1            2
2            1
3            2
4            1
2019-12-06 09:13:23,598 base line 72 [DEBUG][save] test    family_size
0            1
1            2
2            1
3            1
4            3
2019-12-06 09:13:23,598 base line 73 [INFO][save]  ===== finish FamilySize =====
2019-12-06 09:13:23,602 base line 67 [DEBUG][save] save path=../../data/feature/MyFeat1_train.pkl
2019-12-06 09:13:23,602 base line 68 [DEBUG][save] save path=../../data/feature/MyFeat1_test.pkl
2019-12-06 09:13:23,602 base line 69 [DEBUG][save] train feat size=(891, 1)
2019-12-06 09:13:23,602 base line 70 [DEBUG][save] test  feat size=(418, 1)
2019-12-06 09:13:23,604 base line 71 [DEBUG][save] train    family_size
0            2
1            2
2            1
3            2
4            1
2019-12-06 09:13:23,605 base line 72 [DEBUG][save] test    family_size
0            1
1            2
2            1
3            1
4            3
2019-12-06 09:13:23,605 base line 73 [INFO][save]  ===== finish MyFeat1 =====
2019-12-06 09:13:23,606 create_features line 55 [INFO][<module>] -------------------- end
2019-12-06 09:13:29,034 create_features line 48 [INFO][<module>] -------------------- start
2019-12-06 09:13:29,045 base line 67 [DEBUG][save] save path=../../data/feature/FamilySize_train.pkl
2019-12-06 09:13:29,045 base line 68 [DEBUG][save] save path=../../data/feature/FamilySize_test.pkl
2019-12-06 09:13:29,045 base line 69 [DEBUG][save] train feat size=(891, 1)
2019-12-06 09:13:29,045 base line 70 [DEBUG][save] test  feat size=(418, 1)
2019-12-06 09:13:29,048 base line 71 [DEBUG][save] train    family_size
0            2
1            2
2            1
3            2
4            1
2019-12-06 09:13:29,050 base line 72 [DEBUG][save] test    family_size
0            1
1            2
2            1
3            1
4            3
2019-12-06 09:13:29,050 base line 73 [INFO][save]  ===== finish FamilySize =====
2019-12-06 09:13:29,053 base line 67 [DEBUG][save] save path=../../data/feature/MyFeat1_train.pkl
2019-12-06 09:13:29,053 base line 68 [DEBUG][save] save path=../../data/feature/MyFeat1_test.pkl
2019-12-06 09:13:29,054 base line 69 [DEBUG][save] train feat size=(891, 1)
2019-12-06 09:13:29,054 base line 70 [DEBUG][save] test  feat size=(418, 1)
2019-12-06 09:13:29,056 base line 71 [DEBUG][save] train    family_size
0            2
1            2
2            1
3            2
4            1
2019-12-06 09:13:29,057 base line 72 [DEBUG][save] test    family_size
0            1
1            2
2            1
3            1
4            3
2019-12-06 09:13:29,057 base line 73 [INFO][save]  ===== finish MyFeat1 =====
2019-12-06 09:13:29,057 create_features line 55 [INFO][<module>] -------------------- end
2019-12-06 09:13:37,297 create_features line 48 [INFO][<module>] -------------------- start
2019-12-06 09:13:37,308 base line 67 [DEBUG][save] save path=../../data/feature/FamilySize_train.pkl
2019-12-06 09:13:37,308 base line 68 [DEBUG][save] save path=../../data/feature/FamilySize_test.pkl
2019-12-06 09:13:37,308 base line 69 [DEBUG][save] train feat size=(891, 1)
2019-12-06 09:13:37,308 base line 70 [DEBUG][save] test  feat size=(418, 1)
2019-12-06 09:13:37,312 base line 71 [DEBUG][save] train    family_size
0            2
1            2
2            1
3            2
4            1
2019-12-06 09:13:37,314 base line 72 [DEBUG][save] test    family_size
0            1
1            2
2            1
3            1
4            3
2019-12-06 09:13:37,314 base line 73 [INFO][save]  ===== finish FamilySize =====
2019-12-06 09:13:37,317 base line 67 [DEBUG][save] save path=../../data/feature/MyFeat1_train.pkl
2019-12-06 09:13:37,317 base line 68 [DEBUG][save] save path=../../data/feature/MyFeat1_test.pkl
2019-12-06 09:13:37,318 base line 69 [DEBUG][save] train feat size=(891, 1)
2019-12-06 09:13:37,318 base line 70 [DEBUG][save] test  feat size=(418, 1)
2019-12-06 09:13:37,320 base line 71 [DEBUG][save] train    family_size
0            2
1            2
2            1
3            2
4            1
2019-12-06 09:13:37,321 base line 72 [DEBUG][save] test    family_size
0            1
1            2
2            1
3            1
4            3
2019-12-06 09:13:37,321 base line 73 [INFO][save]  ===== finish MyFeat1 =====
2019-12-06 09:13:37,322 create_features line 55 [INFO][<module>] -------------------- end
2019-12-06 09:13:40,802 create_features line 48 [INFO][<module>] -------------------- start
2019-12-06 09:13:40,813 base line 67 [DEBUG][save] save path=../../data/feature/FamilySize_train.pkl
2019-12-06 09:13:40,813 base line 68 [DEBUG][save] save path=../../data/feature/FamilySize_test.pkl
2019-12-06 09:13:40,813 base line 69 [DEBUG][save] train feat size=(891, 1)
2019-12-06 09:13:40,813 base line 70 [DEBUG][save] test  feat size=(418, 1)
2019-12-06 09:13:40,816 base line 71 [DEBUG][save] train    family_size
0            2
1            2
2            1
3            2
4            1
2019-12-06 09:13:40,818 base line 72 [DEBUG][save] test    family_size
0            1
1            2
2            1
3            1
4            3
2019-12-06 09:13:40,818 base line 73 [INFO][save]  ===== finish FamilySize =====
2019-12-06 09:13:40,822 base line 67 [DEBUG][save] save path=../../data/feature/MyFeat1_train.pkl
2019-12-06 09:13:40,822 base line 68 [DEBUG][save] save path=../../data/feature/MyFeat1_test.pkl
2019-12-06 09:13:40,822 base line 69 [DEBUG][save] train feat size=(891, 1)
2019-12-06 09:13:40,822 base line 70 [DEBUG][save] test  feat size=(418, 1)
2019-12-06 09:13:40,824 base line 71 [DEBUG][save] train    family_size
0            2
1            2
2            1
3            2
4            1
2019-12-06 09:13:40,826 base line 72 [DEBUG][save] test    family_size
0            1
1            2
2            1
3            1
4            3
2019-12-06 09:13:40,826 base line 73 [INFO][save]  ===== finish MyFeat1 =====
2019-12-06 09:13:40,826 create_features line 55 [INFO][<module>] -------------------- end
2019-12-08 14:17:46,220 create_features line 48 [INFO][<module>] -------------------- start
2019-12-08 14:17:46,238 base line 74 [DEBUG][save] save path=../../data/feature/FamilySize_train.pkl
2019-12-08 14:17:46,238 base line 75 [DEBUG][save] save path=../../data/feature/FamilySize_test.pkl
2019-12-08 14:17:46,238 base line 76 [DEBUG][save] train feat size=(891, 1)
2019-12-08 14:17:46,238 base line 77 [DEBUG][save] test  feat size=(418, 1)
2019-12-08 14:17:46,243 base line 78 [DEBUG][save] train    family_size
0            2
1            2
2            1
3            2
4            1
2019-12-08 14:17:46,245 base line 79 [DEBUG][save] test    family_size
0            1
1            2
2            1
3            1
4            3
2019-12-08 14:17:46,245 base line 80 [INFO][save]  ===== finish FamilySize =====
2019-12-08 14:17:46,251 base line 74 [DEBUG][save] save path=../../data/feature/MyFeat1_train.pkl
2019-12-08 14:17:46,251 base line 75 [DEBUG][save] save path=../../data/feature/MyFeat1_test.pkl
2019-12-08 14:17:46,251 base line 76 [DEBUG][save] train feat size=(891, 1)
2019-12-08 14:17:46,251 base line 77 [DEBUG][save] test  feat size=(418, 1)
2019-12-08 14:17:46,254 base line 78 [DEBUG][save] train    family_size
0            2
1            2
2            1
3            2
4            1
2019-12-08 14:17:46,258 base line 79 [DEBUG][save] test    family_size
0            1
1            2
2            1
3            1
4            3
2019-12-08 14:17:46,258 base line 80 [INFO][save]  ===== finish MyFeat1 =====
2019-12-08 14:17:46,258 create_features line 55 [INFO][<module>] -------------------- end
2019-12-08 14:17:54,575 create_features line 48 [INFO][<module>] -------------------- start
2019-12-08 14:17:54,586 base line 74 [DEBUG][save] save path=../../data/feature/FamilySize_train.pkl
2019-12-08 14:17:54,586 base line 75 [DEBUG][save] save path=../../data/feature/FamilySize_test.pkl
2019-12-08 14:17:54,586 base line 76 [DEBUG][save] train feat size=(891, 1)
2019-12-08 14:17:54,586 base line 77 [DEBUG][save] test  feat size=(418, 1)
2019-12-08 14:17:54,589 base line 78 [DEBUG][save] train    family_size
0            2
1            2
2            1
3            2
4            1
2019-12-08 14:17:54,591 base line 79 [DEBUG][save] test    family_size
0            1
1            2
2            1
3            1
4            3
2019-12-08 14:17:54,591 base line 80 [INFO][save]  ===== finish FamilySize =====
2019-12-08 14:17:54,594 base line 74 [DEBUG][save] save path=../../data/feature/MyFeat1_train.pkl
2019-12-08 14:17:54,594 base line 75 [DEBUG][save] save path=../../data/feature/MyFeat1_test.pkl
2019-12-08 14:17:54,594 base line 76 [DEBUG][save] train feat size=(891, 1)
2019-12-08 14:17:54,594 base line 77 [DEBUG][save] test  feat size=(418, 1)
2019-12-08 14:17:54,596 base line 78 [DEBUG][save] train    family_size
0            2
1            2
2            1
3            2
4            1
2019-12-08 14:17:54,598 base line 79 [DEBUG][save] test    family_size
0            1
1            2
2            1
3            1
4            3
2019-12-08 14:17:54,598 base line 80 [INFO][save]  ===== finish MyFeat1 =====
2019-12-08 14:17:54,598 create_features line 55 [INFO][<module>] -------------------- end
2019-12-08 14:22:07,812 create_features line 48 [INFO][<module>] -------------------- start
2019-12-08 14:22:31,468 create_features line 48 [INFO][<module>] -------------------- start
2019-12-08 14:23:12,741 create_features line 48 [INFO][<module>] -------------------- start
2019-12-08 14:23:12,752 base line 76 [DEBUG][save] save path=../../data/feature/FamilySize_train.pkl
2019-12-08 14:23:12,752 base line 77 [DEBUG][save] save path=../../data/feature/FamilySize_test.pkl
2019-12-08 14:23:12,753 base line 78 [DEBUG][save] train feat size=(891, 1)
2019-12-08 14:23:12,753 base line 79 [DEBUG][save] test  feat size=(418, 1)
2019-12-08 14:23:12,756 base line 80 [DEBUG][save] train    family_size
0            2
1            2
2            1
3            2
4            1
2019-12-08 14:23:12,758 base line 81 [DEBUG][save] test    family_size
0            1
1            2
2            1
3            1
4            3
2019-12-08 14:23:12,758 base line 82 [INFO][save]  ===== finish FamilySize =====
2019-12-08 14:23:12,761 base line 76 [DEBUG][save] save path=../../data/feature/MyFeat1_train.pkl
2019-12-08 14:23:12,761 base line 77 [DEBUG][save] save path=../../data/feature/MyFeat1_test.pkl
2019-12-08 14:23:12,761 base line 78 [DEBUG][save] train feat size=(891, 1)
2019-12-08 14:23:12,761 base line 79 [DEBUG][save] test  feat size=(418, 1)
2019-12-08 14:23:12,763 base line 80 [DEBUG][save] train    family_size
0            2
1            2
2            1
3            2
4            1
2019-12-08 14:23:12,765 base line 81 [DEBUG][save] test    family_size
0            1
1            2
2            1
3            1
4            3
2019-12-08 14:23:12,765 base line 82 [INFO][save]  ===== finish MyFeat1 =====
2019-12-08 14:23:12,765 create_features line 55 [INFO][<module>] -------------------- end
2019-12-08 14:26:57,576 create_features line 57 [INFO][<module>] -------------------- start
2019-12-08 14:26:57,583 base line 33 [INFO][generate_features] skip FamilySize
2019-12-08 14:26:57,583 base line 33 [INFO][generate_features] skip MyFeat1
2019-12-08 14:26:57,583 create_features line 64 [INFO][<module>] -------------------- end
2019-12-08 14:27:08,677 create_features line 57 [INFO][<module>] -------------------- start
2019-12-08 14:27:08,685 base line 33 [INFO][generate_features] skip FamilySize
2019-12-08 14:27:08,686 base line 33 [INFO][generate_features] skip MyFeat1
2019-12-08 14:27:08,686 create_features line 64 [INFO][<module>] -------------------- end
2019-12-08 14:27:49,424 create_features line 48 [INFO][<module>] -------------------- start
2019-12-08 14:27:49,431 base line 33 [INFO][generate_features] skip FamilySize
2019-12-08 14:27:49,432 base line 33 [INFO][generate_features] skip MyFeat1
2019-12-08 14:27:49,432 create_features line 55 [INFO][<module>] -------------------- end
2019-12-08 14:27:54,080 create_features line 48 [INFO][<module>] -------------------- start
2019-12-08 14:27:54,087 base line 33 [INFO][generate_features] skip FamilySize
2019-12-08 14:27:54,087 base line 33 [INFO][generate_features] skip MyFeat1
2019-12-08 14:27:54,087 create_features line 55 [INFO][<module>] -------------------- end
2019-12-08 14:28:33,812 create_features line 48 [INFO][<module>] -------------------- start
2019-12-08 14:28:33,823 base line 76 [DEBUG][save] save path=../../data/feature/FamilySize_train.pkl
2019-12-08 14:28:33,823 base line 77 [DEBUG][save] save path=../../data/feature/FamilySize_test.pkl
2019-12-08 14:28:33,823 base line 78 [DEBUG][save] train feat size=(891, 1)
2019-12-08 14:28:33,823 base line 79 [DEBUG][save] test  feat size=(418, 1)
2019-12-08 14:28:33,827 base line 80 [DEBUG][save] train    family_size
0            2
1            2
2            1
3            2
4            1
2019-12-08 14:28:33,829 base line 81 [DEBUG][save] test    family_size
0            1
1            2
2            1
3            1
4            3
2019-12-08 14:28:33,829 base line 82 [INFO][save]  ===== finish FamilySize =====
2019-12-08 14:28:33,832 base line 76 [DEBUG][save] save path=../../data/feature/MyFeat1_train.pkl
2019-12-08 14:28:33,832 base line 77 [DEBUG][save] save path=../../data/feature/MyFeat1_test.pkl
2019-12-08 14:28:33,832 base line 78 [DEBUG][save] train feat size=(891, 1)
2019-12-08 14:28:33,832 base line 79 [DEBUG][save] test  feat size=(418, 1)
2019-12-08 14:28:33,834 base line 80 [DEBUG][save] train    family_size
0            2
1            2
2            1
3            2
4            1
2019-12-08 14:28:33,836 base line 81 [DEBUG][save] test    family_size
0            1
1            2
2            1
3            1
4            3
2019-12-08 14:28:33,837 base line 82 [INFO][save]  ===== finish MyFeat1 =====
2019-12-08 14:28:33,837 create_features line 55 [INFO][<module>] -------------------- end
2019-12-08 14:28:45,441 create_features line 57 [INFO][<module>] -------------------- start
2019-12-08 14:28:45,452 base line 76 [DEBUG][save] save path=../../data/feature/FamilySize_train.pkl
2019-12-08 14:28:45,452 base line 77 [DEBUG][save] save path=../../data/feature/FamilySize_test.pkl
2019-12-08 14:28:45,452 base line 78 [DEBUG][save] train feat size=(891, 1)
2019-12-08 14:28:45,452 base line 79 [DEBUG][save] test  feat size=(418, 1)
2019-12-08 14:28:45,455 base line 80 [DEBUG][save] train    family_size
0            2
1            2
2            1
3            2
4            1
2019-12-08 14:28:45,457 base line 81 [DEBUG][save] test    family_size
0            1
1            2
2            1
3            1
4            3
2019-12-08 14:28:45,457 base line 82 [INFO][save]  ===== finish FamilySize =====
2019-12-08 14:28:45,460 base line 76 [DEBUG][save] save path=../../data/feature/MyFeat1_train.pkl
2019-12-08 14:28:45,460 base line 77 [DEBUG][save] save path=../../data/feature/MyFeat1_test.pkl
2019-12-08 14:28:45,460 base line 78 [DEBUG][save] train feat size=(891, 1)
2019-12-08 14:28:45,460 base line 79 [DEBUG][save] test  feat size=(418, 1)
2019-12-08 14:28:45,462 base line 80 [DEBUG][save] train    family_size
0            2
1            2
2            1
3            2
4            1
2019-12-08 14:28:45,464 base line 81 [DEBUG][save] test    family_size
0            1
1            2
2            1
3            1
4            3
2019-12-08 14:28:45,464 base line 82 [INFO][save]  ===== finish MyFeat1 =====
2019-12-08 14:28:45,464 create_features line 64 [INFO][<module>] -------------------- end
2019-12-08 14:28:50,710 create_features line 57 [INFO][<module>] -------------------- start
2019-12-08 14:28:50,721 base line 76 [DEBUG][save] save path=../../data/feature/FamilySize_train.pkl
2019-12-08 14:28:50,721 base line 77 [DEBUG][save] save path=../../data/feature/FamilySize_test.pkl
2019-12-08 14:28:50,721 base line 78 [DEBUG][save] train feat size=(891, 1)
2019-12-08 14:28:50,721 base line 79 [DEBUG][save] test  feat size=(418, 1)
2019-12-08 14:28:50,724 base line 80 [DEBUG][save] train    family_size
0            2
1            2
2            1
3            2
4            1
2019-12-08 14:28:50,726 base line 81 [DEBUG][save] test    family_size
0            1
1            2
2            1
3            1
4            3
2019-12-08 14:28:50,726 base line 82 [INFO][save]  ===== finish FamilySize =====
2019-12-08 14:28:50,730 base line 76 [DEBUG][save] save path=../../data/feature/MyFeat1_train.pkl
2019-12-08 14:28:50,730 base line 77 [DEBUG][save] save path=../../data/feature/MyFeat1_test.pkl
2019-12-08 14:28:50,730 base line 78 [DEBUG][save] train feat size=(891, 1)
2019-12-08 14:28:50,730 base line 79 [DEBUG][save] test  feat size=(418, 1)
2019-12-08 14:28:50,732 base line 80 [DEBUG][save] train    family_size
0            2
1            2
2            1
3            2
4            1
2019-12-08 14:28:50,734 base line 81 [DEBUG][save] test    family_size
0            1
1            2
2            1
3            1
4            3
2019-12-08 14:28:50,734 base line 82 [INFO][save]  ===== finish MyFeat1 =====
2019-12-08 14:28:50,734 create_features line 64 [INFO][<module>] -------------------- end
